17-Nov-2024 22:47:27.225 INFO [main] org.apache.catalina.startup.VersionLoggerListener.log Nombre de la versión del servidor: Apache Tomcat/9.0.96
17-Nov-2024 22:47:27.240 INFO [main] org.apache.catalina.startup.VersionLoggerListener.log Server built:                      Oct 3 2024 19:44:30 UTC
17-Nov-2024 22:47:27.241 INFO [main] org.apache.catalina.startup.VersionLoggerListener.log Número de versión de servidor:     9.0.96.0
17-Nov-2024 22:47:27.242 INFO [main] org.apache.catalina.startup.VersionLoggerListener.log OS Name:                           Windows 10
17-Nov-2024 22:47:27.242 INFO [main] org.apache.catalina.startup.VersionLoggerListener.log Versión de Systema Operativo:      10.0
17-Nov-2024 22:47:27.245 INFO [main] org.apache.catalina.startup.VersionLoggerListener.log Arquitectura:                      amd64
17-Nov-2024 22:47:27.245 INFO [main] org.apache.catalina.startup.VersionLoggerListener.log Java Home:                         C:\Program Files\Java\jdk-23
17-Nov-2024 22:47:27.246 INFO [main] org.apache.catalina.startup.VersionLoggerListener.log JVM Version:                       23+37-2369
17-Nov-2024 22:47:27.247 INFO [main] org.apache.catalina.startup.VersionLoggerListener.log Vededor JVM:                       Oracle Corporation
17-Nov-2024 22:47:27.248 INFO [main] org.apache.catalina.startup.VersionLoggerListener.log CATALINA_BASE:                     C:\Users\USER\Desktop\PROGRAMACIONBRYAN\Modulo2\apache-tomcat-9.0.96-windows-x64\apache-tomcat-9.0.96
17-Nov-2024 22:47:27.249 INFO [main] org.apache.catalina.startup.VersionLoggerListener.log CATALINA_HOME:                     C:\Users\USER\Desktop\PROGRAMACIONBRYAN\Modulo2\apache-tomcat-9.0.96-windows-x64\apache-tomcat-9.0.96
17-Nov-2024 22:47:27.275 INFO [main] org.apache.catalina.startup.VersionLoggerListener.log Command line argument:             --add-opens=java.base/java.lang=ALL-UNNAMED
17-Nov-2024 22:47:27.277 INFO [main] org.apache.catalina.startup.VersionLoggerListener.log Command line argument:             --add-opens=java.base/java.io=ALL-UNNAMED
17-Nov-2024 22:47:27.278 INFO [main] org.apache.catalina.startup.VersionLoggerListener.log Command line argument:             --add-opens=java.base/java.util=ALL-UNNAMED
17-Nov-2024 22:47:27.280 INFO [main] org.apache.catalina.startup.VersionLoggerListener.log Command line argument:             --add-opens=java.base/java.util.concurrent=ALL-UNNAMED
17-Nov-2024 22:47:27.283 INFO [main] org.apache.catalina.startup.VersionLoggerListener.log Command line argument:             --add-opens=java.rmi/sun.rmi.transport=ALL-UNNAMED
17-Nov-2024 22:47:27.286 INFO [main] org.apache.catalina.startup.VersionLoggerListener.log Command line argument:             -Djava.util.logging.config.file=C:\Users\USER\Desktop\PROGRAMACIONBRYAN\Modulo2\apache-tomcat-9.0.96-windows-x64\apache-tomcat-9.0.96\conf\logging.properties
17-Nov-2024 22:47:27.288 INFO [main] org.apache.catalina.startup.VersionLoggerListener.log Command line argument:             -Djava.util.logging.manager=org.apache.juli.ClassLoaderLogManager
17-Nov-2024 22:47:27.290 INFO [main] org.apache.catalina.startup.VersionLoggerListener.log Command line argument:             -Djdk.tls.ephemeralDHKeySize=2048
17-Nov-2024 22:47:27.305 INFO [main] org.apache.catalina.startup.VersionLoggerListener.log Command line argument:             -Djava.protocol.handler.pkgs=org.apache.catalina.webresources
17-Nov-2024 22:47:27.309 INFO [main] org.apache.catalina.startup.VersionLoggerListener.log Command line argument:             -Dignore.endorsed.dirs=
17-Nov-2024 22:47:27.312 INFO [main] org.apache.catalina.startup.VersionLoggerListener.log Command line argument:             -Dcatalina.base=C:\Users\USER\Desktop\PROGRAMACIONBRYAN\Modulo2\apache-tomcat-9.0.96-windows-x64\apache-tomcat-9.0.96
17-Nov-2024 22:47:27.315 INFO [main] org.apache.catalina.startup.VersionLoggerListener.log Command line argument:             -Dcatalina.home=C:\Users\USER\Desktop\PROGRAMACIONBRYAN\Modulo2\apache-tomcat-9.0.96-windows-x64\apache-tomcat-9.0.96
17-Nov-2024 22:47:27.318 INFO [main] org.apache.catalina.startup.VersionLoggerListener.log Command line argument:             -Djava.io.tmpdir=C:\Users\USER\Desktop\PROGRAMACIONBRYAN\Modulo2\apache-tomcat-9.0.96-windows-x64\apache-tomcat-9.0.96\temp
17-Nov-2024 22:47:27.341 INFO [main] org.apache.catalina.core.AprLifecycleListener.lifecycleEvent Cargada la biblioteca nativa APR de Apache Tomcat [1.3.1] con la versión APR [1.7.4].
17-Nov-2024 22:47:27.342 INFO [main] org.apache.catalina.core.AprLifecycleListener.lifecycleEvent Capacidades APR: IPv6 [true], enviar fichero [true], aceptar filtros [false], aleatorio [true], UDS [true].
17-Nov-2024 22:47:27.347 INFO [main] org.apache.catalina.core.AprLifecycleListener.lifecycleEvent APR/OpenSSL configuration: useAprConnector [false], useOpenSSL [true]
17-Nov-2024 22:47:27.392 INFO [main] org.apache.catalina.core.AprLifecycleListener.initializeSSL OpenSSL inicializado correctamente [OpenSSL 3.0.14 4 Jun 2024]
17-Nov-2024 22:47:29.414 INFO [main] org.apache.coyote.AbstractProtocol.init Inicializando el manejador de protocolo ["http-nio-8080"]

17-Nov-2024 22:47:29.673 INFO [main] org.apache.catalina.startup.Catalina.load Server initialization in [3550] milliseconds
17-Nov-2024 22:47:29.806 WARNING [main] java.util.ArrayList.forEach Name = ConexionInventario Property maxActive is not used in DBCP2, use maxTotal instead. maxTotal default value is 8. You have set value of "100" for "maxActive" property, which is being ignored.
17-Nov-2024 22:47:29.843 WARNING [main] java.util.ArrayList.forEach Name = ConexionInventario Property maxWait is not used in DBCP2 , use maxWaitMillis instead. maxWaitMillis default value is PT-0.001S. You have set value of "10000" for "maxWait" property, which is being ignored.
17-Nov-2024 22:47:29.849 INFO [main] java.util.ArrayList.forEach Name = ConexionInventario Ignoring unknown property: value of "jdbc/ConexionInventario" for "global" property
17-Nov-2024 22:47:30.201 INFO [main] org.apache.catalina.core.StandardService.startInternal Arrancando servicio [Catalina]
17-Nov-2024 22:47:30.244 INFO [main] org.apache.catalina.core.StandardEngine.startInternal Starting Servlet engine: [Apache Tomcat/9.0.96]
17-Nov-2024 22:47:30.357 INFO [main] org.apache.catalina.startup.HostConfig.deployWAR Despliegue del archivo [C:\Users\USER\Desktop\PROGRAMACIONBRYAN\Modulo2\apache-tomcat-9.0.96-windows-x64\apache-tomcat-9.0.96\webapps\ejemploweb.war] de la aplicación web
17-Nov-2024 22:47:37.372 INFO [main] org.apache.jasper.servlet.TldScanner.scanJars Al menos un JAR, que se ha explorado buscando TLDs, aún no contenía TLDs. Activar historial de depuración para este historiador para una completa lista de los JARs que fueron explorados y de los que nos se halló TLDs. Saltarse JARs no necesarios durante la exploración puede dar lugar a una mejora de tiempo significativa en el arranque y compilación de JSP .
17-Nov-2024 22:47:43.481 INFO [main] org.apache.catalina.startup.HostConfig.deployWAR Deployment of web application archive [C:\Users\USER\Desktop\PROGRAMACIONBRYAN\Modulo2\apache-tomcat-9.0.96-windows-x64\apache-tomcat-9.0.96\webapps\ejemploweb.war] has finished in [13.123] ms
17-Nov-2024 22:47:43.497 INFO [main] org.apache.catalina.startup.HostConfig.deployWAR Despliegue del archivo [C:\Users\USER\Desktop\PROGRAMACIONBRYAN\Modulo2\apache-tomcat-9.0.96-windows-x64\apache-tomcat-9.0.96\webapps\evaluacion.war] de la aplicación web
17-Nov-2024 22:47:47.407 INFO [main] org.apache.jasper.servlet.TldScanner.scanJars Al menos un JAR, que se ha explorado buscando TLDs, aún no contenía TLDs. Activar historial de depuración para este historiador para una completa lista de los JARs que fueron explorados y de los que nos se halló TLDs. Saltarse JARs no necesarios durante la exploración puede dar lugar a una mejora de tiempo significativa en el arranque y compilación de JSP .
17-Nov-2024 22:47:50.534 INFO [main] org.apache.catalina.startup.HostConfig.deployWAR Deployment of web application archive [C:\Users\USER\Desktop\PROGRAMACIONBRYAN\Modulo2\apache-tomcat-9.0.96-windows-x64\apache-tomcat-9.0.96\webapps\evaluacion.war] has finished in [7.037] ms
17-Nov-2024 22:47:50.541 INFO [main] org.apache.catalina.startup.HostConfig.deployWAR Despliegue del archivo [C:\Users\USER\Desktop\PROGRAMACIONBRYAN\Modulo2\apache-tomcat-9.0.96-windows-x64\apache-tomcat-9.0.96\webapps\inventario.war] de la aplicación web
17-Nov-2024 22:47:53.362 INFO [main] org.apache.jasper.servlet.TldScanner.scanJars Al menos un JAR, que se ha explorado buscando TLDs, aún no contenía TLDs. Activar historial de depuración para este historiador para una completa lista de los JARs que fueron explorados y de los que nos se halló TLDs. Saltarse JARs no necesarios durante la exploración puede dar lugar a una mejora de tiempo significativa en el arranque y compilación de JSP .
17-Nov-2024 22:47:56.745 INFO [main] org.apache.catalina.startup.HostConfig.deployWAR Deployment of web application archive [C:\Users\USER\Desktop\PROGRAMACIONBRYAN\Modulo2\apache-tomcat-9.0.96-windows-x64\apache-tomcat-9.0.96\webapps\inventario.war] has finished in [6.204] ms
17-Nov-2024 22:47:56.752 INFO [main] org.apache.catalina.startup.HostConfig.deployWAR Despliegue del archivo [C:\Users\USER\Desktop\PROGRAMACIONBRYAN\Modulo2\apache-tomcat-9.0.96-windows-x64\apache-tomcat-9.0.96\webapps\inventarios.war] de la aplicación web
17-Nov-2024 22:48:00.254 INFO [main] org.apache.jasper.servlet.TldScanner.scanJars Al menos un JAR, que se ha explorado buscando TLDs, aún no contenía TLDs. Activar historial de depuración para este historiador para una completa lista de los JARs que fueron explorados y de los que nos se halló TLDs. Saltarse JARs no necesarios durante la exploración puede dar lugar a una mejora de tiempo significativa en el arranque y compilación de JSP .
17-Nov-2024 22:48:02.579 WARNING [main] org.glassfish.jersey.server.wadl.WadlFeature.configure JAXBContext implementation could not be found. WADL feature is disabled.
17-Nov-2024 22:48:05.100 INFO [main] org.apache.catalina.startup.HostConfig.deployWAR Deployment of web application archive [C:\Users\USER\Desktop\PROGRAMACIONBRYAN\Modulo2\apache-tomcat-9.0.96-windows-x64\apache-tomcat-9.0.96\webapps\inventarios.war] has finished in [8.348] ms
17-Nov-2024 22:48:05.107 INFO [main] org.apache.catalina.startup.HostConfig.deployDirectory Desplegando el directorio [C:\Users\USER\Desktop\PROGRAMACIONBRYAN\Modulo2\apache-tomcat-9.0.96-windows-x64\apache-tomcat-9.0.96\webapps\docs] de la aplicación web
17-Nov-2024 22:48:05.812 INFO [main] org.apache.jasper.servlet.TldScanner.scanJars Al menos un JAR, que se ha explorado buscando TLDs, aún no contenía TLDs. Activar historial de depuración para este historiador para una completa lista de los JARs que fueron explorados y de los que nos se halló TLDs. Saltarse JARs no necesarios durante la exploración puede dar lugar a una mejora de tiempo significativa en el arranque y compilación de JSP .
17-Nov-2024 22:48:05.831 INFO [main] org.apache.catalina.startup.HostConfig.deployDirectory Deployment of web application directory [C:\Users\USER\Desktop\PROGRAMACIONBRYAN\Modulo2\apache-tomcat-9.0.96-windows-x64\apache-tomcat-9.0.96\webapps\docs] has finished in [724] ms
17-Nov-2024 22:48:05.835 INFO [main] org.apache.catalina.startup.HostConfig.deployDirectory Desplegando el directorio [C:\Users\USER\Desktop\PROGRAMACIONBRYAN\Modulo2\apache-tomcat-9.0.96-windows-x64\apache-tomcat-9.0.96\webapps\examples] de la aplicación web
17-Nov-2024 22:48:07.940 INFO [main] org.apache.jasper.servlet.TldScanner.scanJars Al menos un JAR, que se ha explorado buscando TLDs, aún no contenía TLDs. Activar historial de depuración para este historiador para una completa lista de los JARs que fueron explorados y de los que nos se halló TLDs. Saltarse JARs no necesarios durante la exploración puede dar lugar a una mejora de tiempo significativa en el arranque y compilación de JSP .
17-Nov-2024 22:48:08.157 INFO [main] org.apache.catalina.startup.HostConfig.deployDirectory Deployment of web application directory [C:\Users\USER\Desktop\PROGRAMACIONBRYAN\Modulo2\apache-tomcat-9.0.96-windows-x64\apache-tomcat-9.0.96\webapps\examples] has finished in [2.322] ms
17-Nov-2024 22:48:08.163 INFO [main] org.apache.catalina.startup.HostConfig.deployDirectory Desplegando el directorio [C:\Users\USER\Desktop\PROGRAMACIONBRYAN\Modulo2\apache-tomcat-9.0.96-windows-x64\apache-tomcat-9.0.96\webapps\host-manager] de la aplicación web
17-Nov-2024 22:48:08.754 INFO [main] org.apache.jasper.servlet.TldScanner.scanJars Al menos un JAR, que se ha explorado buscando TLDs, aún no contenía TLDs. Activar historial de depuración para este historiador para una completa lista de los JARs que fueron explorados y de los que nos se halló TLDs. Saltarse JARs no necesarios durante la exploración puede dar lugar a una mejora de tiempo significativa en el arranque y compilación de JSP .
17-Nov-2024 22:48:08.800 INFO [main] org.apache.catalina.startup.HostConfig.deployDirectory Deployment of web application directory [C:\Users\USER\Desktop\PROGRAMACIONBRYAN\Modulo2\apache-tomcat-9.0.96-windows-x64\apache-tomcat-9.0.96\webapps\host-manager] has finished in [637] ms
17-Nov-2024 22:48:08.802 INFO [main] org.apache.catalina.startup.HostConfig.deployDirectory Desplegando el directorio [C:\Users\USER\Desktop\PROGRAMACIONBRYAN\Modulo2\apache-tomcat-9.0.96-windows-x64\apache-tomcat-9.0.96\webapps\manager] de la aplicación web
17-Nov-2024 22:48:09.478 INFO [main] org.apache.jasper.servlet.TldScanner.scanJars Al menos un JAR, que se ha explorado buscando TLDs, aún no contenía TLDs. Activar historial de depuración para este historiador para una completa lista de los JARs que fueron explorados y de los que nos se halló TLDs. Saltarse JARs no necesarios durante la exploración puede dar lugar a una mejora de tiempo significativa en el arranque y compilación de JSP .
17-Nov-2024 22:48:09.495 INFO [main] org.apache.catalina.startup.HostConfig.deployDirectory Deployment of web application directory [C:\Users\USER\Desktop\PROGRAMACIONBRYAN\Modulo2\apache-tomcat-9.0.96-windows-x64\apache-tomcat-9.0.96\webapps\manager] has finished in [693] ms
17-Nov-2024 22:48:09.498 INFO [main] org.apache.catalina.startup.HostConfig.deployDirectory Desplegando el directorio [C:\Users\USER\Desktop\PROGRAMACIONBRYAN\Modulo2\apache-tomcat-9.0.96-windows-x64\apache-tomcat-9.0.96\webapps\ROOT] de la aplicación web
17-Nov-2024 22:48:10.113 INFO [main] org.apache.jasper.servlet.TldScanner.scanJars Al menos un JAR, que se ha explorado buscando TLDs, aún no contenía TLDs. Activar historial de depuración para este historiador para una completa lista de los JARs que fueron explorados y de los que nos se halló TLDs. Saltarse JARs no necesarios durante la exploración puede dar lugar a una mejora de tiempo significativa en el arranque y compilación de JSP .
17-Nov-2024 22:48:10.129 INFO [main] org.apache.catalina.startup.HostConfig.deployDirectory Deployment of web application directory [C:\Users\USER\Desktop\PROGRAMACIONBRYAN\Modulo2\apache-tomcat-9.0.96-windows-x64\apache-tomcat-9.0.96\webapps\ROOT] has finished in [630] ms
17-Nov-2024 22:48:10.152 INFO [main] org.apache.coyote.AbstractProtocol.start Starting ProtocolHandler ["http-nio-8080"]
17-Nov-2024 22:48:10.249 INFO [main] org.apache.catalina.startup.Catalina.start Server startup in [40539] milliseconds
17-Nov-2024 23:02:30.641 INFO [main] org.apache.catalina.startup.VersionLoggerListener.log Nombre de la versión del servidor: Apache Tomcat/9.0.96
17-Nov-2024 23:02:30.660 INFO [main] org.apache.catalina.startup.VersionLoggerListener.log Server built:                      Oct 3 2024 19:44:30 UTC
17-Nov-2024 23:02:30.674 INFO [main] org.apache.catalina.startup.VersionLoggerListener.log Número de versión de servidor:     9.0.96.0
17-Nov-2024 23:02:30.680 INFO [main] org.apache.catalina.startup.VersionLoggerListener.log OS Name:                           Windows 10
17-Nov-2024 23:02:30.682 INFO [main] org.apache.catalina.startup.VersionLoggerListener.log Versión de Systema Operativo:      10.0
17-Nov-2024 23:02:30.688 INFO [main] org.apache.catalina.startup.VersionLoggerListener.log Arquitectura:                      amd64
17-Nov-2024 23:02:30.690 INFO [main] org.apache.catalina.startup.VersionLoggerListener.log Java Home:                         C:\Program Files\Java\jdk-23
17-Nov-2024 23:02:30.692 INFO [main] org.apache.catalina.startup.VersionLoggerListener.log JVM Version:                       23+37-2369
17-Nov-2024 23:02:30.693 INFO [main] org.apache.catalina.startup.VersionLoggerListener.log Vededor JVM:                       Oracle Corporation
17-Nov-2024 23:02:30.706 INFO [main] org.apache.catalina.startup.VersionLoggerListener.log CATALINA_BASE:                     C:\Users\USER\Desktop\PROGRAMACIONBRYAN\Modulo2\apache-tomcat-9.0.96-windows-x64\apache-tomcat-9.0.96
17-Nov-2024 23:02:30.708 INFO [main] org.apache.catalina.startup.VersionLoggerListener.log CATALINA_HOME:                     C:\Users\USER\Desktop\PROGRAMACIONBRYAN\Modulo2\apache-tomcat-9.0.96-windows-x64\apache-tomcat-9.0.96
17-Nov-2024 23:02:30.710 INFO [main] org.apache.catalina.startup.VersionLoggerListener.log Command line argument:             --add-opens=java.base/java.lang=ALL-UNNAMED
17-Nov-2024 23:02:30.713 INFO [main] org.apache.catalina.startup.VersionLoggerListener.log Command line argument:             --add-opens=java.base/java.io=ALL-UNNAMED
17-Nov-2024 23:02:30.714 INFO [main] org.apache.catalina.startup.VersionLoggerListener.log Command line argument:             --add-opens=java.base/java.util=ALL-UNNAMED
17-Nov-2024 23:02:30.716 INFO [main] org.apache.catalina.startup.VersionLoggerListener.log Command line argument:             --add-opens=java.base/java.util.concurrent=ALL-UNNAMED
17-Nov-2024 23:02:30.722 INFO [main] org.apache.catalina.startup.VersionLoggerListener.log Command line argument:             --add-opens=java.rmi/sun.rmi.transport=ALL-UNNAMED
17-Nov-2024 23:02:30.728 INFO [main] org.apache.catalina.startup.VersionLoggerListener.log Command line argument:             -Djava.util.logging.config.file=C:\Users\USER\Desktop\PROGRAMACIONBRYAN\Modulo2\apache-tomcat-9.0.96-windows-x64\apache-tomcat-9.0.96\conf\logging.properties
17-Nov-2024 23:02:30.731 INFO [main] org.apache.catalina.startup.VersionLoggerListener.log Command line argument:             -Djava.util.logging.manager=org.apache.juli.ClassLoaderLogManager
17-Nov-2024 23:02:30.737 INFO [main] org.apache.catalina.startup.VersionLoggerListener.log Command line argument:             -Djdk.tls.ephemeralDHKeySize=2048
17-Nov-2024 23:02:30.742 INFO [main] org.apache.catalina.startup.VersionLoggerListener.log Command line argument:             -Djava.protocol.handler.pkgs=org.apache.catalina.webresources
17-Nov-2024 23:02:30.747 INFO [main] org.apache.catalina.startup.VersionLoggerListener.log Command line argument:             -Dignore.endorsed.dirs=
17-Nov-2024 23:02:30.750 INFO [main] org.apache.catalina.startup.VersionLoggerListener.log Command line argument:             -Dcatalina.base=C:\Users\USER\Desktop\PROGRAMACIONBRYAN\Modulo2\apache-tomcat-9.0.96-windows-x64\apache-tomcat-9.0.96
17-Nov-2024 23:02:30.754 INFO [main] org.apache.catalina.startup.VersionLoggerListener.log Command line argument:             -Dcatalina.home=C:\Users\USER\Desktop\PROGRAMACIONBRYAN\Modulo2\apache-tomcat-9.0.96-windows-x64\apache-tomcat-9.0.96
17-Nov-2024 23:02:30.757 INFO [main] org.apache.catalina.startup.VersionLoggerListener.log Command line argument:             -Djava.io.tmpdir=C:\Users\USER\Desktop\PROGRAMACIONBRYAN\Modulo2\apache-tomcat-9.0.96-windows-x64\apache-tomcat-9.0.96\temp
17-Nov-2024 23:02:30.774 INFO [main] org.apache.catalina.core.AprLifecycleListener.lifecycleEvent Cargada la biblioteca nativa APR de Apache Tomcat [1.3.1] con la versión APR [1.7.4].
17-Nov-2024 23:02:30.775 INFO [main] org.apache.catalina.core.AprLifecycleListener.lifecycleEvent Capacidades APR: IPv6 [true], enviar fichero [true], aceptar filtros [false], aleatorio [true], UDS [true].
17-Nov-2024 23:02:30.780 INFO [main] org.apache.catalina.core.AprLifecycleListener.lifecycleEvent APR/OpenSSL configuration: useAprConnector [false], useOpenSSL [true]
17-Nov-2024 23:02:30.805 INFO [main] org.apache.catalina.core.AprLifecycleListener.initializeSSL OpenSSL inicializado correctamente [OpenSSL 3.0.14 4 Jun 2024]
17-Nov-2024 23:02:33.330 INFO [main] org.apache.coyote.AbstractProtocol.init Inicializando el manejador de protocolo ["http-nio-8080"]

17-Nov-2024 23:02:33.484 INFO [main] org.apache.catalina.startup.Catalina.load Server initialization in [4187] milliseconds
17-Nov-2024 23:02:33.594 WARNING [main] java.util.ArrayList.forEach Name = ConexionInventario Property maxActive is not used in DBCP2, use maxTotal instead. maxTotal default value is 8. You have set value of "100" for "maxActive" property, which is being ignored.
17-Nov-2024 23:02:33.611 WARNING [main] java.util.ArrayList.forEach Name = ConexionInventario Property maxWait is not used in DBCP2 , use maxWaitMillis instead. maxWaitMillis default value is PT-0.001S. You have set value of "10000" for "maxWait" property, which is being ignored.
17-Nov-2024 23:02:33.618 INFO [main] java.util.ArrayList.forEach Name = ConexionInventario Ignoring unknown property: value of "jdbc/ConexionInventario" for "global" property
17-Nov-2024 23:02:33.889 INFO [main] org.apache.catalina.core.StandardService.startInternal Arrancando servicio [Catalina]
17-Nov-2024 23:02:33.895 INFO [main] org.apache.catalina.core.StandardEngine.startInternal Starting Servlet engine: [Apache Tomcat/9.0.96]
17-Nov-2024 23:02:34.014 INFO [main] org.apache.catalina.startup.HostConfig.deployWAR Despliegue del archivo [C:\Users\USER\Desktop\PROGRAMACIONBRYAN\Modulo2\apache-tomcat-9.0.96-windows-x64\apache-tomcat-9.0.96\webapps\ejemploweb.war] de la aplicación web
17-Nov-2024 23:02:40.443 INFO [main] org.apache.jasper.servlet.TldScanner.scanJars Al menos un JAR, que se ha explorado buscando TLDs, aún no contenía TLDs. Activar historial de depuración para este historiador para una completa lista de los JARs que fueron explorados y de los que nos se halló TLDs. Saltarse JARs no necesarios durante la exploración puede dar lugar a una mejora de tiempo significativa en el arranque y compilación de JSP .
17-Nov-2024 23:02:46.353 INFO [main] org.apache.catalina.startup.HostConfig.deployWAR Deployment of web application archive [C:\Users\USER\Desktop\PROGRAMACIONBRYAN\Modulo2\apache-tomcat-9.0.96-windows-x64\apache-tomcat-9.0.96\webapps\ejemploweb.war] has finished in [12.337] ms
17-Nov-2024 23:02:46.367 INFO [main] org.apache.catalina.startup.HostConfig.deployWAR Despliegue del archivo [C:\Users\USER\Desktop\PROGRAMACIONBRYAN\Modulo2\apache-tomcat-9.0.96-windows-x64\apache-tomcat-9.0.96\webapps\evaluacion.war] de la aplicación web
17-Nov-2024 23:02:50.790 INFO [main] org.apache.jasper.servlet.TldScanner.scanJars Al menos un JAR, que se ha explorado buscando TLDs, aún no contenía TLDs. Activar historial de depuración para este historiador para una completa lista de los JARs que fueron explorados y de los que nos se halló TLDs. Saltarse JARs no necesarios durante la exploración puede dar lugar a una mejora de tiempo significativa en el arranque y compilación de JSP .
17-Nov-2024 23:02:54.064 INFO [main] org.apache.catalina.startup.HostConfig.deployWAR Deployment of web application archive [C:\Users\USER\Desktop\PROGRAMACIONBRYAN\Modulo2\apache-tomcat-9.0.96-windows-x64\apache-tomcat-9.0.96\webapps\evaluacion.war] has finished in [7.697] ms
17-Nov-2024 23:02:54.071 INFO [main] org.apache.catalina.startup.HostConfig.deployWAR Despliegue del archivo [C:\Users\USER\Desktop\PROGRAMACIONBRYAN\Modulo2\apache-tomcat-9.0.96-windows-x64\apache-tomcat-9.0.96\webapps\inventario.war] de la aplicación web
17-Nov-2024 23:02:56.830 INFO [main] org.apache.jasper.servlet.TldScanner.scanJars Al menos un JAR, que se ha explorado buscando TLDs, aún no contenía TLDs. Activar historial de depuración para este historiador para una completa lista de los JARs que fueron explorados y de los que nos se halló TLDs. Saltarse JARs no necesarios durante la exploración puede dar lugar a una mejora de tiempo significativa en el arranque y compilación de JSP .
17-Nov-2024 23:03:00.155 INFO [main] org.apache.catalina.startup.HostConfig.deployWAR Deployment of web application archive [C:\Users\USER\Desktop\PROGRAMACIONBRYAN\Modulo2\apache-tomcat-9.0.96-windows-x64\apache-tomcat-9.0.96\webapps\inventario.war] has finished in [6.083] ms
17-Nov-2024 23:03:00.166 INFO [main] org.apache.catalina.startup.HostConfig.deployWAR Despliegue del archivo [C:\Users\USER\Desktop\PROGRAMACIONBRYAN\Modulo2\apache-tomcat-9.0.96-windows-x64\apache-tomcat-9.0.96\webapps\inventarios.war] de la aplicación web
17-Nov-2024 23:03:00.188 INFO [main] org.apache.catalina.startup.ExpandWar.expand An expanded directory [C:\Users\USER\Desktop\PROGRAMACIONBRYAN\Modulo2\apache-tomcat-9.0.96-windows-x64\apache-tomcat-9.0.96\webapps\inventarios] was found with a last modified time that did not match the associated WAR. It will be deleted.
17-Nov-2024 23:03:03.559 INFO [main] org.apache.jasper.servlet.TldScanner.scanJars Al menos un JAR, que se ha explorado buscando TLDs, aún no contenía TLDs. Activar historial de depuración para este historiador para una completa lista de los JARs que fueron explorados y de los que nos se halló TLDs. Saltarse JARs no necesarios durante la exploración puede dar lugar a una mejora de tiempo significativa en el arranque y compilación de JSP .
17-Nov-2024 23:03:05.323 WARNING [main] org.glassfish.jersey.server.wadl.WadlFeature.configure JAXBContext implementation could not be found. WADL feature is disabled.
17-Nov-2024 23:03:07.417 INFO [main] org.apache.catalina.startup.HostConfig.deployWAR Deployment of web application archive [C:\Users\USER\Desktop\PROGRAMACIONBRYAN\Modulo2\apache-tomcat-9.0.96-windows-x64\apache-tomcat-9.0.96\webapps\inventarios.war] has finished in [7.251] ms
17-Nov-2024 23:03:07.420 INFO [main] org.apache.catalina.startup.HostConfig.deployDirectory Desplegando el directorio [C:\Users\USER\Desktop\PROGRAMACIONBRYAN\Modulo2\apache-tomcat-9.0.96-windows-x64\apache-tomcat-9.0.96\webapps\docs] de la aplicación web
17-Nov-2024 23:03:07.857 INFO [main] org.apache.jasper.servlet.TldScanner.scanJars Al menos un JAR, que se ha explorado buscando TLDs, aún no contenía TLDs. Activar historial de depuración para este historiador para una completa lista de los JARs que fueron explorados y de los que nos se halló TLDs. Saltarse JARs no necesarios durante la exploración puede dar lugar a una mejora de tiempo significativa en el arranque y compilación de JSP .
17-Nov-2024 23:03:07.869 INFO [main] org.apache.catalina.startup.HostConfig.deployDirectory Deployment of web application directory [C:\Users\USER\Desktop\PROGRAMACIONBRYAN\Modulo2\apache-tomcat-9.0.96-windows-x64\apache-tomcat-9.0.96\webapps\docs] has finished in [448] ms
17-Nov-2024 23:03:07.870 INFO [main] org.apache.catalina.startup.HostConfig.deployDirectory Desplegando el directorio [C:\Users\USER\Desktop\PROGRAMACIONBRYAN\Modulo2\apache-tomcat-9.0.96-windows-x64\apache-tomcat-9.0.96\webapps\examples] de la aplicación web
17-Nov-2024 23:03:09.680 INFO [main] org.apache.jasper.servlet.TldScanner.scanJars Al menos un JAR, que se ha explorado buscando TLDs, aún no contenía TLDs. Activar historial de depuración para este historiador para una completa lista de los JARs que fueron explorados y de los que nos se halló TLDs. Saltarse JARs no necesarios durante la exploración puede dar lugar a una mejora de tiempo significativa en el arranque y compilación de JSP .
17-Nov-2024 23:03:09.871 INFO [main] org.apache.catalina.startup.HostConfig.deployDirectory Deployment of web application directory [C:\Users\USER\Desktop\PROGRAMACIONBRYAN\Modulo2\apache-tomcat-9.0.96-windows-x64\apache-tomcat-9.0.96\webapps\examples] has finished in [2.001] ms
17-Nov-2024 23:03:09.877 INFO [main] org.apache.catalina.startup.HostConfig.deployDirectory Desplegando el directorio [C:\Users\USER\Desktop\PROGRAMACIONBRYAN\Modulo2\apache-tomcat-9.0.96-windows-x64\apache-tomcat-9.0.96\webapps\host-manager] de la aplicación web
17-Nov-2024 23:03:10.547 INFO [main] org.apache.jasper.servlet.TldScanner.scanJars Al menos un JAR, que se ha explorado buscando TLDs, aún no contenía TLDs. Activar historial de depuración para este historiador para una completa lista de los JARs que fueron explorados y de los que nos se halló TLDs. Saltarse JARs no necesarios durante la exploración puede dar lugar a una mejora de tiempo significativa en el arranque y compilación de JSP .
17-Nov-2024 23:03:10.567 INFO [main] org.apache.catalina.startup.HostConfig.deployDirectory Deployment of web application directory [C:\Users\USER\Desktop\PROGRAMACIONBRYAN\Modulo2\apache-tomcat-9.0.96-windows-x64\apache-tomcat-9.0.96\webapps\host-manager] has finished in [691] ms
17-Nov-2024 23:03:10.569 INFO [main] org.apache.catalina.startup.HostConfig.deployDirectory Desplegando el directorio [C:\Users\USER\Desktop\PROGRAMACIONBRYAN\Modulo2\apache-tomcat-9.0.96-windows-x64\apache-tomcat-9.0.96\webapps\manager] de la aplicación web
17-Nov-2024 23:03:10.984 INFO [main] org.apache.jasper.servlet.TldScanner.scanJars Al menos un JAR, que se ha explorado buscando TLDs, aún no contenía TLDs. Activar historial de depuración para este historiador para una completa lista de los JARs que fueron explorados y de los que nos se halló TLDs. Saltarse JARs no necesarios durante la exploración puede dar lugar a una mejora de tiempo significativa en el arranque y compilación de JSP .
17-Nov-2024 23:03:11.000 INFO [main] org.apache.catalina.startup.HostConfig.deployDirectory Deployment of web application directory [C:\Users\USER\Desktop\PROGRAMACIONBRYAN\Modulo2\apache-tomcat-9.0.96-windows-x64\apache-tomcat-9.0.96\webapps\manager] has finished in [428] ms
17-Nov-2024 23:03:11.002 INFO [main] org.apache.catalina.startup.HostConfig.deployDirectory Desplegando el directorio [C:\Users\USER\Desktop\PROGRAMACIONBRYAN\Modulo2\apache-tomcat-9.0.96-windows-x64\apache-tomcat-9.0.96\webapps\ROOT] de la aplicación web
17-Nov-2024 23:03:11.353 INFO [main] org.apache.jasper.servlet.TldScanner.scanJars Al menos un JAR, que se ha explorado buscando TLDs, aún no contenía TLDs. Activar historial de depuración para este historiador para una completa lista de los JARs que fueron explorados y de los que nos se halló TLDs. Saltarse JARs no necesarios durante la exploración puede dar lugar a una mejora de tiempo significativa en el arranque y compilación de JSP .
17-Nov-2024 23:03:11.366 INFO [main] org.apache.catalina.startup.HostConfig.deployDirectory Deployment of web application directory [C:\Users\USER\Desktop\PROGRAMACIONBRYAN\Modulo2\apache-tomcat-9.0.96-windows-x64\apache-tomcat-9.0.96\webapps\ROOT] has finished in [364] ms
17-Nov-2024 23:03:11.381 INFO [main] org.apache.coyote.AbstractProtocol.start Starting ProtocolHandler ["http-nio-8080"]
17-Nov-2024 23:03:11.473 INFO [main] org.apache.catalina.startup.Catalina.start Server startup in [37979] milliseconds
17-Nov-2024 23:58:34.163 INFO [main] org.apache.catalina.startup.VersionLoggerListener.log Nombre de la versión del servidor: Apache Tomcat/9.0.96
17-Nov-2024 23:58:34.282 INFO [main] org.apache.catalina.startup.VersionLoggerListener.log Server built:                      Oct 3 2024 19:44:30 UTC
17-Nov-2024 23:58:34.309 INFO [main] org.apache.catalina.startup.VersionLoggerListener.log Número de versión de servidor:     9.0.96.0
17-Nov-2024 23:58:34.311 INFO [main] org.apache.catalina.startup.VersionLoggerListener.log OS Name:                           Windows 10
17-Nov-2024 23:58:34.312 INFO [main] org.apache.catalina.startup.VersionLoggerListener.log Versión de Systema Operativo:      10.0
17-Nov-2024 23:58:34.314 INFO [main] org.apache.catalina.startup.VersionLoggerListener.log Arquitectura:                      amd64
17-Nov-2024 23:58:34.315 INFO [main] org.apache.catalina.startup.VersionLoggerListener.log Java Home:                         C:\Program Files\Java\jdk-23
17-Nov-2024 23:58:34.316 INFO [main] org.apache.catalina.startup.VersionLoggerListener.log JVM Version:                       23+37-2369
17-Nov-2024 23:58:34.316 INFO [main] org.apache.catalina.startup.VersionLoggerListener.log Vededor JVM:                       Oracle Corporation
17-Nov-2024 23:58:34.318 INFO [main] org.apache.catalina.startup.VersionLoggerListener.log CATALINA_BASE:                     C:\Users\USER\Desktop\PROGRAMACIONBRYAN\Modulo2\apache-tomcat-9.0.96-windows-x64\apache-tomcat-9.0.96
17-Nov-2024 23:58:34.320 INFO [main] org.apache.catalina.startup.VersionLoggerListener.log CATALINA_HOME:                     C:\Users\USER\Desktop\PROGRAMACIONBRYAN\Modulo2\apache-tomcat-9.0.96-windows-x64\apache-tomcat-9.0.96
17-Nov-2024 23:58:34.323 INFO [main] org.apache.catalina.startup.VersionLoggerListener.log Command line argument:             --add-opens=java.base/java.lang=ALL-UNNAMED
17-Nov-2024 23:58:34.324 INFO [main] org.apache.catalina.startup.VersionLoggerListener.log Command line argument:             --add-opens=java.base/java.io=ALL-UNNAMED
17-Nov-2024 23:58:34.325 INFO [main] org.apache.catalina.startup.VersionLoggerListener.log Command line argument:             --add-opens=java.base/java.util=ALL-UNNAMED
17-Nov-2024 23:58:34.325 INFO [main] org.apache.catalina.startup.VersionLoggerListener.log Command line argument:             --add-opens=java.base/java.util.concurrent=ALL-UNNAMED
17-Nov-2024 23:58:34.326 INFO [main] org.apache.catalina.startup.VersionLoggerListener.log Command line argument:             --add-opens=java.rmi/sun.rmi.transport=ALL-UNNAMED
17-Nov-2024 23:58:34.327 INFO [main] org.apache.catalina.startup.VersionLoggerListener.log Command line argument:             -Djava.util.logging.config.file=C:\Users\USER\Desktop\PROGRAMACIONBRYAN\Modulo2\apache-tomcat-9.0.96-windows-x64\apache-tomcat-9.0.96\conf\logging.properties
17-Nov-2024 23:58:34.329 INFO [main] org.apache.catalina.startup.VersionLoggerListener.log Command line argument:             -Djava.util.logging.manager=org.apache.juli.ClassLoaderLogManager
17-Nov-2024 23:58:34.332 INFO [main] org.apache.catalina.startup.VersionLoggerListener.log Command line argument:             -Djdk.tls.ephemeralDHKeySize=2048
17-Nov-2024 23:58:34.334 INFO [main] org.apache.catalina.startup.VersionLoggerListener.log Command line argument:             -Djava.protocol.handler.pkgs=org.apache.catalina.webresources
17-Nov-2024 23:58:34.340 INFO [main] org.apache.catalina.startup.VersionLoggerListener.log Command line argument:             -Dignore.endorsed.dirs=
17-Nov-2024 23:58:34.341 INFO [main] org.apache.catalina.startup.VersionLoggerListener.log Command line argument:             -Dcatalina.base=C:\Users\USER\Desktop\PROGRAMACIONBRYAN\Modulo2\apache-tomcat-9.0.96-windows-x64\apache-tomcat-9.0.96
17-Nov-2024 23:58:34.342 INFO [main] org.apache.catalina.startup.VersionLoggerListener.log Command line argument:             -Dcatalina.home=C:\Users\USER\Desktop\PROGRAMACIONBRYAN\Modulo2\apache-tomcat-9.0.96-windows-x64\apache-tomcat-9.0.96
17-Nov-2024 23:58:34.343 INFO [main] org.apache.catalina.startup.VersionLoggerListener.log Command line argument:             -Djava.io.tmpdir=C:\Users\USER\Desktop\PROGRAMACIONBRYAN\Modulo2\apache-tomcat-9.0.96-windows-x64\apache-tomcat-9.0.96\temp
17-Nov-2024 23:58:34.360 INFO [main] org.apache.catalina.core.AprLifecycleListener.lifecycleEvent Cargada la biblioteca nativa APR de Apache Tomcat [1.3.1] con la versión APR [1.7.4].
17-Nov-2024 23:58:34.368 INFO [main] org.apache.catalina.core.AprLifecycleListener.lifecycleEvent Capacidades APR: IPv6 [true], enviar fichero [true], aceptar filtros [false], aleatorio [true], UDS [true].
17-Nov-2024 23:58:34.373 INFO [main] org.apache.catalina.core.AprLifecycleListener.lifecycleEvent APR/OpenSSL configuration: useAprConnector [false], useOpenSSL [true]
17-Nov-2024 23:58:34.421 INFO [main] org.apache.catalina.core.AprLifecycleListener.initializeSSL OpenSSL inicializado correctamente [OpenSSL 3.0.14 4 Jun 2024]
17-Nov-2024 23:58:37.178 INFO [main] org.apache.coyote.AbstractProtocol.init Inicializando el manejador de protocolo ["http-nio-8080"]

17-Nov-2024 23:58:37.298 INFO [main] org.apache.catalina.startup.Catalina.load Server initialization in [4321] milliseconds
17-Nov-2024 23:58:37.387 WARNING [main] java.util.ArrayList.forEach Name = ConexionInventario Property maxActive is not used in DBCP2, use maxTotal instead. maxTotal default value is 8. You have set value of "100" for "maxActive" property, which is being ignored.
17-Nov-2024 23:58:37.389 WARNING [main] java.util.ArrayList.forEach Name = ConexionInventario Property maxWait is not used in DBCP2 , use maxWaitMillis instead. maxWaitMillis default value is PT-0.001S. You have set value of "10000" for "maxWait" property, which is being ignored.
17-Nov-2024 23:58:37.391 INFO [main] java.util.ArrayList.forEach Name = ConexionInventario Ignoring unknown property: value of "jdbc/ConexionInventario" for "global" property
17-Nov-2024 23:58:37.679 INFO [main] org.apache.catalina.core.StandardService.startInternal Arrancando servicio [Catalina]
17-Nov-2024 23:58:37.683 INFO [main] org.apache.catalina.core.StandardEngine.startInternal Starting Servlet engine: [Apache Tomcat/9.0.96]
17-Nov-2024 23:58:37.760 INFO [main] org.apache.catalina.startup.HostConfig.deployWAR Despliegue del archivo [C:\Users\USER\Desktop\PROGRAMACIONBRYAN\Modulo2\apache-tomcat-9.0.96-windows-x64\apache-tomcat-9.0.96\webapps\ejemploweb.war] de la aplicación web
17-Nov-2024 23:58:43.516 INFO [main] org.apache.jasper.servlet.TldScanner.scanJars Al menos un JAR, que se ha explorado buscando TLDs, aún no contenía TLDs. Activar historial de depuración para este historiador para una completa lista de los JARs que fueron explorados y de los que nos se halló TLDs. Saltarse JARs no necesarios durante la exploración puede dar lugar a una mejora de tiempo significativa en el arranque y compilación de JSP .
17-Nov-2024 23:58:51.637 INFO [main] org.apache.catalina.startup.HostConfig.deployWAR Deployment of web application archive [C:\Users\USER\Desktop\PROGRAMACIONBRYAN\Modulo2\apache-tomcat-9.0.96-windows-x64\apache-tomcat-9.0.96\webapps\ejemploweb.war] has finished in [13.875] ms
17-Nov-2024 23:58:51.678 INFO [main] org.apache.catalina.startup.HostConfig.deployWAR Despliegue del archivo [C:\Users\USER\Desktop\PROGRAMACIONBRYAN\Modulo2\apache-tomcat-9.0.96-windows-x64\apache-tomcat-9.0.96\webapps\evaluacion.war] de la aplicación web
17-Nov-2024 23:59:00.118 INFO [main] org.apache.jasper.servlet.TldScanner.scanJars Al menos un JAR, que se ha explorado buscando TLDs, aún no contenía TLDs. Activar historial de depuración para este historiador para una completa lista de los JARs que fueron explorados y de los que nos se halló TLDs. Saltarse JARs no necesarios durante la exploración puede dar lugar a una mejora de tiempo significativa en el arranque y compilación de JSP .
17-Nov-2024 23:59:09.188 INFO [main] org.apache.catalina.startup.HostConfig.deployWAR Deployment of web application archive [C:\Users\USER\Desktop\PROGRAMACIONBRYAN\Modulo2\apache-tomcat-9.0.96-windows-x64\apache-tomcat-9.0.96\webapps\evaluacion.war] has finished in [17.510] ms
17-Nov-2024 23:59:09.198 INFO [main] org.apache.catalina.startup.HostConfig.deployWAR Despliegue del archivo [C:\Users\USER\Desktop\PROGRAMACIONBRYAN\Modulo2\apache-tomcat-9.0.96-windows-x64\apache-tomcat-9.0.96\webapps\inventario.war] de la aplicación web
17-Nov-2024 23:59:15.941 INFO [main] org.apache.jasper.servlet.TldScanner.scanJars Al menos un JAR, que se ha explorado buscando TLDs, aún no contenía TLDs. Activar historial de depuración para este historiador para una completa lista de los JARs que fueron explorados y de los que nos se halló TLDs. Saltarse JARs no necesarios durante la exploración puede dar lugar a una mejora de tiempo significativa en el arranque y compilación de JSP .
17-Nov-2024 23:59:22.021 INFO [main] org.apache.catalina.startup.HostConfig.deployWAR Deployment of web application archive [C:\Users\USER\Desktop\PROGRAMACIONBRYAN\Modulo2\apache-tomcat-9.0.96-windows-x64\apache-tomcat-9.0.96\webapps\inventario.war] has finished in [12.822] ms
17-Nov-2024 23:59:22.028 INFO [main] org.apache.catalina.startup.HostConfig.deployWAR Despliegue del archivo [C:\Users\USER\Desktop\PROGRAMACIONBRYAN\Modulo2\apache-tomcat-9.0.96-windows-x64\apache-tomcat-9.0.96\webapps\inventarios.war] de la aplicación web
17-Nov-2024 23:59:22.126 INFO [main] org.apache.catalina.startup.ExpandWar.expand An expanded directory [C:\Users\USER\Desktop\PROGRAMACIONBRYAN\Modulo2\apache-tomcat-9.0.96-windows-x64\apache-tomcat-9.0.96\webapps\inventarios] was found with a last modified time that did not match the associated WAR. It will be deleted.
17-Nov-2024 23:59:26.830 INFO [main] org.apache.jasper.servlet.TldScanner.scanJars Al menos un JAR, que se ha explorado buscando TLDs, aún no contenía TLDs. Activar historial de depuración para este historiador para una completa lista de los JARs que fueron explorados y de los que nos se halló TLDs. Saltarse JARs no necesarios durante la exploración puede dar lugar a una mejora de tiempo significativa en el arranque y compilación de JSP .
17-Nov-2024 23:59:29.342 WARNING [main] org.glassfish.jersey.server.wadl.WadlFeature.configure JAXBContext implementation could not be found. WADL feature is disabled.
17-Nov-2024 23:59:32.274 INFO [main] org.apache.catalina.startup.HostConfig.deployWAR Deployment of web application archive [C:\Users\USER\Desktop\PROGRAMACIONBRYAN\Modulo2\apache-tomcat-9.0.96-windows-x64\apache-tomcat-9.0.96\webapps\inventarios.war] has finished in [10.247] ms
17-Nov-2024 23:59:32.276 INFO [main] org.apache.catalina.startup.HostConfig.deployDirectory Desplegando el directorio [C:\Users\USER\Desktop\PROGRAMACIONBRYAN\Modulo2\apache-tomcat-9.0.96-windows-x64\apache-tomcat-9.0.96\webapps\docs] de la aplicación web
17-Nov-2024 23:59:33.716 INFO [main] org.apache.jasper.servlet.TldScanner.scanJars Al menos un JAR, que se ha explorado buscando TLDs, aún no contenía TLDs. Activar historial de depuración para este historiador para una completa lista de los JARs que fueron explorados y de los que nos se halló TLDs. Saltarse JARs no necesarios durante la exploración puede dar lugar a una mejora de tiempo significativa en el arranque y compilación de JSP .
17-Nov-2024 23:59:33.735 INFO [main] org.apache.catalina.startup.HostConfig.deployDirectory Deployment of web application directory [C:\Users\USER\Desktop\PROGRAMACIONBRYAN\Modulo2\apache-tomcat-9.0.96-windows-x64\apache-tomcat-9.0.96\webapps\docs] has finished in [1.459] ms
17-Nov-2024 23:59:33.738 INFO [main] org.apache.catalina.startup.HostConfig.deployDirectory Desplegando el directorio [C:\Users\USER\Desktop\PROGRAMACIONBRYAN\Modulo2\apache-tomcat-9.0.96-windows-x64\apache-tomcat-9.0.96\webapps\examples] de la aplicación web
17-Nov-2024 23:59:36.384 INFO [main] org.apache.jasper.servlet.TldScanner.scanJars Al menos un JAR, que se ha explorado buscando TLDs, aún no contenía TLDs. Activar historial de depuración para este historiador para una completa lista de los JARs que fueron explorados y de los que nos se halló TLDs. Saltarse JARs no necesarios durante la exploración puede dar lugar a una mejora de tiempo significativa en el arranque y compilación de JSP .
17-Nov-2024 23:59:36.961 INFO [main] org.apache.catalina.startup.HostConfig.deployDirectory Deployment of web application directory [C:\Users\USER\Desktop\PROGRAMACIONBRYAN\Modulo2\apache-tomcat-9.0.96-windows-x64\apache-tomcat-9.0.96\webapps\examples] has finished in [3.222] ms
17-Nov-2024 23:59:36.964 INFO [main] org.apache.catalina.startup.HostConfig.deployDirectory Desplegando el directorio [C:\Users\USER\Desktop\PROGRAMACIONBRYAN\Modulo2\apache-tomcat-9.0.96-windows-x64\apache-tomcat-9.0.96\webapps\host-manager] de la aplicación web
17-Nov-2024 23:59:38.431 INFO [main] org.apache.jasper.servlet.TldScanner.scanJars Al menos un JAR, que se ha explorado buscando TLDs, aún no contenía TLDs. Activar historial de depuración para este historiador para una completa lista de los JARs que fueron explorados y de los que nos se halló TLDs. Saltarse JARs no necesarios durante la exploración puede dar lugar a una mejora de tiempo significativa en el arranque y compilación de JSP .
17-Nov-2024 23:59:38.506 INFO [main] org.apache.catalina.startup.HostConfig.deployDirectory Deployment of web application directory [C:\Users\USER\Desktop\PROGRAMACIONBRYAN\Modulo2\apache-tomcat-9.0.96-windows-x64\apache-tomcat-9.0.96\webapps\host-manager] has finished in [1.542] ms
17-Nov-2024 23:59:38.509 INFO [main] org.apache.catalina.startup.HostConfig.deployDirectory Desplegando el directorio [C:\Users\USER\Desktop\PROGRAMACIONBRYAN\Modulo2\apache-tomcat-9.0.96-windows-x64\apache-tomcat-9.0.96\webapps\manager] de la aplicación web
17-Nov-2024 23:59:39.375 INFO [main] org.apache.jasper.servlet.TldScanner.scanJars Al menos un JAR, que se ha explorado buscando TLDs, aún no contenía TLDs. Activar historial de depuración para este historiador para una completa lista de los JARs que fueron explorados y de los que nos se halló TLDs. Saltarse JARs no necesarios durante la exploración puede dar lugar a una mejora de tiempo significativa en el arranque y compilación de JSP .
17-Nov-2024 23:59:39.424 INFO [main] org.apache.catalina.startup.HostConfig.deployDirectory Deployment of web application directory [C:\Users\USER\Desktop\PROGRAMACIONBRYAN\Modulo2\apache-tomcat-9.0.96-windows-x64\apache-tomcat-9.0.96\webapps\manager] has finished in [878] ms
17-Nov-2024 23:59:39.434 INFO [main] org.apache.catalina.startup.HostConfig.deployDirectory Desplegando el directorio [C:\Users\USER\Desktop\PROGRAMACIONBRYAN\Modulo2\apache-tomcat-9.0.96-windows-x64\apache-tomcat-9.0.96\webapps\ROOT] de la aplicación web
17-Nov-2024 23:59:40.065 INFO [main] org.apache.jasper.servlet.TldScanner.scanJars Al menos un JAR, que se ha explorado buscando TLDs, aún no contenía TLDs. Activar historial de depuración para este historiador para una completa lista de los JARs que fueron explorados y de los que nos se halló TLDs. Saltarse JARs no necesarios durante la exploración puede dar lugar a una mejora de tiempo significativa en el arranque y compilación de JSP .
17-Nov-2024 23:59:40.073 INFO [main] org.apache.catalina.startup.HostConfig.deployDirectory Deployment of web application directory [C:\Users\USER\Desktop\PROGRAMACIONBRYAN\Modulo2\apache-tomcat-9.0.96-windows-x64\apache-tomcat-9.0.96\webapps\ROOT] has finished in [640] ms
17-Nov-2024 23:59:40.093 INFO [main] org.apache.coyote.AbstractProtocol.start Starting ProtocolHandler ["http-nio-8080"]
17-Nov-2024 23:59:40.201 INFO [main] org.apache.catalina.startup.Catalina.start Server startup in [62897] milliseconds
