25-Nov-2024 22:17:07.060 INFO [main] org.apache.catalina.startup.VersionLoggerListener.log Nombre de la versión del servidor: Apache Tomcat/9.0.96
25-Nov-2024 22:17:07.077 INFO [main] org.apache.catalina.startup.VersionLoggerListener.log Server built:                      Oct 3 2024 19:44:30 UTC
25-Nov-2024 22:17:07.079 INFO [main] org.apache.catalina.startup.VersionLoggerListener.log Número de versión de servidor:     9.0.96.0
25-Nov-2024 22:17:07.080 INFO [main] org.apache.catalina.startup.VersionLoggerListener.log OS Name:                           Windows 10
25-Nov-2024 22:17:07.081 INFO [main] org.apache.catalina.startup.VersionLoggerListener.log Versión de Systema Operativo:      10.0
25-Nov-2024 22:17:07.083 INFO [main] org.apache.catalina.startup.VersionLoggerListener.log Arquitectura:                      amd64
25-Nov-2024 22:17:07.084 INFO [main] org.apache.catalina.startup.VersionLoggerListener.log Java Home:                         C:\Program Files\Java\jdk-23
25-Nov-2024 22:17:07.085 INFO [main] org.apache.catalina.startup.VersionLoggerListener.log JVM Version:                       23+37-2369
25-Nov-2024 22:17:07.086 INFO [main] org.apache.catalina.startup.VersionLoggerListener.log Vededor JVM:                       Oracle Corporation
25-Nov-2024 22:17:07.088 INFO [main] org.apache.catalina.startup.VersionLoggerListener.log CATALINA_BASE:                     C:\Users\USER\Desktop\PROGRAMACIONBRYAN\Modulo2\apache-tomcat-9.0.96-windows-x64\apache-tomcat-9.0.96
25-Nov-2024 22:17:07.089 INFO [main] org.apache.catalina.startup.VersionLoggerListener.log CATALINA_HOME:                     C:\Users\USER\Desktop\PROGRAMACIONBRYAN\Modulo2\apache-tomcat-9.0.96-windows-x64\apache-tomcat-9.0.96
25-Nov-2024 22:17:07.132 INFO [main] org.apache.catalina.startup.VersionLoggerListener.log Command line argument:             --add-opens=java.base/java.lang=ALL-UNNAMED
25-Nov-2024 22:17:07.135 INFO [main] org.apache.catalina.startup.VersionLoggerListener.log Command line argument:             --add-opens=java.base/java.io=ALL-UNNAMED
25-Nov-2024 22:17:07.136 INFO [main] org.apache.catalina.startup.VersionLoggerListener.log Command line argument:             --add-opens=java.base/java.util=ALL-UNNAMED
25-Nov-2024 22:17:07.139 INFO [main] org.apache.catalina.startup.VersionLoggerListener.log Command line argument:             --add-opens=java.base/java.util.concurrent=ALL-UNNAMED
25-Nov-2024 22:17:07.141 INFO [main] org.apache.catalina.startup.VersionLoggerListener.log Command line argument:             --add-opens=java.rmi/sun.rmi.transport=ALL-UNNAMED
25-Nov-2024 22:17:07.144 INFO [main] org.apache.catalina.startup.VersionLoggerListener.log Command line argument:             -Djava.util.logging.config.file=C:\Users\USER\Desktop\PROGRAMACIONBRYAN\Modulo2\apache-tomcat-9.0.96-windows-x64\apache-tomcat-9.0.96\conf\logging.properties
25-Nov-2024 22:17:07.150 INFO [main] org.apache.catalina.startup.VersionLoggerListener.log Command line argument:             -Djava.util.logging.manager=org.apache.juli.ClassLoaderLogManager
25-Nov-2024 22:17:07.153 INFO [main] org.apache.catalina.startup.VersionLoggerListener.log Command line argument:             -Djdk.tls.ephemeralDHKeySize=2048
25-Nov-2024 22:17:07.162 INFO [main] org.apache.catalina.startup.VersionLoggerListener.log Command line argument:             -Djava.protocol.handler.pkgs=org.apache.catalina.webresources
25-Nov-2024 22:17:07.165 INFO [main] org.apache.catalina.startup.VersionLoggerListener.log Command line argument:             -Dignore.endorsed.dirs=
25-Nov-2024 22:17:07.167 INFO [main] org.apache.catalina.startup.VersionLoggerListener.log Command line argument:             -Dcatalina.base=C:\Users\USER\Desktop\PROGRAMACIONBRYAN\Modulo2\apache-tomcat-9.0.96-windows-x64\apache-tomcat-9.0.96
25-Nov-2024 22:17:07.169 INFO [main] org.apache.catalina.startup.VersionLoggerListener.log Command line argument:             -Dcatalina.home=C:\Users\USER\Desktop\PROGRAMACIONBRYAN\Modulo2\apache-tomcat-9.0.96-windows-x64\apache-tomcat-9.0.96
25-Nov-2024 22:17:07.171 INFO [main] org.apache.catalina.startup.VersionLoggerListener.log Command line argument:             -Djava.io.tmpdir=C:\Users\USER\Desktop\PROGRAMACIONBRYAN\Modulo2\apache-tomcat-9.0.96-windows-x64\apache-tomcat-9.0.96\temp
25-Nov-2024 22:17:07.197 INFO [main] org.apache.catalina.core.AprLifecycleListener.lifecycleEvent Cargada la biblioteca nativa APR de Apache Tomcat [1.3.1] con la versión APR [1.7.4].
25-Nov-2024 22:17:07.200 INFO [main] org.apache.catalina.core.AprLifecycleListener.lifecycleEvent Capacidades APR: IPv6 [true], enviar fichero [true], aceptar filtros [false], aleatorio [true], UDS [true].
25-Nov-2024 22:17:07.207 INFO [main] org.apache.catalina.core.AprLifecycleListener.lifecycleEvent APR/OpenSSL configuration: useAprConnector [false], useOpenSSL [true]
25-Nov-2024 22:17:07.254 INFO [main] org.apache.catalina.core.AprLifecycleListener.initializeSSL OpenSSL inicializado correctamente [OpenSSL 3.0.14 4 Jun 2024]
25-Nov-2024 22:17:09.465 INFO [main] org.apache.coyote.AbstractProtocol.init Inicializando el manejador de protocolo ["http-nio-8080"]

25-Nov-2024 22:17:09.745 INFO [main] org.apache.catalina.startup.Catalina.load Server initialization in [3973] milliseconds
25-Nov-2024 22:17:09.943 WARNING [main] java.util.ArrayList.forEach Name = ConexionInventario Property maxActive is not used in DBCP2, use maxTotal instead. maxTotal default value is 8. You have set value of "100" for "maxActive" property, which is being ignored.
25-Nov-2024 22:17:09.944 WARNING [main] java.util.ArrayList.forEach Name = ConexionInventario Property maxWait is not used in DBCP2 , use maxWaitMillis instead. maxWaitMillis default value is PT-0.001S. You have set value of "10000" for "maxWait" property, which is being ignored.
25-Nov-2024 22:17:09.953 INFO [main] java.util.ArrayList.forEach Name = ConexionInventario Ignoring unknown property: value of "jdbc/ConexionInventario" for "global" property
25-Nov-2024 22:17:10.271 INFO [main] org.apache.catalina.core.StandardService.startInternal Arrancando servicio [Catalina]
25-Nov-2024 22:17:10.278 INFO [main] org.apache.catalina.core.StandardEngine.startInternal Starting Servlet engine: [Apache Tomcat/9.0.96]
25-Nov-2024 22:17:10.390 INFO [main] org.apache.catalina.startup.HostConfig.deployWAR Despliegue del archivo [C:\Users\USER\Desktop\PROGRAMACIONBRYAN\Modulo2\apache-tomcat-9.0.96-windows-x64\apache-tomcat-9.0.96\webapps\ejemploweb.war] de la aplicación web
25-Nov-2024 22:17:18.310 INFO [main] org.apache.jasper.servlet.TldScanner.scanJars Al menos un JAR, que se ha explorado buscando TLDs, aún no contenía TLDs. Activar historial de depuración para este historiador para una completa lista de los JARs que fueron explorados y de los que nos se halló TLDs. Saltarse JARs no necesarios durante la exploración puede dar lugar a una mejora de tiempo significativa en el arranque y compilación de JSP .
25-Nov-2024 22:17:24.577 INFO [main] org.apache.catalina.startup.HostConfig.deployWAR Deployment of web application archive [C:\Users\USER\Desktop\PROGRAMACIONBRYAN\Modulo2\apache-tomcat-9.0.96-windows-x64\apache-tomcat-9.0.96\webapps\ejemploweb.war] has finished in [14.187] ms
25-Nov-2024 22:17:24.589 INFO [main] org.apache.catalina.startup.HostConfig.deployWAR Despliegue del archivo [C:\Users\USER\Desktop\PROGRAMACIONBRYAN\Modulo2\apache-tomcat-9.0.96-windows-x64\apache-tomcat-9.0.96\webapps\evaluacion.war] de la aplicación web
25-Nov-2024 22:17:28.672 INFO [main] org.apache.jasper.servlet.TldScanner.scanJars Al menos un JAR, que se ha explorado buscando TLDs, aún no contenía TLDs. Activar historial de depuración para este historiador para una completa lista de los JARs que fueron explorados y de los que nos se halló TLDs. Saltarse JARs no necesarios durante la exploración puede dar lugar a una mejora de tiempo significativa en el arranque y compilación de JSP .
25-Nov-2024 22:17:32.072 INFO [main] org.apache.catalina.startup.HostConfig.deployWAR Deployment of web application archive [C:\Users\USER\Desktop\PROGRAMACIONBRYAN\Modulo2\apache-tomcat-9.0.96-windows-x64\apache-tomcat-9.0.96\webapps\evaluacion.war] has finished in [7.482] ms
25-Nov-2024 22:17:32.081 INFO [main] org.apache.catalina.startup.HostConfig.deployWAR Despliegue del archivo [C:\Users\USER\Desktop\PROGRAMACIONBRYAN\Modulo2\apache-tomcat-9.0.96-windows-x64\apache-tomcat-9.0.96\webapps\inventario.war] de la aplicación web
25-Nov-2024 22:17:36.286 INFO [main] org.apache.jasper.servlet.TldScanner.scanJars Al menos un JAR, que se ha explorado buscando TLDs, aún no contenía TLDs. Activar historial de depuración para este historiador para una completa lista de los JARs que fueron explorados y de los que nos se halló TLDs. Saltarse JARs no necesarios durante la exploración puede dar lugar a una mejora de tiempo significativa en el arranque y compilación de JSP .
25-Nov-2024 22:17:39.795 INFO [main] org.apache.catalina.startup.HostConfig.deployWAR Deployment of web application archive [C:\Users\USER\Desktop\PROGRAMACIONBRYAN\Modulo2\apache-tomcat-9.0.96-windows-x64\apache-tomcat-9.0.96\webapps\inventario.war] has finished in [7.716] ms
25-Nov-2024 22:17:39.806 INFO [main] org.apache.catalina.startup.HostConfig.deployWAR Despliegue del archivo [C:\Users\USER\Desktop\PROGRAMACIONBRYAN\Modulo2\apache-tomcat-9.0.96-windows-x64\apache-tomcat-9.0.96\webapps\inventarios.war] de la aplicación web
25-Nov-2024 22:17:42.850 INFO [main] org.apache.jasper.servlet.TldScanner.scanJars Al menos un JAR, que se ha explorado buscando TLDs, aún no contenía TLDs. Activar historial de depuración para este historiador para una completa lista de los JARs que fueron explorados y de los que nos se halló TLDs. Saltarse JARs no necesarios durante la exploración puede dar lugar a una mejora de tiempo significativa en el arranque y compilación de JSP .
25-Nov-2024 22:17:44.627 WARNING [main] org.glassfish.jersey.server.wadl.WadlFeature.configure JAXBContext implementation could not be found. WADL feature is disabled.
25-Nov-2024 22:17:46.909 INFO [main] org.apache.catalina.startup.HostConfig.deployWAR Deployment of web application archive [C:\Users\USER\Desktop\PROGRAMACIONBRYAN\Modulo2\apache-tomcat-9.0.96-windows-x64\apache-tomcat-9.0.96\webapps\inventarios.war] has finished in [7.102] ms
25-Nov-2024 22:17:46.916 INFO [main] org.apache.catalina.startup.HostConfig.deployDirectory Desplegando el directorio [C:\Users\USER\Desktop\PROGRAMACIONBRYAN\Modulo2\apache-tomcat-9.0.96-windows-x64\apache-tomcat-9.0.96\webapps\docs] de la aplicación web
25-Nov-2024 22:17:47.394 INFO [main] org.apache.jasper.servlet.TldScanner.scanJars Al menos un JAR, que se ha explorado buscando TLDs, aún no contenía TLDs. Activar historial de depuración para este historiador para una completa lista de los JARs que fueron explorados y de los que nos se halló TLDs. Saltarse JARs no necesarios durante la exploración puede dar lugar a una mejora de tiempo significativa en el arranque y compilación de JSP .
25-Nov-2024 22:17:47.409 INFO [main] org.apache.catalina.startup.HostConfig.deployDirectory Deployment of web application directory [C:\Users\USER\Desktop\PROGRAMACIONBRYAN\Modulo2\apache-tomcat-9.0.96-windows-x64\apache-tomcat-9.0.96\webapps\docs] has finished in [492] ms
25-Nov-2024 22:17:47.410 INFO [main] org.apache.catalina.startup.HostConfig.deployDirectory Desplegando el directorio [C:\Users\USER\Desktop\PROGRAMACIONBRYAN\Modulo2\apache-tomcat-9.0.96-windows-x64\apache-tomcat-9.0.96\webapps\examples] de la aplicación web
25-Nov-2024 22:17:49.375 INFO [main] org.apache.jasper.servlet.TldScanner.scanJars Al menos un JAR, que se ha explorado buscando TLDs, aún no contenía TLDs. Activar historial de depuración para este historiador para una completa lista de los JARs que fueron explorados y de los que nos se halló TLDs. Saltarse JARs no necesarios durante la exploración puede dar lugar a una mejora de tiempo significativa en el arranque y compilación de JSP .
25-Nov-2024 22:17:49.913 INFO [main] org.apache.catalina.startup.HostConfig.deployDirectory Deployment of web application directory [C:\Users\USER\Desktop\PROGRAMACIONBRYAN\Modulo2\apache-tomcat-9.0.96-windows-x64\apache-tomcat-9.0.96\webapps\examples] has finished in [2.503] ms
25-Nov-2024 22:17:49.941 INFO [main] org.apache.catalina.startup.HostConfig.deployDirectory Desplegando el directorio [C:\Users\USER\Desktop\PROGRAMACIONBRYAN\Modulo2\apache-tomcat-9.0.96-windows-x64\apache-tomcat-9.0.96\webapps\host-manager] de la aplicación web
25-Nov-2024 22:17:50.892 INFO [main] org.apache.jasper.servlet.TldScanner.scanJars Al menos un JAR, que se ha explorado buscando TLDs, aún no contenía TLDs. Activar historial de depuración para este historiador para una completa lista de los JARs que fueron explorados y de los que nos se halló TLDs. Saltarse JARs no necesarios durante la exploración puede dar lugar a una mejora de tiempo significativa en el arranque y compilación de JSP .
25-Nov-2024 22:17:50.924 INFO [main] org.apache.catalina.startup.HostConfig.deployDirectory Deployment of web application directory [C:\Users\USER\Desktop\PROGRAMACIONBRYAN\Modulo2\apache-tomcat-9.0.96-windows-x64\apache-tomcat-9.0.96\webapps\host-manager] has finished in [982] ms
25-Nov-2024 22:17:50.925 INFO [main] org.apache.catalina.startup.HostConfig.deployDirectory Desplegando el directorio [C:\Users\USER\Desktop\PROGRAMACIONBRYAN\Modulo2\apache-tomcat-9.0.96-windows-x64\apache-tomcat-9.0.96\webapps\manager] de la aplicación web
25-Nov-2024 22:17:51.422 INFO [main] org.apache.jasper.servlet.TldScanner.scanJars Al menos un JAR, que se ha explorado buscando TLDs, aún no contenía TLDs. Activar historial de depuración para este historiador para una completa lista de los JARs que fueron explorados y de los que nos se halló TLDs. Saltarse JARs no necesarios durante la exploración puede dar lugar a una mejora de tiempo significativa en el arranque y compilación de JSP .
25-Nov-2024 22:17:51.444 INFO [main] org.apache.catalina.startup.HostConfig.deployDirectory Deployment of web application directory [C:\Users\USER\Desktop\PROGRAMACIONBRYAN\Modulo2\apache-tomcat-9.0.96-windows-x64\apache-tomcat-9.0.96\webapps\manager] has finished in [519] ms
25-Nov-2024 22:17:51.533 INFO [main] org.apache.catalina.startup.HostConfig.deployDirectory Desplegando el directorio [C:\Users\USER\Desktop\PROGRAMACIONBRYAN\Modulo2\apache-tomcat-9.0.96-windows-x64\apache-tomcat-9.0.96\webapps\ROOT] de la aplicación web
25-Nov-2024 22:17:52.124 INFO [main] org.apache.jasper.servlet.TldScanner.scanJars Al menos un JAR, que se ha explorado buscando TLDs, aún no contenía TLDs. Activar historial de depuración para este historiador para una completa lista de los JARs que fueron explorados y de los que nos se halló TLDs. Saltarse JARs no necesarios durante la exploración puede dar lugar a una mejora de tiempo significativa en el arranque y compilación de JSP .
25-Nov-2024 22:17:52.141 INFO [main] org.apache.catalina.startup.HostConfig.deployDirectory Deployment of web application directory [C:\Users\USER\Desktop\PROGRAMACIONBRYAN\Modulo2\apache-tomcat-9.0.96-windows-x64\apache-tomcat-9.0.96\webapps\ROOT] has finished in [609] ms
25-Nov-2024 22:17:52.162 INFO [main] org.apache.coyote.AbstractProtocol.start Starting ProtocolHandler ["http-nio-8080"]
25-Nov-2024 22:17:52.254 INFO [main] org.apache.catalina.startup.Catalina.start Server startup in [42496] milliseconds
25-Nov-2024 22:21:59.008 INFO [main] org.apache.catalina.startup.VersionLoggerListener.log Nombre de la versión del servidor: Apache Tomcat/9.0.96
25-Nov-2024 22:21:59.023 INFO [main] org.apache.catalina.startup.VersionLoggerListener.log Server built:                      Oct 3 2024 19:44:30 UTC
25-Nov-2024 22:21:59.024 INFO [main] org.apache.catalina.startup.VersionLoggerListener.log Número de versión de servidor:     9.0.96.0
25-Nov-2024 22:21:59.024 INFO [main] org.apache.catalina.startup.VersionLoggerListener.log OS Name:                           Windows 10
25-Nov-2024 22:21:59.025 INFO [main] org.apache.catalina.startup.VersionLoggerListener.log Versión de Systema Operativo:      10.0
25-Nov-2024 22:21:59.027 INFO [main] org.apache.catalina.startup.VersionLoggerListener.log Arquitectura:                      amd64
25-Nov-2024 22:21:59.029 INFO [main] org.apache.catalina.startup.VersionLoggerListener.log Java Home:                         C:\Program Files\Java\jdk-23
25-Nov-2024 22:21:59.030 INFO [main] org.apache.catalina.startup.VersionLoggerListener.log JVM Version:                       23+37-2369
25-Nov-2024 22:21:59.030 INFO [main] org.apache.catalina.startup.VersionLoggerListener.log Vededor JVM:                       Oracle Corporation
25-Nov-2024 22:21:59.031 INFO [main] org.apache.catalina.startup.VersionLoggerListener.log CATALINA_BASE:                     C:\Users\USER\Desktop\PROGRAMACIONBRYAN\Modulo2\apache-tomcat-9.0.96-windows-x64\apache-tomcat-9.0.96
25-Nov-2024 22:21:59.032 INFO [main] org.apache.catalina.startup.VersionLoggerListener.log CATALINA_HOME:                     C:\Users\USER\Desktop\PROGRAMACIONBRYAN\Modulo2\apache-tomcat-9.0.96-windows-x64\apache-tomcat-9.0.96
25-Nov-2024 22:21:59.064 INFO [main] org.apache.catalina.startup.VersionLoggerListener.log Command line argument:             --add-opens=java.base/java.lang=ALL-UNNAMED
25-Nov-2024 22:21:59.066 INFO [main] org.apache.catalina.startup.VersionLoggerListener.log Command line argument:             --add-opens=java.base/java.io=ALL-UNNAMED
25-Nov-2024 22:21:59.067 INFO [main] org.apache.catalina.startup.VersionLoggerListener.log Command line argument:             --add-opens=java.base/java.util=ALL-UNNAMED
25-Nov-2024 22:21:59.071 INFO [main] org.apache.catalina.startup.VersionLoggerListener.log Command line argument:             --add-opens=java.base/java.util.concurrent=ALL-UNNAMED
25-Nov-2024 22:21:59.074 INFO [main] org.apache.catalina.startup.VersionLoggerListener.log Command line argument:             --add-opens=java.rmi/sun.rmi.transport=ALL-UNNAMED
25-Nov-2024 22:21:59.080 INFO [main] org.apache.catalina.startup.VersionLoggerListener.log Command line argument:             -Djava.util.logging.config.file=C:\Users\USER\Desktop\PROGRAMACIONBRYAN\Modulo2\apache-tomcat-9.0.96-windows-x64\apache-tomcat-9.0.96\conf\logging.properties
25-Nov-2024 22:21:59.082 INFO [main] org.apache.catalina.startup.VersionLoggerListener.log Command line argument:             -Djava.util.logging.manager=org.apache.juli.ClassLoaderLogManager
25-Nov-2024 22:21:59.087 INFO [main] org.apache.catalina.startup.VersionLoggerListener.log Command line argument:             -Djdk.tls.ephemeralDHKeySize=2048
25-Nov-2024 22:21:59.094 INFO [main] org.apache.catalina.startup.VersionLoggerListener.log Command line argument:             -Djava.protocol.handler.pkgs=org.apache.catalina.webresources
25-Nov-2024 22:21:59.097 INFO [main] org.apache.catalina.startup.VersionLoggerListener.log Command line argument:             -Dignore.endorsed.dirs=
25-Nov-2024 22:21:59.099 INFO [main] org.apache.catalina.startup.VersionLoggerListener.log Command line argument:             -Dcatalina.base=C:\Users\USER\Desktop\PROGRAMACIONBRYAN\Modulo2\apache-tomcat-9.0.96-windows-x64\apache-tomcat-9.0.96
25-Nov-2024 22:21:59.103 INFO [main] org.apache.catalina.startup.VersionLoggerListener.log Command line argument:             -Dcatalina.home=C:\Users\USER\Desktop\PROGRAMACIONBRYAN\Modulo2\apache-tomcat-9.0.96-windows-x64\apache-tomcat-9.0.96
25-Nov-2024 22:21:59.105 INFO [main] org.apache.catalina.startup.VersionLoggerListener.log Command line argument:             -Djava.io.tmpdir=C:\Users\USER\Desktop\PROGRAMACIONBRYAN\Modulo2\apache-tomcat-9.0.96-windows-x64\apache-tomcat-9.0.96\temp
25-Nov-2024 22:21:59.129 INFO [main] org.apache.catalina.core.AprLifecycleListener.lifecycleEvent Cargada la biblioteca nativa APR de Apache Tomcat [1.3.1] con la versión APR [1.7.4].
25-Nov-2024 22:21:59.131 INFO [main] org.apache.catalina.core.AprLifecycleListener.lifecycleEvent Capacidades APR: IPv6 [true], enviar fichero [true], aceptar filtros [false], aleatorio [true], UDS [true].
25-Nov-2024 22:21:59.133 INFO [main] org.apache.catalina.core.AprLifecycleListener.lifecycleEvent APR/OpenSSL configuration: useAprConnector [false], useOpenSSL [true]
25-Nov-2024 22:21:59.162 INFO [main] org.apache.catalina.core.AprLifecycleListener.initializeSSL OpenSSL inicializado correctamente [OpenSSL 3.0.14 4 Jun 2024]
25-Nov-2024 22:22:02.109 INFO [main] org.apache.coyote.AbstractProtocol.init Inicializando el manejador de protocolo ["http-nio-8080"]

25-Nov-2024 22:22:02.536 INFO [main] org.apache.catalina.startup.Catalina.load Server initialization in [4680] milliseconds
25-Nov-2024 22:22:02.756 WARNING [main] java.util.ArrayList.forEach Name = ConexionInventario Property maxActive is not used in DBCP2, use maxTotal instead. maxTotal default value is 8. You have set value of "100" for "maxActive" property, which is being ignored.
25-Nov-2024 22:22:02.765 WARNING [main] java.util.ArrayList.forEach Name = ConexionInventario Property maxWait is not used in DBCP2 , use maxWaitMillis instead. maxWaitMillis default value is PT-0.001S. You have set value of "10000" for "maxWait" property, which is being ignored.
25-Nov-2024 22:22:02.771 INFO [main] java.util.ArrayList.forEach Name = ConexionInventario Ignoring unknown property: value of "jdbc/ConexionInventario" for "global" property
25-Nov-2024 22:22:03.200 INFO [main] org.apache.catalina.core.StandardService.startInternal Arrancando servicio [Catalina]
25-Nov-2024 22:22:03.206 INFO [main] org.apache.catalina.core.StandardEngine.startInternal Starting Servlet engine: [Apache Tomcat/9.0.96]
25-Nov-2024 22:22:03.294 INFO [main] org.apache.catalina.startup.HostConfig.deployWAR Despliegue del archivo [C:\Users\USER\Desktop\PROGRAMACIONBRYAN\Modulo2\apache-tomcat-9.0.96-windows-x64\apache-tomcat-9.0.96\webapps\ejemploweb.war] de la aplicación web
25-Nov-2024 22:22:10.437 INFO [main] org.apache.jasper.servlet.TldScanner.scanJars Al menos un JAR, que se ha explorado buscando TLDs, aún no contenía TLDs. Activar historial de depuración para este historiador para una completa lista de los JARs que fueron explorados y de los que nos se halló TLDs. Saltarse JARs no necesarios durante la exploración puede dar lugar a una mejora de tiempo significativa en el arranque y compilación de JSP .
25-Nov-2024 22:22:16.567 INFO [main] org.apache.catalina.startup.HostConfig.deployWAR Deployment of web application archive [C:\Users\USER\Desktop\PROGRAMACIONBRYAN\Modulo2\apache-tomcat-9.0.96-windows-x64\apache-tomcat-9.0.96\webapps\ejemploweb.war] has finished in [13.273] ms
25-Nov-2024 22:22:16.577 INFO [main] org.apache.catalina.startup.HostConfig.deployWAR Despliegue del archivo [C:\Users\USER\Desktop\PROGRAMACIONBRYAN\Modulo2\apache-tomcat-9.0.96-windows-x64\apache-tomcat-9.0.96\webapps\evaluacion.war] de la aplicación web
25-Nov-2024 22:22:20.629 INFO [main] org.apache.jasper.servlet.TldScanner.scanJars Al menos un JAR, que se ha explorado buscando TLDs, aún no contenía TLDs. Activar historial de depuración para este historiador para una completa lista de los JARs que fueron explorados y de los que nos se halló TLDs. Saltarse JARs no necesarios durante la exploración puede dar lugar a una mejora de tiempo significativa en el arranque y compilación de JSP .
25-Nov-2024 22:22:24.354 INFO [main] org.apache.catalina.startup.HostConfig.deployWAR Deployment of web application archive [C:\Users\USER\Desktop\PROGRAMACIONBRYAN\Modulo2\apache-tomcat-9.0.96-windows-x64\apache-tomcat-9.0.96\webapps\evaluacion.war] has finished in [7.777] ms
25-Nov-2024 22:22:24.360 INFO [main] org.apache.catalina.startup.HostConfig.deployWAR Despliegue del archivo [C:\Users\USER\Desktop\PROGRAMACIONBRYAN\Modulo2\apache-tomcat-9.0.96-windows-x64\apache-tomcat-9.0.96\webapps\inventario.war] de la aplicación web
25-Nov-2024 22:22:27.969 INFO [main] org.apache.jasper.servlet.TldScanner.scanJars Al menos un JAR, que se ha explorado buscando TLDs, aún no contenía TLDs. Activar historial de depuración para este historiador para una completa lista de los JARs que fueron explorados y de los que nos se halló TLDs. Saltarse JARs no necesarios durante la exploración puede dar lugar a una mejora de tiempo significativa en el arranque y compilación de JSP .
25-Nov-2024 22:22:31.767 INFO [main] org.apache.catalina.startup.HostConfig.deployWAR Deployment of web application archive [C:\Users\USER\Desktop\PROGRAMACIONBRYAN\Modulo2\apache-tomcat-9.0.96-windows-x64\apache-tomcat-9.0.96\webapps\inventario.war] has finished in [7.407] ms
25-Nov-2024 22:22:31.804 INFO [main] org.apache.catalina.startup.HostConfig.deployWAR Despliegue del archivo [C:\Users\USER\Desktop\PROGRAMACIONBRYAN\Modulo2\apache-tomcat-9.0.96-windows-x64\apache-tomcat-9.0.96\webapps\inventarios.war] de la aplicación web
25-Nov-2024 22:22:35.206 INFO [main] org.apache.jasper.servlet.TldScanner.scanJars Al menos un JAR, que se ha explorado buscando TLDs, aún no contenía TLDs. Activar historial de depuración para este historiador para una completa lista de los JARs que fueron explorados y de los que nos se halló TLDs. Saltarse JARs no necesarios durante la exploración puede dar lugar a una mejora de tiempo significativa en el arranque y compilación de JSP .
25-Nov-2024 22:22:37.396 WARNING [main] org.glassfish.jersey.server.wadl.WadlFeature.configure JAXBContext implementation could not be found. WADL feature is disabled.
25-Nov-2024 22:22:39.822 INFO [main] org.apache.catalina.startup.HostConfig.deployWAR Deployment of web application archive [C:\Users\USER\Desktop\PROGRAMACIONBRYAN\Modulo2\apache-tomcat-9.0.96-windows-x64\apache-tomcat-9.0.96\webapps\inventarios.war] has finished in [8.018] ms
25-Nov-2024 22:22:39.830 INFO [main] org.apache.catalina.startup.HostConfig.deployDirectory Desplegando el directorio [C:\Users\USER\Desktop\PROGRAMACIONBRYAN\Modulo2\apache-tomcat-9.0.96-windows-x64\apache-tomcat-9.0.96\webapps\docs] de la aplicación web
25-Nov-2024 22:22:40.319 INFO [main] org.apache.jasper.servlet.TldScanner.scanJars Al menos un JAR, que se ha explorado buscando TLDs, aún no contenía TLDs. Activar historial de depuración para este historiador para una completa lista de los JARs que fueron explorados y de los que nos se halló TLDs. Saltarse JARs no necesarios durante la exploración puede dar lugar a una mejora de tiempo significativa en el arranque y compilación de JSP .
25-Nov-2024 22:22:40.335 INFO [main] org.apache.catalina.startup.HostConfig.deployDirectory Deployment of web application directory [C:\Users\USER\Desktop\PROGRAMACIONBRYAN\Modulo2\apache-tomcat-9.0.96-windows-x64\apache-tomcat-9.0.96\webapps\docs] has finished in [506] ms
25-Nov-2024 22:22:40.338 INFO [main] org.apache.catalina.startup.HostConfig.deployDirectory Desplegando el directorio [C:\Users\USER\Desktop\PROGRAMACIONBRYAN\Modulo2\apache-tomcat-9.0.96-windows-x64\apache-tomcat-9.0.96\webapps\examples] de la aplicación web
25-Nov-2024 22:22:42.202 INFO [main] org.apache.jasper.servlet.TldScanner.scanJars Al menos un JAR, que se ha explorado buscando TLDs, aún no contenía TLDs. Activar historial de depuración para este historiador para una completa lista de los JARs que fueron explorados y de los que nos se halló TLDs. Saltarse JARs no necesarios durante la exploración puede dar lugar a una mejora de tiempo significativa en el arranque y compilación de JSP .
25-Nov-2024 22:22:42.459 INFO [main] org.apache.catalina.startup.HostConfig.deployDirectory Deployment of web application directory [C:\Users\USER\Desktop\PROGRAMACIONBRYAN\Modulo2\apache-tomcat-9.0.96-windows-x64\apache-tomcat-9.0.96\webapps\examples] has finished in [2.122] ms
25-Nov-2024 22:22:42.466 INFO [main] org.apache.catalina.startup.HostConfig.deployDirectory Desplegando el directorio [C:\Users\USER\Desktop\PROGRAMACIONBRYAN\Modulo2\apache-tomcat-9.0.96-windows-x64\apache-tomcat-9.0.96\webapps\host-manager] de la aplicación web
25-Nov-2024 22:22:43.010 INFO [main] org.apache.jasper.servlet.TldScanner.scanJars Al menos un JAR, que se ha explorado buscando TLDs, aún no contenía TLDs. Activar historial de depuración para este historiador para una completa lista de los JARs que fueron explorados y de los que nos se halló TLDs. Saltarse JARs no necesarios durante la exploración puede dar lugar a una mejora de tiempo significativa en el arranque y compilación de JSP .
25-Nov-2024 22:22:43.040 INFO [main] org.apache.catalina.startup.HostConfig.deployDirectory Deployment of web application directory [C:\Users\USER\Desktop\PROGRAMACIONBRYAN\Modulo2\apache-tomcat-9.0.96-windows-x64\apache-tomcat-9.0.96\webapps\host-manager] has finished in [573] ms
25-Nov-2024 22:22:43.043 INFO [main] org.apache.catalina.startup.HostConfig.deployDirectory Desplegando el directorio [C:\Users\USER\Desktop\PROGRAMACIONBRYAN\Modulo2\apache-tomcat-9.0.96-windows-x64\apache-tomcat-9.0.96\webapps\manager] de la aplicación web
25-Nov-2024 22:22:43.554 INFO [main] org.apache.jasper.servlet.TldScanner.scanJars Al menos un JAR, que se ha explorado buscando TLDs, aún no contenía TLDs. Activar historial de depuración para este historiador para una completa lista de los JARs que fueron explorados y de los que nos se halló TLDs. Saltarse JARs no necesarios durante la exploración puede dar lugar a una mejora de tiempo significativa en el arranque y compilación de JSP .
25-Nov-2024 22:22:43.569 INFO [main] org.apache.catalina.startup.HostConfig.deployDirectory Deployment of web application directory [C:\Users\USER\Desktop\PROGRAMACIONBRYAN\Modulo2\apache-tomcat-9.0.96-windows-x64\apache-tomcat-9.0.96\webapps\manager] has finished in [525] ms
25-Nov-2024 22:22:43.573 INFO [main] org.apache.catalina.startup.HostConfig.deployDirectory Desplegando el directorio [C:\Users\USER\Desktop\PROGRAMACIONBRYAN\Modulo2\apache-tomcat-9.0.96-windows-x64\apache-tomcat-9.0.96\webapps\ROOT] de la aplicación web
25-Nov-2024 22:22:44.053 INFO [main] org.apache.jasper.servlet.TldScanner.scanJars Al menos un JAR, que se ha explorado buscando TLDs, aún no contenía TLDs. Activar historial de depuración para este historiador para una completa lista de los JARs que fueron explorados y de los que nos se halló TLDs. Saltarse JARs no necesarios durante la exploración puede dar lugar a una mejora de tiempo significativa en el arranque y compilación de JSP .
25-Nov-2024 22:22:44.070 INFO [main] org.apache.catalina.startup.HostConfig.deployDirectory Deployment of web application directory [C:\Users\USER\Desktop\PROGRAMACIONBRYAN\Modulo2\apache-tomcat-9.0.96-windows-x64\apache-tomcat-9.0.96\webapps\ROOT] has finished in [497] ms
25-Nov-2024 22:22:44.089 INFO [main] org.apache.coyote.AbstractProtocol.start Starting ProtocolHandler ["http-nio-8080"]
25-Nov-2024 22:22:44.170 INFO [main] org.apache.catalina.startup.Catalina.start Server startup in [41620] milliseconds
25-Nov-2024 22:27:27.539 INFO [Catalina-utility-2] org.apache.catalina.startup.HostConfig.undeploy Repliegue (undeploy) de la aplicación web que tiene como trayectoria de contexto [/inventarios]
25-Nov-2024 22:27:27.909 INFO [Catalina-utility-2] org.apache.catalina.startup.HostConfig.deployWAR Despliegue del archivo [C:\Users\USER\Desktop\PROGRAMACIONBRYAN\Modulo2\apache-tomcat-9.0.96-windows-x64\apache-tomcat-9.0.96\webapps\inventarios.war] de la aplicación web
25-Nov-2024 22:27:42.878 INFO [main] org.apache.catalina.startup.VersionLoggerListener.log Nombre de la versión del servidor: Apache Tomcat/9.0.96
25-Nov-2024 22:27:42.904 INFO [main] org.apache.catalina.startup.VersionLoggerListener.log Server built:                      Oct 3 2024 19:44:30 UTC
25-Nov-2024 22:27:42.906 INFO [main] org.apache.catalina.startup.VersionLoggerListener.log Número de versión de servidor:     9.0.96.0
25-Nov-2024 22:27:42.906 INFO [main] org.apache.catalina.startup.VersionLoggerListener.log OS Name:                           Windows 10
25-Nov-2024 22:27:42.907 INFO [main] org.apache.catalina.startup.VersionLoggerListener.log Versión de Systema Operativo:      10.0
25-Nov-2024 22:27:42.909 INFO [main] org.apache.catalina.startup.VersionLoggerListener.log Arquitectura:                      amd64
25-Nov-2024 22:27:42.910 INFO [main] org.apache.catalina.startup.VersionLoggerListener.log Java Home:                         C:\Program Files\Java\jdk-23
25-Nov-2024 22:27:42.911 INFO [main] org.apache.catalina.startup.VersionLoggerListener.log JVM Version:                       23+37-2369
25-Nov-2024 22:27:42.912 INFO [main] org.apache.catalina.startup.VersionLoggerListener.log Vededor JVM:                       Oracle Corporation
25-Nov-2024 22:27:42.913 INFO [main] org.apache.catalina.startup.VersionLoggerListener.log CATALINA_BASE:                     C:\Users\USER\Desktop\PROGRAMACIONBRYAN\Modulo2\apache-tomcat-9.0.96-windows-x64\apache-tomcat-9.0.96
25-Nov-2024 22:27:42.914 INFO [main] org.apache.catalina.startup.VersionLoggerListener.log CATALINA_HOME:                     C:\Users\USER\Desktop\PROGRAMACIONBRYAN\Modulo2\apache-tomcat-9.0.96-windows-x64\apache-tomcat-9.0.96
25-Nov-2024 22:27:42.964 INFO [main] org.apache.catalina.startup.VersionLoggerListener.log Command line argument:             --add-opens=java.base/java.lang=ALL-UNNAMED
25-Nov-2024 22:27:42.966 INFO [main] org.apache.catalina.startup.VersionLoggerListener.log Command line argument:             --add-opens=java.base/java.io=ALL-UNNAMED
25-Nov-2024 22:27:42.968 INFO [main] org.apache.catalina.startup.VersionLoggerListener.log Command line argument:             --add-opens=java.base/java.util=ALL-UNNAMED
25-Nov-2024 22:27:42.968 INFO [main] org.apache.catalina.startup.VersionLoggerListener.log Command line argument:             --add-opens=java.base/java.util.concurrent=ALL-UNNAMED
25-Nov-2024 22:27:42.970 INFO [main] org.apache.catalina.startup.VersionLoggerListener.log Command line argument:             --add-opens=java.rmi/sun.rmi.transport=ALL-UNNAMED
25-Nov-2024 22:27:42.971 INFO [main] org.apache.catalina.startup.VersionLoggerListener.log Command line argument:             -Djava.util.logging.config.file=C:\Users\USER\Desktop\PROGRAMACIONBRYAN\Modulo2\apache-tomcat-9.0.96-windows-x64\apache-tomcat-9.0.96\conf\logging.properties
25-Nov-2024 22:27:42.972 INFO [main] org.apache.catalina.startup.VersionLoggerListener.log Command line argument:             -Djava.util.logging.manager=org.apache.juli.ClassLoaderLogManager
25-Nov-2024 22:27:42.976 INFO [main] org.apache.catalina.startup.VersionLoggerListener.log Command line argument:             -Djdk.tls.ephemeralDHKeySize=2048
25-Nov-2024 22:27:42.977 INFO [main] org.apache.catalina.startup.VersionLoggerListener.log Command line argument:             -Djava.protocol.handler.pkgs=org.apache.catalina.webresources
25-Nov-2024 22:27:42.980 INFO [main] org.apache.catalina.startup.VersionLoggerListener.log Command line argument:             -Dignore.endorsed.dirs=
25-Nov-2024 22:27:42.981 INFO [main] org.apache.catalina.startup.VersionLoggerListener.log Command line argument:             -Dcatalina.base=C:\Users\USER\Desktop\PROGRAMACIONBRYAN\Modulo2\apache-tomcat-9.0.96-windows-x64\apache-tomcat-9.0.96
25-Nov-2024 22:27:42.984 INFO [main] org.apache.catalina.startup.VersionLoggerListener.log Command line argument:             -Dcatalina.home=C:\Users\USER\Desktop\PROGRAMACIONBRYAN\Modulo2\apache-tomcat-9.0.96-windows-x64\apache-tomcat-9.0.96
25-Nov-2024 22:27:42.985 INFO [main] org.apache.catalina.startup.VersionLoggerListener.log Command line argument:             -Djava.io.tmpdir=C:\Users\USER\Desktop\PROGRAMACIONBRYAN\Modulo2\apache-tomcat-9.0.96-windows-x64\apache-tomcat-9.0.96\temp
25-Nov-2024 22:27:43.006 INFO [main] org.apache.catalina.core.AprLifecycleListener.lifecycleEvent Cargada la biblioteca nativa APR de Apache Tomcat [1.3.1] con la versión APR [1.7.4].
25-Nov-2024 22:27:43.008 INFO [main] org.apache.catalina.core.AprLifecycleListener.lifecycleEvent Capacidades APR: IPv6 [true], enviar fichero [true], aceptar filtros [false], aleatorio [true], UDS [true].
25-Nov-2024 22:27:43.010 INFO [main] org.apache.catalina.core.AprLifecycleListener.lifecycleEvent APR/OpenSSL configuration: useAprConnector [false], useOpenSSL [true]
25-Nov-2024 22:27:43.031 INFO [main] org.apache.catalina.core.AprLifecycleListener.initializeSSL OpenSSL inicializado correctamente [OpenSSL 3.0.14 4 Jun 2024]
25-Nov-2024 22:27:44.970 INFO [main] org.apache.coyote.AbstractProtocol.init Inicializando el manejador de protocolo ["http-nio-8080"]

25-Nov-2024 22:27:45.106 INFO [main] org.apache.catalina.startup.Catalina.load Server initialization in [4112] milliseconds
25-Nov-2024 22:27:45.202 WARNING [main] java.util.ArrayList.forEach Name = ConexionInventario Property maxActive is not used in DBCP2, use maxTotal instead. maxTotal default value is 8. You have set value of "100" for "maxActive" property, which is being ignored.
25-Nov-2024 22:27:45.204 WARNING [main] java.util.ArrayList.forEach Name = ConexionInventario Property maxWait is not used in DBCP2 , use maxWaitMillis instead. maxWaitMillis default value is PT-0.001S. You have set value of "10000" for "maxWait" property, which is being ignored.
25-Nov-2024 22:27:45.208 INFO [main] java.util.ArrayList.forEach Name = ConexionInventario Ignoring unknown property: value of "jdbc/ConexionInventario" for "global" property
25-Nov-2024 22:27:45.472 INFO [main] org.apache.catalina.core.StandardService.startInternal Arrancando servicio [Catalina]
25-Nov-2024 22:27:45.475 INFO [main] org.apache.catalina.core.StandardEngine.startInternal Starting Servlet engine: [Apache Tomcat/9.0.96]
25-Nov-2024 22:27:45.554 INFO [main] org.apache.catalina.startup.HostConfig.deployWAR Despliegue del archivo [C:\Users\USER\Desktop\PROGRAMACIONBRYAN\Modulo2\apache-tomcat-9.0.96-windows-x64\apache-tomcat-9.0.96\webapps\ejemploweb.war] de la aplicación web
25-Nov-2024 22:27:53.454 INFO [main] org.apache.jasper.servlet.TldScanner.scanJars Al menos un JAR, que se ha explorado buscando TLDs, aún no contenía TLDs. Activar historial de depuración para este historiador para una completa lista de los JARs que fueron explorados y de los que nos se halló TLDs. Saltarse JARs no necesarios durante la exploración puede dar lugar a una mejora de tiempo significativa en el arranque y compilación de JSP .
25-Nov-2024 22:28:00.215 INFO [main] org.apache.catalina.startup.HostConfig.deployWAR Deployment of web application archive [C:\Users\USER\Desktop\PROGRAMACIONBRYAN\Modulo2\apache-tomcat-9.0.96-windows-x64\apache-tomcat-9.0.96\webapps\ejemploweb.war] has finished in [14.660] ms
25-Nov-2024 22:28:00.226 INFO [main] org.apache.catalina.startup.HostConfig.deployWAR Despliegue del archivo [C:\Users\USER\Desktop\PROGRAMACIONBRYAN\Modulo2\apache-tomcat-9.0.96-windows-x64\apache-tomcat-9.0.96\webapps\evaluacion.war] de la aplicación web
25-Nov-2024 22:28:05.345 INFO [main] org.apache.jasper.servlet.TldScanner.scanJars Al menos un JAR, que se ha explorado buscando TLDs, aún no contenía TLDs. Activar historial de depuración para este historiador para una completa lista de los JARs que fueron explorados y de los que nos se halló TLDs. Saltarse JARs no necesarios durante la exploración puede dar lugar a una mejora de tiempo significativa en el arranque y compilación de JSP .
25-Nov-2024 22:28:08.675 INFO [main] org.apache.catalina.startup.HostConfig.deployWAR Deployment of web application archive [C:\Users\USER\Desktop\PROGRAMACIONBRYAN\Modulo2\apache-tomcat-9.0.96-windows-x64\apache-tomcat-9.0.96\webapps\evaluacion.war] has finished in [8.449] ms
25-Nov-2024 22:28:08.682 INFO [main] org.apache.catalina.startup.HostConfig.deployWAR Despliegue del archivo [C:\Users\USER\Desktop\PROGRAMACIONBRYAN\Modulo2\apache-tomcat-9.0.96-windows-x64\apache-tomcat-9.0.96\webapps\inventario.war] de la aplicación web
25-Nov-2024 22:28:12.743 INFO [main] org.apache.jasper.servlet.TldScanner.scanJars Al menos un JAR, que se ha explorado buscando TLDs, aún no contenía TLDs. Activar historial de depuración para este historiador para una completa lista de los JARs que fueron explorados y de los que nos se halló TLDs. Saltarse JARs no necesarios durante la exploración puede dar lugar a una mejora de tiempo significativa en el arranque y compilación de JSP .
25-Nov-2024 22:28:16.265 INFO [main] org.apache.catalina.startup.HostConfig.deployWAR Deployment of web application archive [C:\Users\USER\Desktop\PROGRAMACIONBRYAN\Modulo2\apache-tomcat-9.0.96-windows-x64\apache-tomcat-9.0.96\webapps\inventario.war] has finished in [7.583] ms
25-Nov-2024 22:28:16.276 INFO [main] org.apache.catalina.startup.HostConfig.deployWAR Despliegue del archivo [C:\Users\USER\Desktop\PROGRAMACIONBRYAN\Modulo2\apache-tomcat-9.0.96-windows-x64\apache-tomcat-9.0.96\webapps\inventarios.war] de la aplicación web
25-Nov-2024 22:28:19.042 INFO [main] org.apache.jasper.servlet.TldScanner.scanJars Al menos un JAR, que se ha explorado buscando TLDs, aún no contenía TLDs. Activar historial de depuración para este historiador para una completa lista de los JARs que fueron explorados y de los que nos se halló TLDs. Saltarse JARs no necesarios durante la exploración puede dar lugar a una mejora de tiempo significativa en el arranque y compilación de JSP .
25-Nov-2024 22:28:20.880 WARNING [main] org.glassfish.jersey.server.wadl.WadlFeature.configure JAXBContext implementation could not be found. WADL feature is disabled.
25-Nov-2024 22:28:23.174 INFO [main] org.apache.catalina.startup.HostConfig.deployWAR Deployment of web application archive [C:\Users\USER\Desktop\PROGRAMACIONBRYAN\Modulo2\apache-tomcat-9.0.96-windows-x64\apache-tomcat-9.0.96\webapps\inventarios.war] has finished in [6.898] ms
25-Nov-2024 22:28:23.181 INFO [main] org.apache.catalina.startup.HostConfig.deployDirectory Desplegando el directorio [C:\Users\USER\Desktop\PROGRAMACIONBRYAN\Modulo2\apache-tomcat-9.0.96-windows-x64\apache-tomcat-9.0.96\webapps\docs] de la aplicación web
25-Nov-2024 22:28:23.641 INFO [main] org.apache.jasper.servlet.TldScanner.scanJars Al menos un JAR, que se ha explorado buscando TLDs, aún no contenía TLDs. Activar historial de depuración para este historiador para una completa lista de los JARs que fueron explorados y de los que nos se halló TLDs. Saltarse JARs no necesarios durante la exploración puede dar lugar a una mejora de tiempo significativa en el arranque y compilación de JSP .
25-Nov-2024 22:28:23.656 INFO [main] org.apache.catalina.startup.HostConfig.deployDirectory Deployment of web application directory [C:\Users\USER\Desktop\PROGRAMACIONBRYAN\Modulo2\apache-tomcat-9.0.96-windows-x64\apache-tomcat-9.0.96\webapps\docs] has finished in [474] ms
25-Nov-2024 22:28:23.658 INFO [main] org.apache.catalina.startup.HostConfig.deployDirectory Desplegando el directorio [C:\Users\USER\Desktop\PROGRAMACIONBRYAN\Modulo2\apache-tomcat-9.0.96-windows-x64\apache-tomcat-9.0.96\webapps\examples] de la aplicación web
25-Nov-2024 22:28:25.359 INFO [main] org.apache.jasper.servlet.TldScanner.scanJars Al menos un JAR, que se ha explorado buscando TLDs, aún no contenía TLDs. Activar historial de depuración para este historiador para una completa lista de los JARs que fueron explorados y de los que nos se halló TLDs. Saltarse JARs no necesarios durante la exploración puede dar lugar a una mejora de tiempo significativa en el arranque y compilación de JSP .
25-Nov-2024 22:28:25.569 INFO [main] org.apache.catalina.startup.HostConfig.deployDirectory Deployment of web application directory [C:\Users\USER\Desktop\PROGRAMACIONBRYAN\Modulo2\apache-tomcat-9.0.96-windows-x64\apache-tomcat-9.0.96\webapps\examples] has finished in [1.912] ms
25-Nov-2024 22:28:25.570 INFO [main] org.apache.catalina.startup.HostConfig.deployDirectory Desplegando el directorio [C:\Users\USER\Desktop\PROGRAMACIONBRYAN\Modulo2\apache-tomcat-9.0.96-windows-x64\apache-tomcat-9.0.96\webapps\host-manager] de la aplicación web
25-Nov-2024 22:28:26.192 INFO [main] org.apache.jasper.servlet.TldScanner.scanJars Al menos un JAR, que se ha explorado buscando TLDs, aún no contenía TLDs. Activar historial de depuración para este historiador para una completa lista de los JARs que fueron explorados y de los que nos se halló TLDs. Saltarse JARs no necesarios durante la exploración puede dar lugar a una mejora de tiempo significativa en el arranque y compilación de JSP .
25-Nov-2024 22:28:26.217 INFO [main] org.apache.catalina.startup.HostConfig.deployDirectory Deployment of web application directory [C:\Users\USER\Desktop\PROGRAMACIONBRYAN\Modulo2\apache-tomcat-9.0.96-windows-x64\apache-tomcat-9.0.96\webapps\host-manager] has finished in [647] ms
25-Nov-2024 22:28:26.220 INFO [main] org.apache.catalina.startup.HostConfig.deployDirectory Desplegando el directorio [C:\Users\USER\Desktop\PROGRAMACIONBRYAN\Modulo2\apache-tomcat-9.0.96-windows-x64\apache-tomcat-9.0.96\webapps\manager] de la aplicación web
25-Nov-2024 22:28:26.684 INFO [main] org.apache.jasper.servlet.TldScanner.scanJars Al menos un JAR, que se ha explorado buscando TLDs, aún no contenía TLDs. Activar historial de depuración para este historiador para una completa lista de los JARs que fueron explorados y de los que nos se halló TLDs. Saltarse JARs no necesarios durante la exploración puede dar lugar a una mejora de tiempo significativa en el arranque y compilación de JSP .
25-Nov-2024 22:28:26.700 INFO [main] org.apache.catalina.startup.HostConfig.deployDirectory Deployment of web application directory [C:\Users\USER\Desktop\PROGRAMACIONBRYAN\Modulo2\apache-tomcat-9.0.96-windows-x64\apache-tomcat-9.0.96\webapps\manager] has finished in [480] ms
25-Nov-2024 22:28:26.704 INFO [main] org.apache.catalina.startup.HostConfig.deployDirectory Desplegando el directorio [C:\Users\USER\Desktop\PROGRAMACIONBRYAN\Modulo2\apache-tomcat-9.0.96-windows-x64\apache-tomcat-9.0.96\webapps\ROOT] de la aplicación web
25-Nov-2024 22:28:27.213 INFO [main] org.apache.jasper.servlet.TldScanner.scanJars Al menos un JAR, que se ha explorado buscando TLDs, aún no contenía TLDs. Activar historial de depuración para este historiador para una completa lista de los JARs que fueron explorados y de los que nos se halló TLDs. Saltarse JARs no necesarios durante la exploración puede dar lugar a una mejora de tiempo significativa en el arranque y compilación de JSP .
25-Nov-2024 22:28:27.232 INFO [main] org.apache.catalina.startup.HostConfig.deployDirectory Deployment of web application directory [C:\Users\USER\Desktop\PROGRAMACIONBRYAN\Modulo2\apache-tomcat-9.0.96-windows-x64\apache-tomcat-9.0.96\webapps\ROOT] has finished in [527] ms
25-Nov-2024 22:28:27.251 INFO [main] org.apache.coyote.AbstractProtocol.start Starting ProtocolHandler ["http-nio-8080"]
25-Nov-2024 22:28:27.330 INFO [main] org.apache.catalina.startup.Catalina.start Server startup in [42219] milliseconds
25-Nov-2024 23:31:41.810 INFO [main] org.apache.catalina.startup.VersionLoggerListener.log Nombre de la versión del servidor: Apache Tomcat/9.0.96
25-Nov-2024 23:31:41.820 INFO [main] org.apache.catalina.startup.VersionLoggerListener.log Server built:                      Oct 3 2024 19:44:30 UTC
25-Nov-2024 23:31:41.821 INFO [main] org.apache.catalina.startup.VersionLoggerListener.log Número de versión de servidor:     9.0.96.0
25-Nov-2024 23:31:41.822 INFO [main] org.apache.catalina.startup.VersionLoggerListener.log OS Name:                           Windows 10
25-Nov-2024 23:31:41.822 INFO [main] org.apache.catalina.startup.VersionLoggerListener.log Versión de Systema Operativo:      10.0
25-Nov-2024 23:31:41.825 INFO [main] org.apache.catalina.startup.VersionLoggerListener.log Arquitectura:                      amd64
25-Nov-2024 23:31:41.825 INFO [main] org.apache.catalina.startup.VersionLoggerListener.log Java Home:                         C:\Program Files\Java\jdk-23
25-Nov-2024 23:31:41.826 INFO [main] org.apache.catalina.startup.VersionLoggerListener.log JVM Version:                       23+37-2369
25-Nov-2024 23:31:41.827 INFO [main] org.apache.catalina.startup.VersionLoggerListener.log Vededor JVM:                       Oracle Corporation
25-Nov-2024 23:31:41.828 INFO [main] org.apache.catalina.startup.VersionLoggerListener.log CATALINA_BASE:                     C:\Users\USER\Desktop\PROGRAMACIONBRYAN\Modulo2\apache-tomcat-9.0.96-windows-x64\apache-tomcat-9.0.96
25-Nov-2024 23:31:41.828 INFO [main] org.apache.catalina.startup.VersionLoggerListener.log CATALINA_HOME:                     C:\Users\USER\Desktop\PROGRAMACIONBRYAN\Modulo2\apache-tomcat-9.0.96-windows-x64\apache-tomcat-9.0.96
25-Nov-2024 23:31:41.858 INFO [main] org.apache.catalina.startup.VersionLoggerListener.log Command line argument:             --add-opens=java.base/java.lang=ALL-UNNAMED
25-Nov-2024 23:31:41.859 INFO [main] org.apache.catalina.startup.VersionLoggerListener.log Command line argument:             --add-opens=java.base/java.io=ALL-UNNAMED
25-Nov-2024 23:31:41.860 INFO [main] org.apache.catalina.startup.VersionLoggerListener.log Command line argument:             --add-opens=java.base/java.util=ALL-UNNAMED
25-Nov-2024 23:31:41.860 INFO [main] org.apache.catalina.startup.VersionLoggerListener.log Command line argument:             --add-opens=java.base/java.util.concurrent=ALL-UNNAMED
25-Nov-2024 23:31:41.862 INFO [main] org.apache.catalina.startup.VersionLoggerListener.log Command line argument:             --add-opens=java.rmi/sun.rmi.transport=ALL-UNNAMED
25-Nov-2024 23:31:41.866 INFO [main] org.apache.catalina.startup.VersionLoggerListener.log Command line argument:             -Djava.util.logging.config.file=C:\Users\USER\Desktop\PROGRAMACIONBRYAN\Modulo2\apache-tomcat-9.0.96-windows-x64\apache-tomcat-9.0.96\conf\logging.properties
25-Nov-2024 23:31:41.869 INFO [main] org.apache.catalina.startup.VersionLoggerListener.log Command line argument:             -Djava.util.logging.manager=org.apache.juli.ClassLoaderLogManager
25-Nov-2024 23:31:41.870 INFO [main] org.apache.catalina.startup.VersionLoggerListener.log Command line argument:             -Djdk.tls.ephemeralDHKeySize=2048
25-Nov-2024 23:31:41.873 INFO [main] org.apache.catalina.startup.VersionLoggerListener.log Command line argument:             -Djava.protocol.handler.pkgs=org.apache.catalina.webresources
25-Nov-2024 23:31:41.876 INFO [main] org.apache.catalina.startup.VersionLoggerListener.log Command line argument:             -Dignore.endorsed.dirs=
25-Nov-2024 23:31:41.877 INFO [main] org.apache.catalina.startup.VersionLoggerListener.log Command line argument:             -Dcatalina.base=C:\Users\USER\Desktop\PROGRAMACIONBRYAN\Modulo2\apache-tomcat-9.0.96-windows-x64\apache-tomcat-9.0.96
25-Nov-2024 23:31:41.879 INFO [main] org.apache.catalina.startup.VersionLoggerListener.log Command line argument:             -Dcatalina.home=C:\Users\USER\Desktop\PROGRAMACIONBRYAN\Modulo2\apache-tomcat-9.0.96-windows-x64\apache-tomcat-9.0.96
25-Nov-2024 23:31:41.888 INFO [main] org.apache.catalina.startup.VersionLoggerListener.log Command line argument:             -Djava.io.tmpdir=C:\Users\USER\Desktop\PROGRAMACIONBRYAN\Modulo2\apache-tomcat-9.0.96-windows-x64\apache-tomcat-9.0.96\temp
25-Nov-2024 23:31:41.904 INFO [main] org.apache.catalina.core.AprLifecycleListener.lifecycleEvent Cargada la biblioteca nativa APR de Apache Tomcat [1.3.1] con la versión APR [1.7.4].
25-Nov-2024 23:31:41.906 INFO [main] org.apache.catalina.core.AprLifecycleListener.lifecycleEvent Capacidades APR: IPv6 [true], enviar fichero [true], aceptar filtros [false], aleatorio [true], UDS [true].
25-Nov-2024 23:31:41.907 INFO [main] org.apache.catalina.core.AprLifecycleListener.lifecycleEvent APR/OpenSSL configuration: useAprConnector [false], useOpenSSL [true]
25-Nov-2024 23:31:41.931 INFO [main] org.apache.catalina.core.AprLifecycleListener.initializeSSL OpenSSL inicializado correctamente [OpenSSL 3.0.14 4 Jun 2024]
25-Nov-2024 23:31:43.538 INFO [main] org.apache.coyote.AbstractProtocol.init Inicializando el manejador de protocolo ["http-nio-8080"]

25-Nov-2024 23:31:43.652 INFO [main] org.apache.catalina.startup.Catalina.load Server initialization in [2891] milliseconds
25-Nov-2024 23:31:43.758 WARNING [main] java.util.ArrayList.forEach Name = ConexionInventario Property maxActive is not used in DBCP2, use maxTotal instead. maxTotal default value is 8. You have set value of "100" for "maxActive" property, which is being ignored.
25-Nov-2024 23:31:43.763 WARNING [main] java.util.ArrayList.forEach Name = ConexionInventario Property maxWait is not used in DBCP2 , use maxWaitMillis instead. maxWaitMillis default value is PT-0.001S. You have set value of "10000" for "maxWait" property, which is being ignored.
25-Nov-2024 23:31:43.767 INFO [main] java.util.ArrayList.forEach Name = ConexionInventario Ignoring unknown property: value of "jdbc/ConexionInventario" for "global" property
25-Nov-2024 23:31:44.002 INFO [main] org.apache.catalina.core.StandardService.startInternal Arrancando servicio [Catalina]
25-Nov-2024 23:31:44.007 INFO [main] org.apache.catalina.core.StandardEngine.startInternal Starting Servlet engine: [Apache Tomcat/9.0.96]
25-Nov-2024 23:31:44.088 INFO [main] org.apache.catalina.startup.HostConfig.deployWAR Despliegue del archivo [C:\Users\USER\Desktop\PROGRAMACIONBRYAN\Modulo2\apache-tomcat-9.0.96-windows-x64\apache-tomcat-9.0.96\webapps\ejemploweb.war] de la aplicación web
25-Nov-2024 23:31:51.582 INFO [main] org.apache.jasper.servlet.TldScanner.scanJars Al menos un JAR, que se ha explorado buscando TLDs, aún no contenía TLDs. Activar historial de depuración para este historiador para una completa lista de los JARs que fueron explorados y de los que nos se halló TLDs. Saltarse JARs no necesarios durante la exploración puede dar lugar a una mejora de tiempo significativa en el arranque y compilación de JSP .
25-Nov-2024 23:31:58.451 INFO [main] org.apache.catalina.startup.HostConfig.deployWAR Deployment of web application archive [C:\Users\USER\Desktop\PROGRAMACIONBRYAN\Modulo2\apache-tomcat-9.0.96-windows-x64\apache-tomcat-9.0.96\webapps\ejemploweb.war] has finished in [14.363] ms
25-Nov-2024 23:31:58.491 INFO [main] org.apache.catalina.startup.HostConfig.deployWAR Despliegue del archivo [C:\Users\USER\Desktop\PROGRAMACIONBRYAN\Modulo2\apache-tomcat-9.0.96-windows-x64\apache-tomcat-9.0.96\webapps\evaluacion.war] de la aplicación web
25-Nov-2024 23:32:04.755 INFO [main] org.apache.jasper.servlet.TldScanner.scanJars Al menos un JAR, que se ha explorado buscando TLDs, aún no contenía TLDs. Activar historial de depuración para este historiador para una completa lista de los JARs que fueron explorados y de los que nos se halló TLDs. Saltarse JARs no necesarios durante la exploración puede dar lugar a una mejora de tiempo significativa en el arranque y compilación de JSP .
25-Nov-2024 23:32:08.662 INFO [main] org.apache.catalina.startup.HostConfig.deployWAR Deployment of web application archive [C:\Users\USER\Desktop\PROGRAMACIONBRYAN\Modulo2\apache-tomcat-9.0.96-windows-x64\apache-tomcat-9.0.96\webapps\evaluacion.war] has finished in [10.171] ms
25-Nov-2024 23:32:08.669 INFO [main] org.apache.catalina.startup.HostConfig.deployWAR Despliegue del archivo [C:\Users\USER\Desktop\PROGRAMACIONBRYAN\Modulo2\apache-tomcat-9.0.96-windows-x64\apache-tomcat-9.0.96\webapps\inventario.war] de la aplicación web
25-Nov-2024 23:32:13.474 INFO [main] org.apache.jasper.servlet.TldScanner.scanJars Al menos un JAR, que se ha explorado buscando TLDs, aún no contenía TLDs. Activar historial de depuración para este historiador para una completa lista de los JARs que fueron explorados y de los que nos se halló TLDs. Saltarse JARs no necesarios durante la exploración puede dar lugar a una mejora de tiempo significativa en el arranque y compilación de JSP .
25-Nov-2024 23:32:17.054 INFO [main] org.apache.catalina.startup.HostConfig.deployWAR Deployment of web application archive [C:\Users\USER\Desktop\PROGRAMACIONBRYAN\Modulo2\apache-tomcat-9.0.96-windows-x64\apache-tomcat-9.0.96\webapps\inventario.war] has finished in [8.385] ms
25-Nov-2024 23:32:17.060 INFO [main] org.apache.catalina.startup.HostConfig.deployWAR Despliegue del archivo [C:\Users\USER\Desktop\PROGRAMACIONBRYAN\Modulo2\apache-tomcat-9.0.96-windows-x64\apache-tomcat-9.0.96\webapps\inventarios.war] de la aplicación web
25-Nov-2024 23:32:17.074 INFO [main] org.apache.catalina.startup.ExpandWar.expand An expanded directory [C:\Users\USER\Desktop\PROGRAMACIONBRYAN\Modulo2\apache-tomcat-9.0.96-windows-x64\apache-tomcat-9.0.96\webapps\inventarios] was found with a last modified time that did not match the associated WAR. It will be deleted.
25-Nov-2024 23:32:23.545 INFO [main] org.apache.jasper.servlet.TldScanner.scanJars Al menos un JAR, que se ha explorado buscando TLDs, aún no contenía TLDs. Activar historial de depuración para este historiador para una completa lista de los JARs que fueron explorados y de los que nos se halló TLDs. Saltarse JARs no necesarios durante la exploración puede dar lugar a una mejora de tiempo significativa en el arranque y compilación de JSP .
25-Nov-2024 23:32:27.271 WARNING [main] org.glassfish.jersey.server.wadl.WadlFeature.configure JAXBContext implementation could not be found. WADL feature is disabled.
25-Nov-2024 23:32:29.897 INFO [main] org.apache.catalina.startup.HostConfig.deployWAR Deployment of web application archive [C:\Users\USER\Desktop\PROGRAMACIONBRYAN\Modulo2\apache-tomcat-9.0.96-windows-x64\apache-tomcat-9.0.96\webapps\inventarios.war] has finished in [12.836] ms
25-Nov-2024 23:32:29.904 INFO [main] org.apache.catalina.startup.HostConfig.deployDirectory Desplegando el directorio [C:\Users\USER\Desktop\PROGRAMACIONBRYAN\Modulo2\apache-tomcat-9.0.96-windows-x64\apache-tomcat-9.0.96\webapps\docs] de la aplicación web
25-Nov-2024 23:32:30.495 INFO [main] org.apache.jasper.servlet.TldScanner.scanJars Al menos un JAR, que se ha explorado buscando TLDs, aún no contenía TLDs. Activar historial de depuración para este historiador para una completa lista de los JARs que fueron explorados y de los que nos se halló TLDs. Saltarse JARs no necesarios durante la exploración puede dar lugar a una mejora de tiempo significativa en el arranque y compilación de JSP .
25-Nov-2024 23:32:30.509 INFO [main] org.apache.catalina.startup.HostConfig.deployDirectory Deployment of web application directory [C:\Users\USER\Desktop\PROGRAMACIONBRYAN\Modulo2\apache-tomcat-9.0.96-windows-x64\apache-tomcat-9.0.96\webapps\docs] has finished in [605] ms
25-Nov-2024 23:32:30.513 INFO [main] org.apache.catalina.startup.HostConfig.deployDirectory Desplegando el directorio [C:\Users\USER\Desktop\PROGRAMACIONBRYAN\Modulo2\apache-tomcat-9.0.96-windows-x64\apache-tomcat-9.0.96\webapps\examples] de la aplicación web
25-Nov-2024 23:32:32.582 INFO [main] org.apache.jasper.servlet.TldScanner.scanJars Al menos un JAR, que se ha explorado buscando TLDs, aún no contenía TLDs. Activar historial de depuración para este historiador para una completa lista de los JARs que fueron explorados y de los que nos se halló TLDs. Saltarse JARs no necesarios durante la exploración puede dar lugar a una mejora de tiempo significativa en el arranque y compilación de JSP .
25-Nov-2024 23:32:32.906 INFO [main] org.apache.catalina.startup.HostConfig.deployDirectory Deployment of web application directory [C:\Users\USER\Desktop\PROGRAMACIONBRYAN\Modulo2\apache-tomcat-9.0.96-windows-x64\apache-tomcat-9.0.96\webapps\examples] has finished in [2.393] ms
25-Nov-2024 23:32:32.913 INFO [main] org.apache.catalina.startup.HostConfig.deployDirectory Desplegando el directorio [C:\Users\USER\Desktop\PROGRAMACIONBRYAN\Modulo2\apache-tomcat-9.0.96-windows-x64\apache-tomcat-9.0.96\webapps\host-manager] de la aplicación web
25-Nov-2024 23:32:33.529 INFO [main] org.apache.jasper.servlet.TldScanner.scanJars Al menos un JAR, que se ha explorado buscando TLDs, aún no contenía TLDs. Activar historial de depuración para este historiador para una completa lista de los JARs que fueron explorados y de los que nos se halló TLDs. Saltarse JARs no necesarios durante la exploración puede dar lugar a una mejora de tiempo significativa en el arranque y compilación de JSP .
25-Nov-2024 23:32:33.564 INFO [main] org.apache.catalina.startup.HostConfig.deployDirectory Deployment of web application directory [C:\Users\USER\Desktop\PROGRAMACIONBRYAN\Modulo2\apache-tomcat-9.0.96-windows-x64\apache-tomcat-9.0.96\webapps\host-manager] has finished in [652] ms
25-Nov-2024 23:32:33.571 INFO [main] org.apache.catalina.startup.HostConfig.deployDirectory Desplegando el directorio [C:\Users\USER\Desktop\PROGRAMACIONBRYAN\Modulo2\apache-tomcat-9.0.96-windows-x64\apache-tomcat-9.0.96\webapps\manager] de la aplicación web
25-Nov-2024 23:32:34.049 INFO [main] org.apache.jasper.servlet.TldScanner.scanJars Al menos un JAR, que se ha explorado buscando TLDs, aún no contenía TLDs. Activar historial de depuración para este historiador para una completa lista de los JARs que fueron explorados y de los que nos se halló TLDs. Saltarse JARs no necesarios durante la exploración puede dar lugar a una mejora de tiempo significativa en el arranque y compilación de JSP .
25-Nov-2024 23:32:34.102 INFO [main] org.apache.catalina.startup.HostConfig.deployDirectory Deployment of web application directory [C:\Users\USER\Desktop\PROGRAMACIONBRYAN\Modulo2\apache-tomcat-9.0.96-windows-x64\apache-tomcat-9.0.96\webapps\manager] has finished in [527] ms
25-Nov-2024 23:32:34.110 INFO [main] org.apache.catalina.startup.HostConfig.deployDirectory Desplegando el directorio [C:\Users\USER\Desktop\PROGRAMACIONBRYAN\Modulo2\apache-tomcat-9.0.96-windows-x64\apache-tomcat-9.0.96\webapps\ROOT] de la aplicación web
25-Nov-2024 23:32:34.644 INFO [main] org.apache.jasper.servlet.TldScanner.scanJars Al menos un JAR, que se ha explorado buscando TLDs, aún no contenía TLDs. Activar historial de depuración para este historiador para una completa lista de los JARs que fueron explorados y de los que nos se halló TLDs. Saltarse JARs no necesarios durante la exploración puede dar lugar a una mejora de tiempo significativa en el arranque y compilación de JSP .
25-Nov-2024 23:32:34.666 INFO [main] org.apache.catalina.startup.HostConfig.deployDirectory Deployment of web application directory [C:\Users\USER\Desktop\PROGRAMACIONBRYAN\Modulo2\apache-tomcat-9.0.96-windows-x64\apache-tomcat-9.0.96\webapps\ROOT] has finished in [556] ms
25-Nov-2024 23:32:34.689 INFO [main] org.apache.coyote.AbstractProtocol.start Starting ProtocolHandler ["http-nio-8080"]
25-Nov-2024 23:32:34.817 INFO [main] org.apache.catalina.startup.Catalina.start Server startup in [51157] milliseconds
25-Nov-2024 23:38:31.018 INFO [main] org.apache.catalina.startup.VersionLoggerListener.log Nombre de la versión del servidor: Apache Tomcat/9.0.96
25-Nov-2024 23:38:31.033 INFO [main] org.apache.catalina.startup.VersionLoggerListener.log Server built:                      Oct 3 2024 19:44:30 UTC
25-Nov-2024 23:38:31.035 INFO [main] org.apache.catalina.startup.VersionLoggerListener.log Número de versión de servidor:     9.0.96.0
25-Nov-2024 23:38:31.035 INFO [main] org.apache.catalina.startup.VersionLoggerListener.log OS Name:                           Windows 10
25-Nov-2024 23:38:31.037 INFO [main] org.apache.catalina.startup.VersionLoggerListener.log Versión de Systema Operativo:      10.0
25-Nov-2024 23:38:31.039 INFO [main] org.apache.catalina.startup.VersionLoggerListener.log Arquitectura:                      amd64
25-Nov-2024 23:38:31.040 INFO [main] org.apache.catalina.startup.VersionLoggerListener.log Java Home:                         C:\Program Files\Java\jdk-23
25-Nov-2024 23:38:31.041 INFO [main] org.apache.catalina.startup.VersionLoggerListener.log JVM Version:                       23+37-2369
25-Nov-2024 23:38:31.044 INFO [main] org.apache.catalina.startup.VersionLoggerListener.log Vededor JVM:                       Oracle Corporation
25-Nov-2024 23:38:31.046 INFO [main] org.apache.catalina.startup.VersionLoggerListener.log CATALINA_BASE:                     C:\Users\USER\Desktop\PROGRAMACIONBRYAN\Modulo2\apache-tomcat-9.0.96-windows-x64\apache-tomcat-9.0.96
25-Nov-2024 23:38:31.047 INFO [main] org.apache.catalina.startup.VersionLoggerListener.log CATALINA_HOME:                     C:\Users\USER\Desktop\PROGRAMACIONBRYAN\Modulo2\apache-tomcat-9.0.96-windows-x64\apache-tomcat-9.0.96
25-Nov-2024 23:38:31.085 INFO [main] org.apache.catalina.startup.VersionLoggerListener.log Command line argument:             --add-opens=java.base/java.lang=ALL-UNNAMED
25-Nov-2024 23:38:31.086 INFO [main] org.apache.catalina.startup.VersionLoggerListener.log Command line argument:             --add-opens=java.base/java.io=ALL-UNNAMED
25-Nov-2024 23:38:31.088 INFO [main] org.apache.catalina.startup.VersionLoggerListener.log Command line argument:             --add-opens=java.base/java.util=ALL-UNNAMED
25-Nov-2024 23:38:31.090 INFO [main] org.apache.catalina.startup.VersionLoggerListener.log Command line argument:             --add-opens=java.base/java.util.concurrent=ALL-UNNAMED
25-Nov-2024 23:38:31.094 INFO [main] org.apache.catalina.startup.VersionLoggerListener.log Command line argument:             --add-opens=java.rmi/sun.rmi.transport=ALL-UNNAMED
25-Nov-2024 23:38:31.096 INFO [main] org.apache.catalina.startup.VersionLoggerListener.log Command line argument:             -Djava.util.logging.config.file=C:\Users\USER\Desktop\PROGRAMACIONBRYAN\Modulo2\apache-tomcat-9.0.96-windows-x64\apache-tomcat-9.0.96\conf\logging.properties
25-Nov-2024 23:38:31.103 INFO [main] org.apache.catalina.startup.VersionLoggerListener.log Command line argument:             -Djava.util.logging.manager=org.apache.juli.ClassLoaderLogManager
25-Nov-2024 23:38:31.107 INFO [main] org.apache.catalina.startup.VersionLoggerListener.log Command line argument:             -Djdk.tls.ephemeralDHKeySize=2048
25-Nov-2024 23:38:31.111 INFO [main] org.apache.catalina.startup.VersionLoggerListener.log Command line argument:             -Djava.protocol.handler.pkgs=org.apache.catalina.webresources
25-Nov-2024 23:38:31.118 INFO [main] org.apache.catalina.startup.VersionLoggerListener.log Command line argument:             -Dignore.endorsed.dirs=
25-Nov-2024 23:38:31.119 INFO [main] org.apache.catalina.startup.VersionLoggerListener.log Command line argument:             -Dcatalina.base=C:\Users\USER\Desktop\PROGRAMACIONBRYAN\Modulo2\apache-tomcat-9.0.96-windows-x64\apache-tomcat-9.0.96
25-Nov-2024 23:38:31.122 INFO [main] org.apache.catalina.startup.VersionLoggerListener.log Command line argument:             -Dcatalina.home=C:\Users\USER\Desktop\PROGRAMACIONBRYAN\Modulo2\apache-tomcat-9.0.96-windows-x64\apache-tomcat-9.0.96
25-Nov-2024 23:38:31.125 INFO [main] org.apache.catalina.startup.VersionLoggerListener.log Command line argument:             -Djava.io.tmpdir=C:\Users\USER\Desktop\PROGRAMACIONBRYAN\Modulo2\apache-tomcat-9.0.96-windows-x64\apache-tomcat-9.0.96\temp
25-Nov-2024 23:38:31.148 INFO [main] org.apache.catalina.core.AprLifecycleListener.lifecycleEvent Cargada la biblioteca nativa APR de Apache Tomcat [1.3.1] con la versión APR [1.7.4].
25-Nov-2024 23:38:31.150 INFO [main] org.apache.catalina.core.AprLifecycleListener.lifecycleEvent Capacidades APR: IPv6 [true], enviar fichero [true], aceptar filtros [false], aleatorio [true], UDS [true].
25-Nov-2024 23:38:31.154 INFO [main] org.apache.catalina.core.AprLifecycleListener.lifecycleEvent APR/OpenSSL configuration: useAprConnector [false], useOpenSSL [true]
25-Nov-2024 23:38:31.181 INFO [main] org.apache.catalina.core.AprLifecycleListener.initializeSSL OpenSSL inicializado correctamente [OpenSSL 3.0.14 4 Jun 2024]
25-Nov-2024 23:38:34.558 INFO [main] org.apache.coyote.AbstractProtocol.init Inicializando el manejador de protocolo ["http-nio-8080"]

25-Nov-2024 23:38:34.709 INFO [main] org.apache.catalina.startup.Catalina.load Server initialization in [4911] milliseconds
25-Nov-2024 23:38:34.812 WARNING [main] java.util.ArrayList.forEach Name = ConexionInventario Property maxActive is not used in DBCP2, use maxTotal instead. maxTotal default value is 8. You have set value of "100" for "maxActive" property, which is being ignored.
25-Nov-2024 23:38:34.814 WARNING [main] java.util.ArrayList.forEach Name = ConexionInventario Property maxWait is not used in DBCP2 , use maxWaitMillis instead. maxWaitMillis default value is PT-0.001S. You have set value of "10000" for "maxWait" property, which is being ignored.
25-Nov-2024 23:38:34.820 INFO [main] java.util.ArrayList.forEach Name = ConexionInventario Ignoring unknown property: value of "jdbc/ConexionInventario" for "global" property
25-Nov-2024 23:38:35.156 INFO [main] org.apache.catalina.core.StandardService.startInternal Arrancando servicio [Catalina]
25-Nov-2024 23:38:35.164 INFO [main] org.apache.catalina.core.StandardEngine.startInternal Starting Servlet engine: [Apache Tomcat/9.0.96]
25-Nov-2024 23:38:35.259 INFO [main] org.apache.catalina.startup.HostConfig.deployWAR Despliegue del archivo [C:\Users\USER\Desktop\PROGRAMACIONBRYAN\Modulo2\apache-tomcat-9.0.96-windows-x64\apache-tomcat-9.0.96\webapps\ejemploweb.war] de la aplicación web
25-Nov-2024 23:38:42.230 INFO [main] org.apache.jasper.servlet.TldScanner.scanJars Al menos un JAR, que se ha explorado buscando TLDs, aún no contenía TLDs. Activar historial de depuración para este historiador para una completa lista de los JARs que fueron explorados y de los que nos se halló TLDs. Saltarse JARs no necesarios durante la exploración puede dar lugar a una mejora de tiempo significativa en el arranque y compilación de JSP .
25-Nov-2024 23:38:48.192 INFO [main] org.apache.catalina.startup.HostConfig.deployWAR Deployment of web application archive [C:\Users\USER\Desktop\PROGRAMACIONBRYAN\Modulo2\apache-tomcat-9.0.96-windows-x64\apache-tomcat-9.0.96\webapps\ejemploweb.war] has finished in [12.932] ms
25-Nov-2024 23:38:48.203 INFO [main] org.apache.catalina.startup.HostConfig.deployWAR Despliegue del archivo [C:\Users\USER\Desktop\PROGRAMACIONBRYAN\Modulo2\apache-tomcat-9.0.96-windows-x64\apache-tomcat-9.0.96\webapps\evaluacion.war] de la aplicación web
25-Nov-2024 23:38:51.797 INFO [main] org.apache.jasper.servlet.TldScanner.scanJars Al menos un JAR, que se ha explorado buscando TLDs, aún no contenía TLDs. Activar historial de depuración para este historiador para una completa lista de los JARs que fueron explorados y de los que nos se halló TLDs. Saltarse JARs no necesarios durante la exploración puede dar lugar a una mejora de tiempo significativa en el arranque y compilación de JSP .
25-Nov-2024 23:38:55.339 INFO [main] org.apache.catalina.startup.HostConfig.deployWAR Deployment of web application archive [C:\Users\USER\Desktop\PROGRAMACIONBRYAN\Modulo2\apache-tomcat-9.0.96-windows-x64\apache-tomcat-9.0.96\webapps\evaluacion.war] has finished in [7.136] ms
25-Nov-2024 23:38:55.344 INFO [main] org.apache.catalina.startup.HostConfig.deployWAR Despliegue del archivo [C:\Users\USER\Desktop\PROGRAMACIONBRYAN\Modulo2\apache-tomcat-9.0.96-windows-x64\apache-tomcat-9.0.96\webapps\inventario.war] de la aplicación web
25-Nov-2024 23:38:58.565 INFO [main] org.apache.jasper.servlet.TldScanner.scanJars Al menos un JAR, que se ha explorado buscando TLDs, aún no contenía TLDs. Activar historial de depuración para este historiador para una completa lista de los JARs que fueron explorados y de los que nos se halló TLDs. Saltarse JARs no necesarios durante la exploración puede dar lugar a una mejora de tiempo significativa en el arranque y compilación de JSP .
25-Nov-2024 23:39:02.072 INFO [main] org.apache.catalina.startup.HostConfig.deployWAR Deployment of web application archive [C:\Users\USER\Desktop\PROGRAMACIONBRYAN\Modulo2\apache-tomcat-9.0.96-windows-x64\apache-tomcat-9.0.96\webapps\inventario.war] has finished in [6.727] ms
25-Nov-2024 23:39:02.081 INFO [main] org.apache.catalina.startup.HostConfig.deployWAR Despliegue del archivo [C:\Users\USER\Desktop\PROGRAMACIONBRYAN\Modulo2\apache-tomcat-9.0.96-windows-x64\apache-tomcat-9.0.96\webapps\inventarios.war] de la aplicación web
25-Nov-2024 23:39:02.109 INFO [main] org.apache.catalina.startup.ExpandWar.expand An expanded directory [C:\Users\USER\Desktop\PROGRAMACIONBRYAN\Modulo2\apache-tomcat-9.0.96-windows-x64\apache-tomcat-9.0.96\webapps\inventarios] was found with a last modified time that did not match the associated WAR. It will be deleted.
25-Nov-2024 23:39:06.916 INFO [main] org.apache.jasper.servlet.TldScanner.scanJars Al menos un JAR, que se ha explorado buscando TLDs, aún no contenía TLDs. Activar historial de depuración para este historiador para una completa lista de los JARs que fueron explorados y de los que nos se halló TLDs. Saltarse JARs no necesarios durante la exploración puede dar lugar a una mejora de tiempo significativa en el arranque y compilación de JSP .
25-Nov-2024 23:39:08.959 WARNING [main] org.glassfish.jersey.server.wadl.WadlFeature.configure JAXBContext implementation could not be found. WADL feature is disabled.
25-Nov-2024 23:39:11.694 INFO [main] org.apache.catalina.startup.HostConfig.deployWAR Deployment of web application archive [C:\Users\USER\Desktop\PROGRAMACIONBRYAN\Modulo2\apache-tomcat-9.0.96-windows-x64\apache-tomcat-9.0.96\webapps\inventarios.war] has finished in [9.613] ms
25-Nov-2024 23:39:11.697 INFO [main] org.apache.catalina.startup.HostConfig.deployDirectory Desplegando el directorio [C:\Users\USER\Desktop\PROGRAMACIONBRYAN\Modulo2\apache-tomcat-9.0.96-windows-x64\apache-tomcat-9.0.96\webapps\docs] de la aplicación web
25-Nov-2024 23:39:12.163 INFO [main] org.apache.jasper.servlet.TldScanner.scanJars Al menos un JAR, que se ha explorado buscando TLDs, aún no contenía TLDs. Activar historial de depuración para este historiador para una completa lista de los JARs que fueron explorados y de los que nos se halló TLDs. Saltarse JARs no necesarios durante la exploración puede dar lugar a una mejora de tiempo significativa en el arranque y compilación de JSP .
25-Nov-2024 23:39:12.177 INFO [main] org.apache.catalina.startup.HostConfig.deployDirectory Deployment of web application directory [C:\Users\USER\Desktop\PROGRAMACIONBRYAN\Modulo2\apache-tomcat-9.0.96-windows-x64\apache-tomcat-9.0.96\webapps\docs] has finished in [480] ms
25-Nov-2024 23:39:12.180 INFO [main] org.apache.catalina.startup.HostConfig.deployDirectory Desplegando el directorio [C:\Users\USER\Desktop\PROGRAMACIONBRYAN\Modulo2\apache-tomcat-9.0.96-windows-x64\apache-tomcat-9.0.96\webapps\examples] de la aplicación web
25-Nov-2024 23:39:13.932 INFO [main] org.apache.jasper.servlet.TldScanner.scanJars Al menos un JAR, que se ha explorado buscando TLDs, aún no contenía TLDs. Activar historial de depuración para este historiador para una completa lista de los JARs que fueron explorados y de los que nos se halló TLDs. Saltarse JARs no necesarios durante la exploración puede dar lugar a una mejora de tiempo significativa en el arranque y compilación de JSP .
25-Nov-2024 23:39:14.163 INFO [main] org.apache.catalina.startup.HostConfig.deployDirectory Deployment of web application directory [C:\Users\USER\Desktop\PROGRAMACIONBRYAN\Modulo2\apache-tomcat-9.0.96-windows-x64\apache-tomcat-9.0.96\webapps\examples] has finished in [1.983] ms
25-Nov-2024 23:39:14.164 INFO [main] org.apache.catalina.startup.HostConfig.deployDirectory Desplegando el directorio [C:\Users\USER\Desktop\PROGRAMACIONBRYAN\Modulo2\apache-tomcat-9.0.96-windows-x64\apache-tomcat-9.0.96\webapps\host-manager] de la aplicación web
25-Nov-2024 23:39:14.855 INFO [main] org.apache.jasper.servlet.TldScanner.scanJars Al menos un JAR, que se ha explorado buscando TLDs, aún no contenía TLDs. Activar historial de depuración para este historiador para una completa lista de los JARs que fueron explorados y de los que nos se halló TLDs. Saltarse JARs no necesarios durante la exploración puede dar lugar a una mejora de tiempo significativa en el arranque y compilación de JSP .
25-Nov-2024 23:39:14.883 INFO [main] org.apache.catalina.startup.HostConfig.deployDirectory Deployment of web application directory [C:\Users\USER\Desktop\PROGRAMACIONBRYAN\Modulo2\apache-tomcat-9.0.96-windows-x64\apache-tomcat-9.0.96\webapps\host-manager] has finished in [719] ms
25-Nov-2024 23:39:14.886 INFO [main] org.apache.catalina.startup.HostConfig.deployDirectory Desplegando el directorio [C:\Users\USER\Desktop\PROGRAMACIONBRYAN\Modulo2\apache-tomcat-9.0.96-windows-x64\apache-tomcat-9.0.96\webapps\manager] de la aplicación web
25-Nov-2024 23:39:15.462 INFO [main] org.apache.jasper.servlet.TldScanner.scanJars Al menos un JAR, que se ha explorado buscando TLDs, aún no contenía TLDs. Activar historial de depuración para este historiador para una completa lista de los JARs que fueron explorados y de los que nos se halló TLDs. Saltarse JARs no necesarios durante la exploración puede dar lugar a una mejora de tiempo significativa en el arranque y compilación de JSP .
25-Nov-2024 23:39:15.480 INFO [main] org.apache.catalina.startup.HostConfig.deployDirectory Deployment of web application directory [C:\Users\USER\Desktop\PROGRAMACIONBRYAN\Modulo2\apache-tomcat-9.0.96-windows-x64\apache-tomcat-9.0.96\webapps\manager] has finished in [590] ms
25-Nov-2024 23:39:15.483 INFO [main] org.apache.catalina.startup.HostConfig.deployDirectory Desplegando el directorio [C:\Users\USER\Desktop\PROGRAMACIONBRYAN\Modulo2\apache-tomcat-9.0.96-windows-x64\apache-tomcat-9.0.96\webapps\ROOT] de la aplicación web
25-Nov-2024 23:39:15.871 INFO [main] org.apache.jasper.servlet.TldScanner.scanJars Al menos un JAR, que se ha explorado buscando TLDs, aún no contenía TLDs. Activar historial de depuración para este historiador para una completa lista de los JARs que fueron explorados y de los que nos se halló TLDs. Saltarse JARs no necesarios durante la exploración puede dar lugar a una mejora de tiempo significativa en el arranque y compilación de JSP .
25-Nov-2024 23:39:15.884 INFO [main] org.apache.catalina.startup.HostConfig.deployDirectory Deployment of web application directory [C:\Users\USER\Desktop\PROGRAMACIONBRYAN\Modulo2\apache-tomcat-9.0.96-windows-x64\apache-tomcat-9.0.96\webapps\ROOT] has finished in [400] ms
25-Nov-2024 23:39:15.900 INFO [main] org.apache.coyote.AbstractProtocol.start Starting ProtocolHandler ["http-nio-8080"]
25-Nov-2024 23:39:15.976 INFO [main] org.apache.catalina.startup.Catalina.start Server startup in [41251] milliseconds
