25-Oct-2024 09:25:16.147 INFO [main] org.apache.catalina.startup.VersionLoggerListener.log Nombre de la versión del servidor: Apache Tomcat/9.0.96
25-Oct-2024 09:25:16.166 INFO [main] org.apache.catalina.startup.VersionLoggerListener.log Server built:                      Oct 3 2024 19:44:30 UTC
25-Oct-2024 09:25:16.180 INFO [main] org.apache.catalina.startup.VersionLoggerListener.log Número de versión de servidor:     9.0.96.0
25-Oct-2024 09:25:16.187 INFO [main] org.apache.catalina.startup.VersionLoggerListener.log OS Name:                           Windows 10
25-Oct-2024 09:25:16.191 INFO [main] org.apache.catalina.startup.VersionLoggerListener.log Versión de Systema Operativo:      10.0
25-Oct-2024 09:25:16.195 INFO [main] org.apache.catalina.startup.VersionLoggerListener.log Arquitectura:                      amd64
25-Oct-2024 09:25:16.199 INFO [main] org.apache.catalina.startup.VersionLoggerListener.log Java Home:                         C:\Program Files\Java\jdk-23
25-Oct-2024 09:25:16.201 INFO [main] org.apache.catalina.startup.VersionLoggerListener.log JVM Version:                       23+37-2369
25-Oct-2024 09:25:16.205 INFO [main] org.apache.catalina.startup.VersionLoggerListener.log Vededor JVM:                       Oracle Corporation
25-Oct-2024 09:25:16.207 INFO [main] org.apache.catalina.startup.VersionLoggerListener.log CATALINA_BASE:                     C:\Users\USER\Desktop\PROGRAMACIONBRYAN\Modulo2\apache-tomcat-9.0.96-windows-x64\apache-tomcat-9.0.96
25-Oct-2024 09:25:16.208 INFO [main] org.apache.catalina.startup.VersionLoggerListener.log CATALINA_HOME:                     C:\Users\USER\Desktop\PROGRAMACIONBRYAN\Modulo2\apache-tomcat-9.0.96-windows-x64\apache-tomcat-9.0.96
25-Oct-2024 09:25:16.257 INFO [main] org.apache.catalina.startup.VersionLoggerListener.log Command line argument:             --add-opens=java.base/java.lang=ALL-UNNAMED
25-Oct-2024 09:25:16.263 INFO [main] org.apache.catalina.startup.VersionLoggerListener.log Command line argument:             --add-opens=java.base/java.io=ALL-UNNAMED
25-Oct-2024 09:25:16.265 INFO [main] org.apache.catalina.startup.VersionLoggerListener.log Command line argument:             --add-opens=java.base/java.util=ALL-UNNAMED
25-Oct-2024 09:25:16.279 INFO [main] org.apache.catalina.startup.VersionLoggerListener.log Command line argument:             --add-opens=java.base/java.util.concurrent=ALL-UNNAMED
25-Oct-2024 09:25:16.289 INFO [main] org.apache.catalina.startup.VersionLoggerListener.log Command line argument:             --add-opens=java.rmi/sun.rmi.transport=ALL-UNNAMED
25-Oct-2024 09:25:16.304 INFO [main] org.apache.catalina.startup.VersionLoggerListener.log Command line argument:             -Djava.util.logging.config.file=C:\Users\USER\Desktop\PROGRAMACIONBRYAN\Modulo2\apache-tomcat-9.0.96-windows-x64\apache-tomcat-9.0.96\conf\logging.properties
25-Oct-2024 09:25:16.311 INFO [main] org.apache.catalina.startup.VersionLoggerListener.log Command line argument:             -Djava.util.logging.manager=org.apache.juli.ClassLoaderLogManager
25-Oct-2024 09:25:16.319 INFO [main] org.apache.catalina.startup.VersionLoggerListener.log Command line argument:             -Djdk.tls.ephemeralDHKeySize=2048
25-Oct-2024 09:25:16.331 INFO [main] org.apache.catalina.startup.VersionLoggerListener.log Command line argument:             -Djava.protocol.handler.pkgs=org.apache.catalina.webresources
25-Oct-2024 09:25:16.340 INFO [main] org.apache.catalina.startup.VersionLoggerListener.log Command line argument:             -Dignore.endorsed.dirs=
25-Oct-2024 09:25:16.343 INFO [main] org.apache.catalina.startup.VersionLoggerListener.log Command line argument:             -Dcatalina.base=C:\Users\USER\Desktop\PROGRAMACIONBRYAN\Modulo2\apache-tomcat-9.0.96-windows-x64\apache-tomcat-9.0.96
25-Oct-2024 09:25:16.347 INFO [main] org.apache.catalina.startup.VersionLoggerListener.log Command line argument:             -Dcatalina.home=C:\Users\USER\Desktop\PROGRAMACIONBRYAN\Modulo2\apache-tomcat-9.0.96-windows-x64\apache-tomcat-9.0.96
25-Oct-2024 09:25:16.351 INFO [main] org.apache.catalina.startup.VersionLoggerListener.log Command line argument:             -Djava.io.tmpdir=C:\Users\USER\Desktop\PROGRAMACIONBRYAN\Modulo2\apache-tomcat-9.0.96-windows-x64\apache-tomcat-9.0.96\temp
25-Oct-2024 09:25:16.383 INFO [main] org.apache.catalina.core.AprLifecycleListener.lifecycleEvent Cargada la biblioteca nativa APR de Apache Tomcat [1.3.1] con la versión APR [1.7.4].
25-Oct-2024 09:25:16.387 INFO [main] org.apache.catalina.core.AprLifecycleListener.lifecycleEvent Capacidades APR: IPv6 [true], enviar fichero [true], aceptar filtros [false], aleatorio [true], UDS [true].
25-Oct-2024 09:25:16.389 INFO [main] org.apache.catalina.core.AprLifecycleListener.lifecycleEvent APR/OpenSSL configuration: useAprConnector [false], useOpenSSL [true]
25-Oct-2024 09:25:16.461 INFO [main] org.apache.catalina.core.AprLifecycleListener.initializeSSL OpenSSL inicializado correctamente [OpenSSL 3.0.14 4 Jun 2024]
25-Oct-2024 09:25:18.510 INFO [main] org.apache.coyote.AbstractProtocol.init Inicializando el manejador de protocolo ["http-nio-8080"]

25-Oct-2024 09:25:18.659 INFO [main] org.apache.catalina.startup.Catalina.load Server initialization in [3931] milliseconds
25-Oct-2024 09:25:18.794 WARNING [main] java.util.ArrayList.forEach Name = ConBDD Property maxActive is not used in DBCP2, use maxTotal instead. maxTotal default value is 8. You have set value of "100" for "maxActive" property, which is being ignored.
25-Oct-2024 09:25:18.811 WARNING [main] java.util.ArrayList.forEach Name = ConBDD Property maxWait is not used in DBCP2 , use maxWaitMillis instead. maxWaitMillis default value is PT-0.001S. You have set value of "10000" for "maxWait" property, which is being ignored.
25-Oct-2024 09:25:18.820 INFO [main] java.util.ArrayList.forEach Name = ConBDD Ignoring unknown property: value of "jdbc/ConBDD" for "global" property
25-Oct-2024 09:25:19.166 INFO [main] org.apache.catalina.core.StandardService.startInternal Arrancando servicio [Catalina]
25-Oct-2024 09:25:19.172 INFO [main] org.apache.catalina.core.StandardEngine.startInternal Starting Servlet engine: [Apache Tomcat/9.0.96]
25-Oct-2024 09:25:19.274 INFO [main] org.apache.catalina.startup.HostConfig.deployWAR Despliegue del archivo [C:\Users\USER\Desktop\PROGRAMACIONBRYAN\Modulo2\apache-tomcat-9.0.96-windows-x64\apache-tomcat-9.0.96\webapps\ejemploweb.war] de la aplicación web
25-Oct-2024 09:25:26.576 INFO [main] org.apache.jasper.servlet.TldScanner.scanJars Al menos un JAR, que se ha explorado buscando TLDs, aún no contenía TLDs. Activar historial de depuración para este historiador para una completa lista de los JARs que fueron explorados y de los que nos se halló TLDs. Saltarse JARs no necesarios durante la exploración puede dar lugar a una mejora de tiempo significativa en el arranque y compilación de JSP .
25-Oct-2024 09:25:32.914 INFO [main] org.apache.catalina.startup.HostConfig.deployWAR Deployment of web application archive [C:\Users\USER\Desktop\PROGRAMACIONBRYAN\Modulo2\apache-tomcat-9.0.96-windows-x64\apache-tomcat-9.0.96\webapps\ejemploweb.war] has finished in [13.638] ms
25-Oct-2024 09:25:32.923 INFO [main] org.apache.catalina.startup.HostConfig.deployWAR Despliegue del archivo [C:\Users\USER\Desktop\PROGRAMACIONBRYAN\Modulo2\apache-tomcat-9.0.96-windows-x64\apache-tomcat-9.0.96\webapps\evaluacion.war] de la aplicación web
25-Oct-2024 09:25:32.948 INFO [main] org.apache.catalina.startup.ExpandWar.expand An expanded directory [C:\Users\USER\Desktop\PROGRAMACIONBRYAN\Modulo2\apache-tomcat-9.0.96-windows-x64\apache-tomcat-9.0.96\webapps\evaluacion] was found with a last modified time that did not match the associated WAR. It will be deleted.
25-Oct-2024 09:25:39.338 INFO [main] org.apache.jasper.servlet.TldScanner.scanJars Al menos un JAR, que se ha explorado buscando TLDs, aún no contenía TLDs. Activar historial de depuración para este historiador para una completa lista de los JARs que fueron explorados y de los que nos se halló TLDs. Saltarse JARs no necesarios durante la exploración puede dar lugar a una mejora de tiempo significativa en el arranque y compilación de JSP .
25-Oct-2024 09:25:44.377 INFO [main] org.apache.catalina.startup.HostConfig.deployWAR Deployment of web application archive [C:\Users\USER\Desktop\PROGRAMACIONBRYAN\Modulo2\apache-tomcat-9.0.96-windows-x64\apache-tomcat-9.0.96\webapps\evaluacion.war] has finished in [11.454] ms
25-Oct-2024 09:25:44.387 INFO [main] org.apache.catalina.startup.HostConfig.deployWAR Despliegue del archivo [C:\Users\USER\Desktop\PROGRAMACIONBRYAN\Modulo2\apache-tomcat-9.0.96-windows-x64\apache-tomcat-9.0.96\webapps\inventario.war] de la aplicación web
25-Oct-2024 09:25:49.201 INFO [main] org.apache.jasper.servlet.TldScanner.scanJars Al menos un JAR, que se ha explorado buscando TLDs, aún no contenía TLDs. Activar historial de depuración para este historiador para una completa lista de los JARs que fueron explorados y de los que nos se halló TLDs. Saltarse JARs no necesarios durante la exploración puede dar lugar a una mejora de tiempo significativa en el arranque y compilación de JSP .
25-Oct-2024 09:25:53.771 INFO [main] org.apache.catalina.startup.HostConfig.deployWAR Deployment of web application archive [C:\Users\USER\Desktop\PROGRAMACIONBRYAN\Modulo2\apache-tomcat-9.0.96-windows-x64\apache-tomcat-9.0.96\webapps\inventario.war] has finished in [9.384] ms
25-Oct-2024 09:25:53.777 INFO [main] org.apache.catalina.startup.HostConfig.deployDirectory Desplegando el directorio [C:\Users\USER\Desktop\PROGRAMACIONBRYAN\Modulo2\apache-tomcat-9.0.96-windows-x64\apache-tomcat-9.0.96\webapps\docs] de la aplicación web
25-Oct-2024 09:25:54.440 INFO [main] org.apache.jasper.servlet.TldScanner.scanJars Al menos un JAR, que se ha explorado buscando TLDs, aún no contenía TLDs. Activar historial de depuración para este historiador para una completa lista de los JARs que fueron explorados y de los que nos se halló TLDs. Saltarse JARs no necesarios durante la exploración puede dar lugar a una mejora de tiempo significativa en el arranque y compilación de JSP .
25-Oct-2024 09:25:54.464 INFO [main] org.apache.catalina.startup.HostConfig.deployDirectory Deployment of web application directory [C:\Users\USER\Desktop\PROGRAMACIONBRYAN\Modulo2\apache-tomcat-9.0.96-windows-x64\apache-tomcat-9.0.96\webapps\docs] has finished in [686] ms
25-Oct-2024 09:25:54.471 INFO [main] org.apache.catalina.startup.HostConfig.deployDirectory Desplegando el directorio [C:\Users\USER\Desktop\PROGRAMACIONBRYAN\Modulo2\apache-tomcat-9.0.96-windows-x64\apache-tomcat-9.0.96\webapps\examples] de la aplicación web
25-Oct-2024 09:25:56.685 INFO [main] org.apache.jasper.servlet.TldScanner.scanJars Al menos un JAR, que se ha explorado buscando TLDs, aún no contenía TLDs. Activar historial de depuración para este historiador para una completa lista de los JARs que fueron explorados y de los que nos se halló TLDs. Saltarse JARs no necesarios durante la exploración puede dar lugar a una mejora de tiempo significativa en el arranque y compilación de JSP .
25-Oct-2024 09:25:56.923 INFO [main] org.apache.catalina.startup.HostConfig.deployDirectory Deployment of web application directory [C:\Users\USER\Desktop\PROGRAMACIONBRYAN\Modulo2\apache-tomcat-9.0.96-windows-x64\apache-tomcat-9.0.96\webapps\examples] has finished in [2.453] ms
25-Oct-2024 09:25:56.929 INFO [main] org.apache.catalina.startup.HostConfig.deployDirectory Desplegando el directorio [C:\Users\USER\Desktop\PROGRAMACIONBRYAN\Modulo2\apache-tomcat-9.0.96-windows-x64\apache-tomcat-9.0.96\webapps\host-manager] de la aplicación web
25-Oct-2024 09:25:57.532 INFO [main] org.apache.jasper.servlet.TldScanner.scanJars Al menos un JAR, que se ha explorado buscando TLDs, aún no contenía TLDs. Activar historial de depuración para este historiador para una completa lista de los JARs que fueron explorados y de los que nos se halló TLDs. Saltarse JARs no necesarios durante la exploración puede dar lugar a una mejora de tiempo significativa en el arranque y compilación de JSP .
25-Oct-2024 09:25:57.566 INFO [main] org.apache.catalina.startup.HostConfig.deployDirectory Deployment of web application directory [C:\Users\USER\Desktop\PROGRAMACIONBRYAN\Modulo2\apache-tomcat-9.0.96-windows-x64\apache-tomcat-9.0.96\webapps\host-manager] has finished in [637] ms
25-Oct-2024 09:25:57.572 INFO [main] org.apache.catalina.startup.HostConfig.deployDirectory Desplegando el directorio [C:\Users\USER\Desktop\PROGRAMACIONBRYAN\Modulo2\apache-tomcat-9.0.96-windows-x64\apache-tomcat-9.0.96\webapps\manager] de la aplicación web
25-Oct-2024 09:25:58.124 INFO [main] org.apache.jasper.servlet.TldScanner.scanJars Al menos un JAR, que se ha explorado buscando TLDs, aún no contenía TLDs. Activar historial de depuración para este historiador para una completa lista de los JARs que fueron explorados y de los que nos se halló TLDs. Saltarse JARs no necesarios durante la exploración puede dar lugar a una mejora de tiempo significativa en el arranque y compilación de JSP .
25-Oct-2024 09:25:58.141 INFO [main] org.apache.catalina.startup.HostConfig.deployDirectory Deployment of web application directory [C:\Users\USER\Desktop\PROGRAMACIONBRYAN\Modulo2\apache-tomcat-9.0.96-windows-x64\apache-tomcat-9.0.96\webapps\manager] has finished in [568] ms
25-Oct-2024 09:25:58.142 INFO [main] org.apache.catalina.startup.HostConfig.deployDirectory Desplegando el directorio [C:\Users\USER\Desktop\PROGRAMACIONBRYAN\Modulo2\apache-tomcat-9.0.96-windows-x64\apache-tomcat-9.0.96\webapps\ROOT] de la aplicación web
25-Oct-2024 09:25:58.637 INFO [main] org.apache.jasper.servlet.TldScanner.scanJars Al menos un JAR, que se ha explorado buscando TLDs, aún no contenía TLDs. Activar historial de depuración para este historiador para una completa lista de los JARs que fueron explorados y de los que nos se halló TLDs. Saltarse JARs no necesarios durante la exploración puede dar lugar a una mejora de tiempo significativa en el arranque y compilación de JSP .
25-Oct-2024 09:25:58.657 INFO [main] org.apache.catalina.startup.HostConfig.deployDirectory Deployment of web application directory [C:\Users\USER\Desktop\PROGRAMACIONBRYAN\Modulo2\apache-tomcat-9.0.96-windows-x64\apache-tomcat-9.0.96\webapps\ROOT] has finished in [514] ms
25-Oct-2024 09:25:58.678 INFO [main] org.apache.coyote.AbstractProtocol.start Starting ProtocolHandler ["http-nio-8080"]
25-Oct-2024 09:25:58.812 INFO [main] org.apache.catalina.startup.Catalina.start Server startup in [40136] milliseconds
25-Oct-2024 09:28:45.237 INFO [Catalina-utility-1] org.apache.catalina.startup.HostConfig.undeploy Repliegue (undeploy) de la aplicación web que tiene como trayectoria de contexto [/evaluacion]
25-Oct-2024 09:29:02.163 INFO [main] org.apache.catalina.startup.VersionLoggerListener.log Nombre de la versión del servidor: Apache Tomcat/9.0.96
25-Oct-2024 09:29:02.176 INFO [main] org.apache.catalina.startup.VersionLoggerListener.log Server built:                      Oct 3 2024 19:44:30 UTC
25-Oct-2024 09:29:02.177 INFO [main] org.apache.catalina.startup.VersionLoggerListener.log Número de versión de servidor:     9.0.96.0
25-Oct-2024 09:29:02.179 INFO [main] org.apache.catalina.startup.VersionLoggerListener.log OS Name:                           Windows 10
25-Oct-2024 09:29:02.180 INFO [main] org.apache.catalina.startup.VersionLoggerListener.log Versión de Systema Operativo:      10.0
25-Oct-2024 09:29:02.182 INFO [main] org.apache.catalina.startup.VersionLoggerListener.log Arquitectura:                      amd64
25-Oct-2024 09:29:02.183 INFO [main] org.apache.catalina.startup.VersionLoggerListener.log Java Home:                         C:\Program Files\Java\jdk-23
25-Oct-2024 09:29:02.184 INFO [main] org.apache.catalina.startup.VersionLoggerListener.log JVM Version:                       23+37-2369
25-Oct-2024 09:29:02.185 INFO [main] org.apache.catalina.startup.VersionLoggerListener.log Vededor JVM:                       Oracle Corporation
25-Oct-2024 09:29:02.186 INFO [main] org.apache.catalina.startup.VersionLoggerListener.log CATALINA_BASE:                     C:\Users\USER\Desktop\PROGRAMACIONBRYAN\Modulo2\apache-tomcat-9.0.96-windows-x64\apache-tomcat-9.0.96
25-Oct-2024 09:29:02.187 INFO [main] org.apache.catalina.startup.VersionLoggerListener.log CATALINA_HOME:                     C:\Users\USER\Desktop\PROGRAMACIONBRYAN\Modulo2\apache-tomcat-9.0.96-windows-x64\apache-tomcat-9.0.96
25-Oct-2024 09:29:02.217 INFO [main] org.apache.catalina.startup.VersionLoggerListener.log Command line argument:             --add-opens=java.base/java.lang=ALL-UNNAMED
25-Oct-2024 09:29:02.220 INFO [main] org.apache.catalina.startup.VersionLoggerListener.log Command line argument:             --add-opens=java.base/java.io=ALL-UNNAMED
25-Oct-2024 09:29:02.221 INFO [main] org.apache.catalina.startup.VersionLoggerListener.log Command line argument:             --add-opens=java.base/java.util=ALL-UNNAMED
25-Oct-2024 09:29:02.223 INFO [main] org.apache.catalina.startup.VersionLoggerListener.log Command line argument:             --add-opens=java.base/java.util.concurrent=ALL-UNNAMED
25-Oct-2024 09:29:02.226 INFO [main] org.apache.catalina.startup.VersionLoggerListener.log Command line argument:             --add-opens=java.rmi/sun.rmi.transport=ALL-UNNAMED
25-Oct-2024 09:29:02.233 INFO [main] org.apache.catalina.startup.VersionLoggerListener.log Command line argument:             -Djava.util.logging.config.file=C:\Users\USER\Desktop\PROGRAMACIONBRYAN\Modulo2\apache-tomcat-9.0.96-windows-x64\apache-tomcat-9.0.96\conf\logging.properties
25-Oct-2024 09:29:02.234 INFO [main] org.apache.catalina.startup.VersionLoggerListener.log Command line argument:             -Djava.util.logging.manager=org.apache.juli.ClassLoaderLogManager
25-Oct-2024 09:29:02.238 INFO [main] org.apache.catalina.startup.VersionLoggerListener.log Command line argument:             -Djdk.tls.ephemeralDHKeySize=2048
25-Oct-2024 09:29:02.242 INFO [main] org.apache.catalina.startup.VersionLoggerListener.log Command line argument:             -Djava.protocol.handler.pkgs=org.apache.catalina.webresources
25-Oct-2024 09:29:02.248 INFO [main] org.apache.catalina.startup.VersionLoggerListener.log Command line argument:             -Dignore.endorsed.dirs=
25-Oct-2024 09:29:02.250 INFO [main] org.apache.catalina.startup.VersionLoggerListener.log Command line argument:             -Dcatalina.base=C:\Users\USER\Desktop\PROGRAMACIONBRYAN\Modulo2\apache-tomcat-9.0.96-windows-x64\apache-tomcat-9.0.96
25-Oct-2024 09:29:02.254 INFO [main] org.apache.catalina.startup.VersionLoggerListener.log Command line argument:             -Dcatalina.home=C:\Users\USER\Desktop\PROGRAMACIONBRYAN\Modulo2\apache-tomcat-9.0.96-windows-x64\apache-tomcat-9.0.96
25-Oct-2024 09:29:02.256 INFO [main] org.apache.catalina.startup.VersionLoggerListener.log Command line argument:             -Djava.io.tmpdir=C:\Users\USER\Desktop\PROGRAMACIONBRYAN\Modulo2\apache-tomcat-9.0.96-windows-x64\apache-tomcat-9.0.96\temp
25-Oct-2024 09:29:02.275 INFO [main] org.apache.catalina.core.AprLifecycleListener.lifecycleEvent Cargada la biblioteca nativa APR de Apache Tomcat [1.3.1] con la versión APR [1.7.4].
25-Oct-2024 09:29:02.276 INFO [main] org.apache.catalina.core.AprLifecycleListener.lifecycleEvent Capacidades APR: IPv6 [true], enviar fichero [true], aceptar filtros [false], aleatorio [true], UDS [true].
25-Oct-2024 09:29:02.282 INFO [main] org.apache.catalina.core.AprLifecycleListener.lifecycleEvent APR/OpenSSL configuration: useAprConnector [false], useOpenSSL [true]
25-Oct-2024 09:29:02.311 INFO [main] org.apache.catalina.core.AprLifecycleListener.initializeSSL OpenSSL inicializado correctamente [OpenSSL 3.0.14 4 Jun 2024]
25-Oct-2024 09:29:04.330 INFO [main] org.apache.coyote.AbstractProtocol.init Inicializando el manejador de protocolo ["http-nio-8080"]

25-Oct-2024 09:29:04.479 INFO [main] org.apache.catalina.startup.Catalina.load Server initialization in [3505] milliseconds
25-Oct-2024 09:29:04.590 WARNING [main] java.util.ArrayList.forEach Name = ConBDD Property maxActive is not used in DBCP2, use maxTotal instead. maxTotal default value is 8. You have set value of "100" for "maxActive" property, which is being ignored.
25-Oct-2024 09:29:04.596 WARNING [main] java.util.ArrayList.forEach Name = ConBDD Property maxWait is not used in DBCP2 , use maxWaitMillis instead. maxWaitMillis default value is PT-0.001S. You have set value of "10000" for "maxWait" property, which is being ignored.
25-Oct-2024 09:29:04.600 INFO [main] java.util.ArrayList.forEach Name = ConBDD Ignoring unknown property: value of "jdbc/ConBDD" for "global" property
25-Oct-2024 09:29:04.904 INFO [main] org.apache.catalina.core.StandardService.startInternal Arrancando servicio [Catalina]
25-Oct-2024 09:29:04.909 INFO [main] org.apache.catalina.core.StandardEngine.startInternal Starting Servlet engine: [Apache Tomcat/9.0.96]
25-Oct-2024 09:29:05.018 INFO [main] org.apache.catalina.startup.HostConfig.deployWAR Despliegue del archivo [C:\Users\USER\Desktop\PROGRAMACIONBRYAN\Modulo2\apache-tomcat-9.0.96-windows-x64\apache-tomcat-9.0.96\webapps\ejemploweb.war] de la aplicación web
25-Oct-2024 09:29:14.645 INFO [main] org.apache.jasper.servlet.TldScanner.scanJars Al menos un JAR, que se ha explorado buscando TLDs, aún no contenía TLDs. Activar historial de depuración para este historiador para una completa lista de los JARs que fueron explorados y de los que nos se halló TLDs. Saltarse JARs no necesarios durante la exploración puede dar lugar a una mejora de tiempo significativa en el arranque y compilación de JSP .
25-Oct-2024 09:29:20.653 INFO [main] org.apache.catalina.startup.HostConfig.deployWAR Deployment of web application archive [C:\Users\USER\Desktop\PROGRAMACIONBRYAN\Modulo2\apache-tomcat-9.0.96-windows-x64\apache-tomcat-9.0.96\webapps\ejemploweb.war] has finished in [15.634] ms
25-Oct-2024 09:29:20.660 INFO [main] org.apache.catalina.startup.HostConfig.deployWAR Despliegue del archivo [C:\Users\USER\Desktop\PROGRAMACIONBRYAN\Modulo2\apache-tomcat-9.0.96-windows-x64\apache-tomcat-9.0.96\webapps\evaluacion.war] de la aplicación web
25-Oct-2024 09:29:20.678 INFO [main] org.apache.catalina.startup.ExpandWar.expand An expanded directory [C:\Users\USER\Desktop\PROGRAMACIONBRYAN\Modulo2\apache-tomcat-9.0.96-windows-x64\apache-tomcat-9.0.96\webapps\evaluacion] was found with a last modified time that did not match the associated WAR. It will be deleted.
25-Oct-2024 09:29:26.675 INFO [main] org.apache.jasper.servlet.TldScanner.scanJars Al menos un JAR, que se ha explorado buscando TLDs, aún no contenía TLDs. Activar historial de depuración para este historiador para una completa lista de los JARs que fueron explorados y de los que nos se halló TLDs. Saltarse JARs no necesarios durante la exploración puede dar lugar a una mejora de tiempo significativa en el arranque y compilación de JSP .
25-Oct-2024 09:29:30.129 INFO [main] org.apache.catalina.startup.HostConfig.deployWAR Deployment of web application archive [C:\Users\USER\Desktop\PROGRAMACIONBRYAN\Modulo2\apache-tomcat-9.0.96-windows-x64\apache-tomcat-9.0.96\webapps\evaluacion.war] has finished in [9.469] ms
25-Oct-2024 09:29:30.135 INFO [main] org.apache.catalina.startup.HostConfig.deployWAR Despliegue del archivo [C:\Users\USER\Desktop\PROGRAMACIONBRYAN\Modulo2\apache-tomcat-9.0.96-windows-x64\apache-tomcat-9.0.96\webapps\inventario.war] de la aplicación web
25-Oct-2024 09:29:34.000 INFO [main] org.apache.jasper.servlet.TldScanner.scanJars Al menos un JAR, que se ha explorado buscando TLDs, aún no contenía TLDs. Activar historial de depuración para este historiador para una completa lista de los JARs que fueron explorados y de los que nos se halló TLDs. Saltarse JARs no necesarios durante la exploración puede dar lugar a una mejora de tiempo significativa en el arranque y compilación de JSP .
25-Oct-2024 09:29:37.795 INFO [main] org.apache.catalina.startup.HostConfig.deployWAR Deployment of web application archive [C:\Users\USER\Desktop\PROGRAMACIONBRYAN\Modulo2\apache-tomcat-9.0.96-windows-x64\apache-tomcat-9.0.96\webapps\inventario.war] has finished in [7.661] ms
25-Oct-2024 09:29:37.799 INFO [main] org.apache.catalina.startup.HostConfig.deployDirectory Desplegando el directorio [C:\Users\USER\Desktop\PROGRAMACIONBRYAN\Modulo2\apache-tomcat-9.0.96-windows-x64\apache-tomcat-9.0.96\webapps\docs] de la aplicación web
25-Oct-2024 09:29:38.267 INFO [main] org.apache.jasper.servlet.TldScanner.scanJars Al menos un JAR, que se ha explorado buscando TLDs, aún no contenía TLDs. Activar historial de depuración para este historiador para una completa lista de los JARs que fueron explorados y de los que nos se halló TLDs. Saltarse JARs no necesarios durante la exploración puede dar lugar a una mejora de tiempo significativa en el arranque y compilación de JSP .
25-Oct-2024 09:29:38.281 INFO [main] org.apache.catalina.startup.HostConfig.deployDirectory Deployment of web application directory [C:\Users\USER\Desktop\PROGRAMACIONBRYAN\Modulo2\apache-tomcat-9.0.96-windows-x64\apache-tomcat-9.0.96\webapps\docs] has finished in [482] ms
25-Oct-2024 09:29:38.283 INFO [main] org.apache.catalina.startup.HostConfig.deployDirectory Desplegando el directorio [C:\Users\USER\Desktop\PROGRAMACIONBRYAN\Modulo2\apache-tomcat-9.0.96-windows-x64\apache-tomcat-9.0.96\webapps\examples] de la aplicación web
25-Oct-2024 09:29:40.330 INFO [main] org.apache.jasper.servlet.TldScanner.scanJars Al menos un JAR, que se ha explorado buscando TLDs, aún no contenía TLDs. Activar historial de depuración para este historiador para una completa lista de los JARs que fueron explorados y de los que nos se halló TLDs. Saltarse JARs no necesarios durante la exploración puede dar lugar a una mejora de tiempo significativa en el arranque y compilación de JSP .
25-Oct-2024 09:29:40.663 INFO [main] org.apache.catalina.startup.HostConfig.deployDirectory Deployment of web application directory [C:\Users\USER\Desktop\PROGRAMACIONBRYAN\Modulo2\apache-tomcat-9.0.96-windows-x64\apache-tomcat-9.0.96\webapps\examples] has finished in [2.380] ms
25-Oct-2024 09:29:40.667 INFO [main] org.apache.catalina.startup.HostConfig.deployDirectory Desplegando el directorio [C:\Users\USER\Desktop\PROGRAMACIONBRYAN\Modulo2\apache-tomcat-9.0.96-windows-x64\apache-tomcat-9.0.96\webapps\host-manager] de la aplicación web
25-Oct-2024 09:29:41.269 INFO [main] org.apache.jasper.servlet.TldScanner.scanJars Al menos un JAR, que se ha explorado buscando TLDs, aún no contenía TLDs. Activar historial de depuración para este historiador para una completa lista de los JARs que fueron explorados y de los que nos se halló TLDs. Saltarse JARs no necesarios durante la exploración puede dar lugar a una mejora de tiempo significativa en el arranque y compilación de JSP .
25-Oct-2024 09:29:41.293 INFO [main] org.apache.catalina.startup.HostConfig.deployDirectory Deployment of web application directory [C:\Users\USER\Desktop\PROGRAMACIONBRYAN\Modulo2\apache-tomcat-9.0.96-windows-x64\apache-tomcat-9.0.96\webapps\host-manager] has finished in [627] ms
25-Oct-2024 09:29:41.296 INFO [main] org.apache.catalina.startup.HostConfig.deployDirectory Desplegando el directorio [C:\Users\USER\Desktop\PROGRAMACIONBRYAN\Modulo2\apache-tomcat-9.0.96-windows-x64\apache-tomcat-9.0.96\webapps\manager] de la aplicación web
25-Oct-2024 09:29:41.985 INFO [main] org.apache.jasper.servlet.TldScanner.scanJars Al menos un JAR, que se ha explorado buscando TLDs, aún no contenía TLDs. Activar historial de depuración para este historiador para una completa lista de los JARs que fueron explorados y de los que nos se halló TLDs. Saltarse JARs no necesarios durante la exploración puede dar lugar a una mejora de tiempo significativa en el arranque y compilación de JSP .
25-Oct-2024 09:29:42.001 INFO [main] org.apache.catalina.startup.HostConfig.deployDirectory Deployment of web application directory [C:\Users\USER\Desktop\PROGRAMACIONBRYAN\Modulo2\apache-tomcat-9.0.96-windows-x64\apache-tomcat-9.0.96\webapps\manager] has finished in [705] ms
25-Oct-2024 09:29:42.003 INFO [main] org.apache.catalina.startup.HostConfig.deployDirectory Desplegando el directorio [C:\Users\USER\Desktop\PROGRAMACIONBRYAN\Modulo2\apache-tomcat-9.0.96-windows-x64\apache-tomcat-9.0.96\webapps\ROOT] de la aplicación web
25-Oct-2024 09:29:42.424 INFO [main] org.apache.jasper.servlet.TldScanner.scanJars Al menos un JAR, que se ha explorado buscando TLDs, aún no contenía TLDs. Activar historial de depuración para este historiador para una completa lista de los JARs que fueron explorados y de los que nos se halló TLDs. Saltarse JARs no necesarios durante la exploración puede dar lugar a una mejora de tiempo significativa en el arranque y compilación de JSP .
25-Oct-2024 09:29:42.436 INFO [main] org.apache.catalina.startup.HostConfig.deployDirectory Deployment of web application directory [C:\Users\USER\Desktop\PROGRAMACIONBRYAN\Modulo2\apache-tomcat-9.0.96-windows-x64\apache-tomcat-9.0.96\webapps\ROOT] has finished in [433] ms
25-Oct-2024 09:29:42.455 INFO [main] org.apache.coyote.AbstractProtocol.start Starting ProtocolHandler ["http-nio-8080"]
25-Oct-2024 09:29:42.529 INFO [main] org.apache.catalina.startup.Catalina.start Server startup in [38039] milliseconds
25-Oct-2024 10:14:45.090 INFO [Catalina-utility-2] org.apache.catalina.startup.HostConfig.undeploy Repliegue (undeploy) de la aplicación web que tiene como trayectoria de contexto [/evaluacion]
25-Oct-2024 10:14:45.272 INFO [Catalina-utility-2] org.apache.catalina.startup.HostConfig.deployWAR Despliegue del archivo [C:\Users\USER\Desktop\PROGRAMACIONBRYAN\Modulo2\apache-tomcat-9.0.96-windows-x64\apache-tomcat-9.0.96\webapps\evaluacion.war] de la aplicación web
25-Oct-2024 10:15:12.440 INFO [main] org.apache.catalina.startup.VersionLoggerListener.log Nombre de la versión del servidor: Apache Tomcat/9.0.96
25-Oct-2024 10:15:12.451 INFO [main] org.apache.catalina.startup.VersionLoggerListener.log Server built:                      Oct 3 2024 19:44:30 UTC
25-Oct-2024 10:15:12.453 INFO [main] org.apache.catalina.startup.VersionLoggerListener.log Número de versión de servidor:     9.0.96.0
25-Oct-2024 10:15:12.454 INFO [main] org.apache.catalina.startup.VersionLoggerListener.log OS Name:                           Windows 10
25-Oct-2024 10:15:12.454 INFO [main] org.apache.catalina.startup.VersionLoggerListener.log Versión de Systema Operativo:      10.0
25-Oct-2024 10:15:12.456 INFO [main] org.apache.catalina.startup.VersionLoggerListener.log Arquitectura:                      amd64
25-Oct-2024 10:15:12.458 INFO [main] org.apache.catalina.startup.VersionLoggerListener.log Java Home:                         C:\Program Files\Java\jdk-23
25-Oct-2024 10:15:12.458 INFO [main] org.apache.catalina.startup.VersionLoggerListener.log JVM Version:                       23+37-2369
25-Oct-2024 10:15:12.459 INFO [main] org.apache.catalina.startup.VersionLoggerListener.log Vededor JVM:                       Oracle Corporation
25-Oct-2024 10:15:12.460 INFO [main] org.apache.catalina.startup.VersionLoggerListener.log CATALINA_BASE:                     C:\Users\USER\Desktop\PROGRAMACIONBRYAN\Modulo2\apache-tomcat-9.0.96-windows-x64\apache-tomcat-9.0.96
25-Oct-2024 10:15:12.461 INFO [main] org.apache.catalina.startup.VersionLoggerListener.log CATALINA_HOME:                     C:\Users\USER\Desktop\PROGRAMACIONBRYAN\Modulo2\apache-tomcat-9.0.96-windows-x64\apache-tomcat-9.0.96
25-Oct-2024 10:15:12.486 INFO [main] org.apache.catalina.startup.VersionLoggerListener.log Command line argument:             --add-opens=java.base/java.lang=ALL-UNNAMED
25-Oct-2024 10:15:12.488 INFO [main] org.apache.catalina.startup.VersionLoggerListener.log Command line argument:             --add-opens=java.base/java.io=ALL-UNNAMED
25-Oct-2024 10:15:12.489 INFO [main] org.apache.catalina.startup.VersionLoggerListener.log Command line argument:             --add-opens=java.base/java.util=ALL-UNNAMED
25-Oct-2024 10:15:12.492 INFO [main] org.apache.catalina.startup.VersionLoggerListener.log Command line argument:             --add-opens=java.base/java.util.concurrent=ALL-UNNAMED
25-Oct-2024 10:15:12.495 INFO [main] org.apache.catalina.startup.VersionLoggerListener.log Command line argument:             --add-opens=java.rmi/sun.rmi.transport=ALL-UNNAMED
25-Oct-2024 10:15:12.498 INFO [main] org.apache.catalina.startup.VersionLoggerListener.log Command line argument:             -Djava.util.logging.config.file=C:\Users\USER\Desktop\PROGRAMACIONBRYAN\Modulo2\apache-tomcat-9.0.96-windows-x64\apache-tomcat-9.0.96\conf\logging.properties
25-Oct-2024 10:15:12.502 INFO [main] org.apache.catalina.startup.VersionLoggerListener.log Command line argument:             -Djava.util.logging.manager=org.apache.juli.ClassLoaderLogManager
25-Oct-2024 10:15:12.504 INFO [main] org.apache.catalina.startup.VersionLoggerListener.log Command line argument:             -Djdk.tls.ephemeralDHKeySize=2048
25-Oct-2024 10:15:12.508 INFO [main] org.apache.catalina.startup.VersionLoggerListener.log Command line argument:             -Djava.protocol.handler.pkgs=org.apache.catalina.webresources
25-Oct-2024 10:15:12.513 INFO [main] org.apache.catalina.startup.VersionLoggerListener.log Command line argument:             -Dignore.endorsed.dirs=
25-Oct-2024 10:15:12.516 INFO [main] org.apache.catalina.startup.VersionLoggerListener.log Command line argument:             -Dcatalina.base=C:\Users\USER\Desktop\PROGRAMACIONBRYAN\Modulo2\apache-tomcat-9.0.96-windows-x64\apache-tomcat-9.0.96
25-Oct-2024 10:15:12.518 INFO [main] org.apache.catalina.startup.VersionLoggerListener.log Command line argument:             -Dcatalina.home=C:\Users\USER\Desktop\PROGRAMACIONBRYAN\Modulo2\apache-tomcat-9.0.96-windows-x64\apache-tomcat-9.0.96
25-Oct-2024 10:15:12.520 INFO [main] org.apache.catalina.startup.VersionLoggerListener.log Command line argument:             -Djava.io.tmpdir=C:\Users\USER\Desktop\PROGRAMACIONBRYAN\Modulo2\apache-tomcat-9.0.96-windows-x64\apache-tomcat-9.0.96\temp
25-Oct-2024 10:15:12.537 INFO [main] org.apache.catalina.core.AprLifecycleListener.lifecycleEvent Cargada la biblioteca nativa APR de Apache Tomcat [1.3.1] con la versión APR [1.7.4].
25-Oct-2024 10:15:12.539 INFO [main] org.apache.catalina.core.AprLifecycleListener.lifecycleEvent Capacidades APR: IPv6 [true], enviar fichero [true], aceptar filtros [false], aleatorio [true], UDS [true].
25-Oct-2024 10:15:12.542 INFO [main] org.apache.catalina.core.AprLifecycleListener.lifecycleEvent APR/OpenSSL configuration: useAprConnector [false], useOpenSSL [true]
25-Oct-2024 10:15:12.564 INFO [main] org.apache.catalina.core.AprLifecycleListener.initializeSSL OpenSSL inicializado correctamente [OpenSSL 3.0.14 4 Jun 2024]
25-Oct-2024 10:15:14.285 INFO [main] org.apache.coyote.AbstractProtocol.init Inicializando el manejador de protocolo ["http-nio-8080"]

25-Oct-2024 10:15:14.419 INFO [main] org.apache.catalina.startup.Catalina.load Server initialization in [3081] milliseconds
25-Oct-2024 10:15:14.535 WARNING [main] java.util.ArrayList.forEach Name = ConBDD Property maxActive is not used in DBCP2, use maxTotal instead. maxTotal default value is 8. You have set value of "100" for "maxActive" property, which is being ignored.
25-Oct-2024 10:15:14.537 WARNING [main] java.util.ArrayList.forEach Name = ConBDD Property maxWait is not used in DBCP2 , use maxWaitMillis instead. maxWaitMillis default value is PT-0.001S. You have set value of "10000" for "maxWait" property, which is being ignored.
25-Oct-2024 10:15:14.546 INFO [main] java.util.ArrayList.forEach Name = ConBDD Ignoring unknown property: value of "jdbc/ConBDD" for "global" property
25-Oct-2024 10:15:14.870 INFO [main] org.apache.catalina.core.StandardService.startInternal Arrancando servicio [Catalina]
25-Oct-2024 10:15:14.875 INFO [main] org.apache.catalina.core.StandardEngine.startInternal Starting Servlet engine: [Apache Tomcat/9.0.96]
25-Oct-2024 10:15:14.962 INFO [main] org.apache.catalina.startup.HostConfig.deployWAR Despliegue del archivo [C:\Users\USER\Desktop\PROGRAMACIONBRYAN\Modulo2\apache-tomcat-9.0.96-windows-x64\apache-tomcat-9.0.96\webapps\ejemploweb.war] de la aplicación web
25-Oct-2024 10:15:23.916 INFO [main] org.apache.jasper.servlet.TldScanner.scanJars Al menos un JAR, que se ha explorado buscando TLDs, aún no contenía TLDs. Activar historial de depuración para este historiador para una completa lista de los JARs que fueron explorados y de los que nos se halló TLDs. Saltarse JARs no necesarios durante la exploración puede dar lugar a una mejora de tiempo significativa en el arranque y compilación de JSP .
25-Oct-2024 10:15:31.743 INFO [main] org.apache.catalina.startup.HostConfig.deployWAR Deployment of web application archive [C:\Users\USER\Desktop\PROGRAMACIONBRYAN\Modulo2\apache-tomcat-9.0.96-windows-x64\apache-tomcat-9.0.96\webapps\ejemploweb.war] has finished in [16.780] ms
25-Oct-2024 10:15:31.756 INFO [main] org.apache.catalina.startup.HostConfig.deployWAR Despliegue del archivo [C:\Users\USER\Desktop\PROGRAMACIONBRYAN\Modulo2\apache-tomcat-9.0.96-windows-x64\apache-tomcat-9.0.96\webapps\evaluacion.war] de la aplicación web
25-Oct-2024 10:15:36.287 INFO [main] org.apache.jasper.servlet.TldScanner.scanJars Al menos un JAR, que se ha explorado buscando TLDs, aún no contenía TLDs. Activar historial de depuración para este historiador para una completa lista de los JARs que fueron explorados y de los que nos se halló TLDs. Saltarse JARs no necesarios durante la exploración puede dar lugar a una mejora de tiempo significativa en el arranque y compilación de JSP .
25-Oct-2024 10:15:40.504 INFO [main] org.apache.catalina.startup.HostConfig.deployWAR Deployment of web application archive [C:\Users\USER\Desktop\PROGRAMACIONBRYAN\Modulo2\apache-tomcat-9.0.96-windows-x64\apache-tomcat-9.0.96\webapps\evaluacion.war] has finished in [8.746] ms
25-Oct-2024 10:15:40.520 INFO [main] org.apache.catalina.startup.HostConfig.deployWAR Despliegue del archivo [C:\Users\USER\Desktop\PROGRAMACIONBRYAN\Modulo2\apache-tomcat-9.0.96-windows-x64\apache-tomcat-9.0.96\webapps\inventario.war] de la aplicación web
25-Oct-2024 10:15:44.784 INFO [main] org.apache.jasper.servlet.TldScanner.scanJars Al menos un JAR, que se ha explorado buscando TLDs, aún no contenía TLDs. Activar historial de depuración para este historiador para una completa lista de los JARs que fueron explorados y de los que nos se halló TLDs. Saltarse JARs no necesarios durante la exploración puede dar lugar a una mejora de tiempo significativa en el arranque y compilación de JSP .
25-Oct-2024 10:15:49.448 INFO [main] org.apache.catalina.startup.HostConfig.deployWAR Deployment of web application archive [C:\Users\USER\Desktop\PROGRAMACIONBRYAN\Modulo2\apache-tomcat-9.0.96-windows-x64\apache-tomcat-9.0.96\webapps\inventario.war] has finished in [8.928] ms
25-Oct-2024 10:15:49.478 INFO [main] org.apache.catalina.startup.HostConfig.deployDirectory Desplegando el directorio [C:\Users\USER\Desktop\PROGRAMACIONBRYAN\Modulo2\apache-tomcat-9.0.96-windows-x64\apache-tomcat-9.0.96\webapps\docs] de la aplicación web
25-Oct-2024 10:15:50.253 INFO [main] org.apache.jasper.servlet.TldScanner.scanJars Al menos un JAR, que se ha explorado buscando TLDs, aún no contenía TLDs. Activar historial de depuración para este historiador para una completa lista de los JARs que fueron explorados y de los que nos se halló TLDs. Saltarse JARs no necesarios durante la exploración puede dar lugar a una mejora de tiempo significativa en el arranque y compilación de JSP .
25-Oct-2024 10:15:50.266 INFO [main] org.apache.catalina.startup.HostConfig.deployDirectory Deployment of web application directory [C:\Users\USER\Desktop\PROGRAMACIONBRYAN\Modulo2\apache-tomcat-9.0.96-windows-x64\apache-tomcat-9.0.96\webapps\docs] has finished in [794] ms
25-Oct-2024 10:15:50.269 INFO [main] org.apache.catalina.startup.HostConfig.deployDirectory Desplegando el directorio [C:\Users\USER\Desktop\PROGRAMACIONBRYAN\Modulo2\apache-tomcat-9.0.96-windows-x64\apache-tomcat-9.0.96\webapps\examples] de la aplicación web
25-Oct-2024 10:15:58.376 INFO [main] org.apache.jasper.servlet.TldScanner.scanJars Al menos un JAR, que se ha explorado buscando TLDs, aún no contenía TLDs. Activar historial de depuración para este historiador para una completa lista de los JARs que fueron explorados y de los que nos se halló TLDs. Saltarse JARs no necesarios durante la exploración puede dar lugar a una mejora de tiempo significativa en el arranque y compilación de JSP .
25-Oct-2024 10:15:58.909 INFO [main] org.apache.catalina.startup.HostConfig.deployDirectory Deployment of web application directory [C:\Users\USER\Desktop\PROGRAMACIONBRYAN\Modulo2\apache-tomcat-9.0.96-windows-x64\apache-tomcat-9.0.96\webapps\examples] has finished in [8.640] ms
25-Oct-2024 10:15:58.911 INFO [main] org.apache.catalina.startup.HostConfig.deployDirectory Desplegando el directorio [C:\Users\USER\Desktop\PROGRAMACIONBRYAN\Modulo2\apache-tomcat-9.0.96-windows-x64\apache-tomcat-9.0.96\webapps\host-manager] de la aplicación web
25-Oct-2024 10:15:59.789 INFO [main] org.apache.jasper.servlet.TldScanner.scanJars Al menos un JAR, que se ha explorado buscando TLDs, aún no contenía TLDs. Activar historial de depuración para este historiador para una completa lista de los JARs que fueron explorados y de los que nos se halló TLDs. Saltarse JARs no necesarios durante la exploración puede dar lugar a una mejora de tiempo significativa en el arranque y compilación de JSP .
25-Oct-2024 10:15:59.874 INFO [main] org.apache.catalina.startup.HostConfig.deployDirectory Deployment of web application directory [C:\Users\USER\Desktop\PROGRAMACIONBRYAN\Modulo2\apache-tomcat-9.0.96-windows-x64\apache-tomcat-9.0.96\webapps\host-manager] has finished in [963] ms
25-Oct-2024 10:15:59.876 INFO [main] org.apache.catalina.startup.HostConfig.deployDirectory Desplegando el directorio [C:\Users\USER\Desktop\PROGRAMACIONBRYAN\Modulo2\apache-tomcat-9.0.96-windows-x64\apache-tomcat-9.0.96\webapps\manager] de la aplicación web
25-Oct-2024 10:16:00.719 INFO [main] org.apache.jasper.servlet.TldScanner.scanJars Al menos un JAR, que se ha explorado buscando TLDs, aún no contenía TLDs. Activar historial de depuración para este historiador para una completa lista de los JARs que fueron explorados y de los que nos se halló TLDs. Saltarse JARs no necesarios durante la exploración puede dar lugar a una mejora de tiempo significativa en el arranque y compilación de JSP .
25-Oct-2024 10:16:00.743 INFO [main] org.apache.catalina.startup.HostConfig.deployDirectory Deployment of web application directory [C:\Users\USER\Desktop\PROGRAMACIONBRYAN\Modulo2\apache-tomcat-9.0.96-windows-x64\apache-tomcat-9.0.96\webapps\manager] has finished in [867] ms
25-Oct-2024 10:16:00.744 INFO [main] org.apache.catalina.startup.HostConfig.deployDirectory Desplegando el directorio [C:\Users\USER\Desktop\PROGRAMACIONBRYAN\Modulo2\apache-tomcat-9.0.96-windows-x64\apache-tomcat-9.0.96\webapps\ROOT] de la aplicación web
25-Oct-2024 10:16:01.778 INFO [main] org.apache.jasper.servlet.TldScanner.scanJars Al menos un JAR, que se ha explorado buscando TLDs, aún no contenía TLDs. Activar historial de depuración para este historiador para una completa lista de los JARs que fueron explorados y de los que nos se halló TLDs. Saltarse JARs no necesarios durante la exploración puede dar lugar a una mejora de tiempo significativa en el arranque y compilación de JSP .
25-Oct-2024 10:16:01.795 INFO [main] org.apache.catalina.startup.HostConfig.deployDirectory Deployment of web application directory [C:\Users\USER\Desktop\PROGRAMACIONBRYAN\Modulo2\apache-tomcat-9.0.96-windows-x64\apache-tomcat-9.0.96\webapps\ROOT] has finished in [1.050] ms
25-Oct-2024 10:16:01.825 INFO [main] org.apache.coyote.AbstractProtocol.start Starting ProtocolHandler ["http-nio-8080"]
25-Oct-2024 10:16:01.928 INFO [main] org.apache.catalina.startup.Catalina.start Server startup in [47498] milliseconds
25-Oct-2024 10:40:19.211 INFO [main] org.apache.catalina.startup.VersionLoggerListener.log Nombre de la versión del servidor: Apache Tomcat/9.0.96
25-Oct-2024 10:40:19.235 INFO [main] org.apache.catalina.startup.VersionLoggerListener.log Server built:                      Oct 3 2024 19:44:30 UTC
25-Oct-2024 10:40:19.244 INFO [main] org.apache.catalina.startup.VersionLoggerListener.log Número de versión de servidor:     9.0.96.0
25-Oct-2024 10:40:19.264 INFO [main] org.apache.catalina.startup.VersionLoggerListener.log OS Name:                           Windows 10
25-Oct-2024 10:40:19.275 INFO [main] org.apache.catalina.startup.VersionLoggerListener.log Versión de Systema Operativo:      10.0
25-Oct-2024 10:40:19.281 INFO [main] org.apache.catalina.startup.VersionLoggerListener.log Arquitectura:                      amd64
25-Oct-2024 10:40:19.281 INFO [main] org.apache.catalina.startup.VersionLoggerListener.log Java Home:                         C:\Program Files\Java\jdk-23
25-Oct-2024 10:40:19.282 INFO [main] org.apache.catalina.startup.VersionLoggerListener.log JVM Version:                       23+37-2369
25-Oct-2024 10:40:19.284 INFO [main] org.apache.catalina.startup.VersionLoggerListener.log Vededor JVM:                       Oracle Corporation
25-Oct-2024 10:40:19.290 INFO [main] org.apache.catalina.startup.VersionLoggerListener.log CATALINA_BASE:                     C:\Users\USER\Desktop\PROGRAMACIONBRYAN\Modulo2\apache-tomcat-9.0.96-windows-x64\apache-tomcat-9.0.96
25-Oct-2024 10:40:19.291 INFO [main] org.apache.catalina.startup.VersionLoggerListener.log CATALINA_HOME:                     C:\Users\USER\Desktop\PROGRAMACIONBRYAN\Modulo2\apache-tomcat-9.0.96-windows-x64\apache-tomcat-9.0.96
25-Oct-2024 10:40:19.299 INFO [main] org.apache.catalina.startup.VersionLoggerListener.log Command line argument:             --add-opens=java.base/java.lang=ALL-UNNAMED
25-Oct-2024 10:40:19.305 INFO [main] org.apache.catalina.startup.VersionLoggerListener.log Command line argument:             --add-opens=java.base/java.io=ALL-UNNAMED
25-Oct-2024 10:40:19.308 INFO [main] org.apache.catalina.startup.VersionLoggerListener.log Command line argument:             --add-opens=java.base/java.util=ALL-UNNAMED
25-Oct-2024 10:40:19.309 INFO [main] org.apache.catalina.startup.VersionLoggerListener.log Command line argument:             --add-opens=java.base/java.util.concurrent=ALL-UNNAMED
25-Oct-2024 10:40:19.310 INFO [main] org.apache.catalina.startup.VersionLoggerListener.log Command line argument:             --add-opens=java.rmi/sun.rmi.transport=ALL-UNNAMED
25-Oct-2024 10:40:19.311 INFO [main] org.apache.catalina.startup.VersionLoggerListener.log Command line argument:             -Djava.util.logging.config.file=C:\Users\USER\Desktop\PROGRAMACIONBRYAN\Modulo2\apache-tomcat-9.0.96-windows-x64\apache-tomcat-9.0.96\conf\logging.properties
25-Oct-2024 10:40:19.312 INFO [main] org.apache.catalina.startup.VersionLoggerListener.log Command line argument:             -Djava.util.logging.manager=org.apache.juli.ClassLoaderLogManager
25-Oct-2024 10:40:19.313 INFO [main] org.apache.catalina.startup.VersionLoggerListener.log Command line argument:             -Djdk.tls.ephemeralDHKeySize=2048
25-Oct-2024 10:40:19.317 INFO [main] org.apache.catalina.startup.VersionLoggerListener.log Command line argument:             -Djava.protocol.handler.pkgs=org.apache.catalina.webresources
25-Oct-2024 10:40:19.317 INFO [main] org.apache.catalina.startup.VersionLoggerListener.log Command line argument:             -Dignore.endorsed.dirs=
25-Oct-2024 10:40:19.325 INFO [main] org.apache.catalina.startup.VersionLoggerListener.log Command line argument:             -Dcatalina.base=C:\Users\USER\Desktop\PROGRAMACIONBRYAN\Modulo2\apache-tomcat-9.0.96-windows-x64\apache-tomcat-9.0.96
25-Oct-2024 10:40:19.331 INFO [main] org.apache.catalina.startup.VersionLoggerListener.log Command line argument:             -Dcatalina.home=C:\Users\USER\Desktop\PROGRAMACIONBRYAN\Modulo2\apache-tomcat-9.0.96-windows-x64\apache-tomcat-9.0.96
25-Oct-2024 10:40:19.332 INFO [main] org.apache.catalina.startup.VersionLoggerListener.log Command line argument:             -Djava.io.tmpdir=C:\Users\USER\Desktop\PROGRAMACIONBRYAN\Modulo2\apache-tomcat-9.0.96-windows-x64\apache-tomcat-9.0.96\temp
25-Oct-2024 10:40:19.348 INFO [main] org.apache.catalina.core.AprLifecycleListener.lifecycleEvent Cargada la biblioteca nativa APR de Apache Tomcat [1.3.1] con la versión APR [1.7.4].
25-Oct-2024 10:40:19.350 INFO [main] org.apache.catalina.core.AprLifecycleListener.lifecycleEvent Capacidades APR: IPv6 [true], enviar fichero [true], aceptar filtros [false], aleatorio [true], UDS [true].
25-Oct-2024 10:40:19.355 INFO [main] org.apache.catalina.core.AprLifecycleListener.lifecycleEvent APR/OpenSSL configuration: useAprConnector [false], useOpenSSL [true]
25-Oct-2024 10:40:19.380 INFO [main] org.apache.catalina.core.AprLifecycleListener.initializeSSL OpenSSL inicializado correctamente [OpenSSL 3.0.14 4 Jun 2024]
25-Oct-2024 10:40:23.418 INFO [main] org.apache.coyote.AbstractProtocol.init Inicializando el manejador de protocolo ["http-nio-8080"]

25-Oct-2024 10:40:23.556 INFO [main] org.apache.catalina.startup.Catalina.load Server initialization in [5628] milliseconds
25-Oct-2024 10:40:23.961 WARNING [main] java.util.ArrayList.forEach Name = ConBDD Property maxActive is not used in DBCP2, use maxTotal instead. maxTotal default value is 8. You have set value of "100" for "maxActive" property, which is being ignored.
25-Oct-2024 10:40:24.093 WARNING [main] java.util.ArrayList.forEach Name = ConBDD Property maxWait is not used in DBCP2 , use maxWaitMillis instead. maxWaitMillis default value is PT-0.001S. You have set value of "10000" for "maxWait" property, which is being ignored.
25-Oct-2024 10:40:24.150 INFO [main] java.util.ArrayList.forEach Name = ConBDD Ignoring unknown property: value of "jdbc/ConBDD" for "global" property
25-Oct-2024 10:40:25.861 INFO [main] org.apache.catalina.core.StandardService.startInternal Arrancando servicio [Catalina]
25-Oct-2024 10:40:25.900 INFO [main] org.apache.catalina.core.StandardEngine.startInternal Starting Servlet engine: [Apache Tomcat/9.0.96]
25-Oct-2024 10:40:26.054 INFO [main] org.apache.catalina.startup.HostConfig.deployWAR Despliegue del archivo [C:\Users\USER\Desktop\PROGRAMACIONBRYAN\Modulo2\apache-tomcat-9.0.96-windows-x64\apache-tomcat-9.0.96\webapps\ejemploweb.war] de la aplicación web
25-Oct-2024 10:40:38.050 INFO [main] org.apache.jasper.servlet.TldScanner.scanJars Al menos un JAR, que se ha explorado buscando TLDs, aún no contenía TLDs. Activar historial de depuración para este historiador para una completa lista de los JARs que fueron explorados y de los que nos se halló TLDs. Saltarse JARs no necesarios durante la exploración puede dar lugar a una mejora de tiempo significativa en el arranque y compilación de JSP .
25-Oct-2024 10:40:44.835 INFO [main] org.apache.catalina.startup.HostConfig.deployWAR Deployment of web application archive [C:\Users\USER\Desktop\PROGRAMACIONBRYAN\Modulo2\apache-tomcat-9.0.96-windows-x64\apache-tomcat-9.0.96\webapps\ejemploweb.war] has finished in [18.781] ms
25-Oct-2024 10:40:44.841 INFO [main] org.apache.catalina.startup.HostConfig.deployWAR Despliegue del archivo [C:\Users\USER\Desktop\PROGRAMACIONBRYAN\Modulo2\apache-tomcat-9.0.96-windows-x64\apache-tomcat-9.0.96\webapps\evaluacion.war] de la aplicación web
25-Oct-2024 10:40:44.857 INFO [main] org.apache.catalina.startup.ExpandWar.expand An expanded directory [C:\Users\USER\Desktop\PROGRAMACIONBRYAN\Modulo2\apache-tomcat-9.0.96-windows-x64\apache-tomcat-9.0.96\webapps\evaluacion] was found with a last modified time that did not match the associated WAR. It will be deleted.
25-Oct-2024 10:40:54.616 INFO [main] org.apache.jasper.servlet.TldScanner.scanJars Al menos un JAR, que se ha explorado buscando TLDs, aún no contenía TLDs. Activar historial de depuración para este historiador para una completa lista de los JARs que fueron explorados y de los que nos se halló TLDs. Saltarse JARs no necesarios durante la exploración puede dar lugar a una mejora de tiempo significativa en el arranque y compilación de JSP .
25-Oct-2024 10:40:58.929 INFO [main] org.apache.catalina.startup.HostConfig.deployWAR Deployment of web application archive [C:\Users\USER\Desktop\PROGRAMACIONBRYAN\Modulo2\apache-tomcat-9.0.96-windows-x64\apache-tomcat-9.0.96\webapps\evaluacion.war] has finished in [14.089] ms
25-Oct-2024 10:40:58.935 INFO [main] org.apache.catalina.startup.HostConfig.deployWAR Despliegue del archivo [C:\Users\USER\Desktop\PROGRAMACIONBRYAN\Modulo2\apache-tomcat-9.0.96-windows-x64\apache-tomcat-9.0.96\webapps\inventario.war] de la aplicación web
25-Oct-2024 10:41:02.517 INFO [main] org.apache.jasper.servlet.TldScanner.scanJars Al menos un JAR, que se ha explorado buscando TLDs, aún no contenía TLDs. Activar historial de depuración para este historiador para una completa lista de los JARs que fueron explorados y de los que nos se halló TLDs. Saltarse JARs no necesarios durante la exploración puede dar lugar a una mejora de tiempo significativa en el arranque y compilación de JSP .
25-Oct-2024 10:41:06.698 INFO [main] org.apache.catalina.startup.HostConfig.deployWAR Deployment of web application archive [C:\Users\USER\Desktop\PROGRAMACIONBRYAN\Modulo2\apache-tomcat-9.0.96-windows-x64\apache-tomcat-9.0.96\webapps\inventario.war] has finished in [7.762] ms
25-Oct-2024 10:41:06.703 INFO [main] org.apache.catalina.startup.HostConfig.deployDirectory Desplegando el directorio [C:\Users\USER\Desktop\PROGRAMACIONBRYAN\Modulo2\apache-tomcat-9.0.96-windows-x64\apache-tomcat-9.0.96\webapps\docs] de la aplicación web
25-Oct-2024 10:41:07.278 INFO [main] org.apache.jasper.servlet.TldScanner.scanJars Al menos un JAR, que se ha explorado buscando TLDs, aún no contenía TLDs. Activar historial de depuración para este historiador para una completa lista de los JARs que fueron explorados y de los que nos se halló TLDs. Saltarse JARs no necesarios durante la exploración puede dar lugar a una mejora de tiempo significativa en el arranque y compilación de JSP .
25-Oct-2024 10:41:07.289 INFO [main] org.apache.catalina.startup.HostConfig.deployDirectory Deployment of web application directory [C:\Users\USER\Desktop\PROGRAMACIONBRYAN\Modulo2\apache-tomcat-9.0.96-windows-x64\apache-tomcat-9.0.96\webapps\docs] has finished in [587] ms
25-Oct-2024 10:41:07.291 INFO [main] org.apache.catalina.startup.HostConfig.deployDirectory Desplegando el directorio [C:\Users\USER\Desktop\PROGRAMACIONBRYAN\Modulo2\apache-tomcat-9.0.96-windows-x64\apache-tomcat-9.0.96\webapps\examples] de la aplicación web
25-Oct-2024 10:41:09.328 INFO [main] org.apache.jasper.servlet.TldScanner.scanJars Al menos un JAR, que se ha explorado buscando TLDs, aún no contenía TLDs. Activar historial de depuración para este historiador para una completa lista de los JARs que fueron explorados y de los que nos se halló TLDs. Saltarse JARs no necesarios durante la exploración puede dar lugar a una mejora de tiempo significativa en el arranque y compilación de JSP .
25-Oct-2024 10:41:09.631 INFO [main] org.apache.catalina.startup.HostConfig.deployDirectory Deployment of web application directory [C:\Users\USER\Desktop\PROGRAMACIONBRYAN\Modulo2\apache-tomcat-9.0.96-windows-x64\apache-tomcat-9.0.96\webapps\examples] has finished in [2.339] ms
25-Oct-2024 10:41:09.634 INFO [main] org.apache.catalina.startup.HostConfig.deployDirectory Desplegando el directorio [C:\Users\USER\Desktop\PROGRAMACIONBRYAN\Modulo2\apache-tomcat-9.0.96-windows-x64\apache-tomcat-9.0.96\webapps\host-manager] de la aplicación web
25-Oct-2024 10:41:10.275 INFO [main] org.apache.jasper.servlet.TldScanner.scanJars Al menos un JAR, que se ha explorado buscando TLDs, aún no contenía TLDs. Activar historial de depuración para este historiador para una completa lista de los JARs que fueron explorados y de los que nos se halló TLDs. Saltarse JARs no necesarios durante la exploración puede dar lugar a una mejora de tiempo significativa en el arranque y compilación de JSP .
25-Oct-2024 10:41:10.308 INFO [main] org.apache.catalina.startup.HostConfig.deployDirectory Deployment of web application directory [C:\Users\USER\Desktop\PROGRAMACIONBRYAN\Modulo2\apache-tomcat-9.0.96-windows-x64\apache-tomcat-9.0.96\webapps\host-manager] has finished in [673] ms
25-Oct-2024 10:41:10.321 INFO [main] org.apache.catalina.startup.HostConfig.deployDirectory Desplegando el directorio [C:\Users\USER\Desktop\PROGRAMACIONBRYAN\Modulo2\apache-tomcat-9.0.96-windows-x64\apache-tomcat-9.0.96\webapps\manager] de la aplicación web
25-Oct-2024 10:41:10.817 INFO [main] org.apache.jasper.servlet.TldScanner.scanJars Al menos un JAR, que se ha explorado buscando TLDs, aún no contenía TLDs. Activar historial de depuración para este historiador para una completa lista de los JARs que fueron explorados y de los que nos se halló TLDs. Saltarse JARs no necesarios durante la exploración puede dar lugar a una mejora de tiempo significativa en el arranque y compilación de JSP .
25-Oct-2024 10:41:10.837 INFO [main] org.apache.catalina.startup.HostConfig.deployDirectory Deployment of web application directory [C:\Users\USER\Desktop\PROGRAMACIONBRYAN\Modulo2\apache-tomcat-9.0.96-windows-x64\apache-tomcat-9.0.96\webapps\manager] has finished in [516] ms
25-Oct-2024 10:41:10.839 INFO [main] org.apache.catalina.startup.HostConfig.deployDirectory Desplegando el directorio [C:\Users\USER\Desktop\PROGRAMACIONBRYAN\Modulo2\apache-tomcat-9.0.96-windows-x64\apache-tomcat-9.0.96\webapps\ROOT] de la aplicación web
25-Oct-2024 10:41:11.247 INFO [main] org.apache.jasper.servlet.TldScanner.scanJars Al menos un JAR, que se ha explorado buscando TLDs, aún no contenía TLDs. Activar historial de depuración para este historiador para una completa lista de los JARs que fueron explorados y de los que nos se halló TLDs. Saltarse JARs no necesarios durante la exploración puede dar lugar a una mejora de tiempo significativa en el arranque y compilación de JSP .
25-Oct-2024 10:41:11.257 INFO [main] org.apache.catalina.startup.HostConfig.deployDirectory Deployment of web application directory [C:\Users\USER\Desktop\PROGRAMACIONBRYAN\Modulo2\apache-tomcat-9.0.96-windows-x64\apache-tomcat-9.0.96\webapps\ROOT] has finished in [418] ms
25-Oct-2024 10:41:11.272 INFO [main] org.apache.coyote.AbstractProtocol.start Starting ProtocolHandler ["http-nio-8080"]
25-Oct-2024 10:41:11.352 INFO [main] org.apache.catalina.startup.Catalina.start Server startup in [47730] milliseconds
25-Oct-2024 10:46:58.814 INFO [main] org.apache.catalina.startup.VersionLoggerListener.log Nombre de la versión del servidor: Apache Tomcat/9.0.96
25-Oct-2024 10:46:58.829 INFO [main] org.apache.catalina.startup.VersionLoggerListener.log Server built:                      Oct 3 2024 19:44:30 UTC
25-Oct-2024 10:46:58.831 INFO [main] org.apache.catalina.startup.VersionLoggerListener.log Número de versión de servidor:     9.0.96.0
25-Oct-2024 10:46:58.832 INFO [main] org.apache.catalina.startup.VersionLoggerListener.log OS Name:                           Windows 10
25-Oct-2024 10:46:58.832 INFO [main] org.apache.catalina.startup.VersionLoggerListener.log Versión de Systema Operativo:      10.0
25-Oct-2024 10:46:58.834 INFO [main] org.apache.catalina.startup.VersionLoggerListener.log Arquitectura:                      amd64
25-Oct-2024 10:46:58.841 INFO [main] org.apache.catalina.startup.VersionLoggerListener.log Java Home:                         C:\Program Files\Java\jdk-23
25-Oct-2024 10:46:58.842 INFO [main] org.apache.catalina.startup.VersionLoggerListener.log JVM Version:                       23+37-2369
25-Oct-2024 10:46:58.843 INFO [main] org.apache.catalina.startup.VersionLoggerListener.log Vededor JVM:                       Oracle Corporation
25-Oct-2024 10:46:58.847 INFO [main] org.apache.catalina.startup.VersionLoggerListener.log CATALINA_BASE:                     C:\Users\USER\Desktop\PROGRAMACIONBRYAN\Modulo2\apache-tomcat-9.0.96-windows-x64\apache-tomcat-9.0.96
25-Oct-2024 10:46:58.848 INFO [main] org.apache.catalina.startup.VersionLoggerListener.log CATALINA_HOME:                     C:\Users\USER\Desktop\PROGRAMACIONBRYAN\Modulo2\apache-tomcat-9.0.96-windows-x64\apache-tomcat-9.0.96
25-Oct-2024 10:46:58.867 INFO [main] org.apache.catalina.startup.VersionLoggerListener.log Command line argument:             --add-opens=java.base/java.lang=ALL-UNNAMED
25-Oct-2024 10:46:58.873 INFO [main] org.apache.catalina.startup.VersionLoggerListener.log Command line argument:             --add-opens=java.base/java.io=ALL-UNNAMED
25-Oct-2024 10:46:58.874 INFO [main] org.apache.catalina.startup.VersionLoggerListener.log Command line argument:             --add-opens=java.base/java.util=ALL-UNNAMED
25-Oct-2024 10:46:58.875 INFO [main] org.apache.catalina.startup.VersionLoggerListener.log Command line argument:             --add-opens=java.base/java.util.concurrent=ALL-UNNAMED
25-Oct-2024 10:46:58.876 INFO [main] org.apache.catalina.startup.VersionLoggerListener.log Command line argument:             --add-opens=java.rmi/sun.rmi.transport=ALL-UNNAMED
25-Oct-2024 10:46:58.879 INFO [main] org.apache.catalina.startup.VersionLoggerListener.log Command line argument:             -Djava.util.logging.config.file=C:\Users\USER\Desktop\PROGRAMACIONBRYAN\Modulo2\apache-tomcat-9.0.96-windows-x64\apache-tomcat-9.0.96\conf\logging.properties
25-Oct-2024 10:46:58.880 INFO [main] org.apache.catalina.startup.VersionLoggerListener.log Command line argument:             -Djava.util.logging.manager=org.apache.juli.ClassLoaderLogManager
25-Oct-2024 10:46:58.882 INFO [main] org.apache.catalina.startup.VersionLoggerListener.log Command line argument:             -Djdk.tls.ephemeralDHKeySize=2048
25-Oct-2024 10:46:58.891 INFO [main] org.apache.catalina.startup.VersionLoggerListener.log Command line argument:             -Djava.protocol.handler.pkgs=org.apache.catalina.webresources
25-Oct-2024 10:46:58.893 INFO [main] org.apache.catalina.startup.VersionLoggerListener.log Command line argument:             -Dignore.endorsed.dirs=
25-Oct-2024 10:46:58.895 INFO [main] org.apache.catalina.startup.VersionLoggerListener.log Command line argument:             -Dcatalina.base=C:\Users\USER\Desktop\PROGRAMACIONBRYAN\Modulo2\apache-tomcat-9.0.96-windows-x64\apache-tomcat-9.0.96
25-Oct-2024 10:46:58.897 INFO [main] org.apache.catalina.startup.VersionLoggerListener.log Command line argument:             -Dcatalina.home=C:\Users\USER\Desktop\PROGRAMACIONBRYAN\Modulo2\apache-tomcat-9.0.96-windows-x64\apache-tomcat-9.0.96
25-Oct-2024 10:46:58.899 INFO [main] org.apache.catalina.startup.VersionLoggerListener.log Command line argument:             -Djava.io.tmpdir=C:\Users\USER\Desktop\PROGRAMACIONBRYAN\Modulo2\apache-tomcat-9.0.96-windows-x64\apache-tomcat-9.0.96\temp
25-Oct-2024 10:46:58.914 INFO [main] org.apache.catalina.core.AprLifecycleListener.lifecycleEvent Cargada la biblioteca nativa APR de Apache Tomcat [1.3.1] con la versión APR [1.7.4].
25-Oct-2024 10:46:58.918 INFO [main] org.apache.catalina.core.AprLifecycleListener.lifecycleEvent Capacidades APR: IPv6 [true], enviar fichero [true], aceptar filtros [false], aleatorio [true], UDS [true].
25-Oct-2024 10:46:58.921 INFO [main] org.apache.catalina.core.AprLifecycleListener.lifecycleEvent APR/OpenSSL configuration: useAprConnector [false], useOpenSSL [true]
25-Oct-2024 10:46:58.941 INFO [main] org.apache.catalina.core.AprLifecycleListener.initializeSSL OpenSSL inicializado correctamente [OpenSSL 3.0.14 4 Jun 2024]
25-Oct-2024 10:47:01.903 INFO [main] org.apache.coyote.AbstractProtocol.init Inicializando el manejador de protocolo ["http-nio-8080"]

25-Oct-2024 10:47:02.065 INFO [main] org.apache.catalina.startup.Catalina.load Server initialization in [4537] milliseconds
25-Oct-2024 10:47:02.152 WARNING [main] java.util.ArrayList.forEach Name = ConBDD Property maxActive is not used in DBCP2, use maxTotal instead. maxTotal default value is 8. You have set value of "100" for "maxActive" property, which is being ignored.
25-Oct-2024 10:47:02.156 WARNING [main] java.util.ArrayList.forEach Name = ConBDD Property maxWait is not used in DBCP2 , use maxWaitMillis instead. maxWaitMillis default value is PT-0.001S. You have set value of "10000" for "maxWait" property, which is being ignored.
25-Oct-2024 10:47:02.160 INFO [main] java.util.ArrayList.forEach Name = ConBDD Ignoring unknown property: value of "jdbc/ConBDD" for "global" property
25-Oct-2024 10:47:02.565 INFO [main] org.apache.catalina.core.StandardService.startInternal Arrancando servicio [Catalina]
25-Oct-2024 10:47:02.570 INFO [main] org.apache.catalina.core.StandardEngine.startInternal Starting Servlet engine: [Apache Tomcat/9.0.96]
25-Oct-2024 10:47:02.687 INFO [main] org.apache.catalina.startup.HostConfig.deployWAR Despliegue del archivo [C:\Users\USER\Desktop\PROGRAMACIONBRYAN\Modulo2\apache-tomcat-9.0.96-windows-x64\apache-tomcat-9.0.96\webapps\ejemploweb.war] de la aplicación web
25-Oct-2024 10:47:09.049 INFO [main] org.apache.jasper.servlet.TldScanner.scanJars Al menos un JAR, que se ha explorado buscando TLDs, aún no contenía TLDs. Activar historial de depuración para este historiador para una completa lista de los JARs que fueron explorados y de los que nos se halló TLDs. Saltarse JARs no necesarios durante la exploración puede dar lugar a una mejora de tiempo significativa en el arranque y compilación de JSP .
25-Oct-2024 10:47:14.462 INFO [main] org.apache.catalina.startup.HostConfig.deployWAR Deployment of web application archive [C:\Users\USER\Desktop\PROGRAMACIONBRYAN\Modulo2\apache-tomcat-9.0.96-windows-x64\apache-tomcat-9.0.96\webapps\ejemploweb.war] has finished in [11.773] ms
25-Oct-2024 10:47:14.469 INFO [main] org.apache.catalina.startup.HostConfig.deployWAR Despliegue del archivo [C:\Users\USER\Desktop\PROGRAMACIONBRYAN\Modulo2\apache-tomcat-9.0.96-windows-x64\apache-tomcat-9.0.96\webapps\evaluacion.war] de la aplicación web
25-Oct-2024 10:47:14.563 INFO [main] org.apache.catalina.startup.ExpandWar.expand An expanded directory [C:\Users\USER\Desktop\PROGRAMACIONBRYAN\Modulo2\apache-tomcat-9.0.96-windows-x64\apache-tomcat-9.0.96\webapps\evaluacion] was found with a last modified time that did not match the associated WAR. It will be deleted.
25-Oct-2024 10:47:22.300 INFO [main] org.apache.jasper.servlet.TldScanner.scanJars Al menos un JAR, que se ha explorado buscando TLDs, aún no contenía TLDs. Activar historial de depuración para este historiador para una completa lista de los JARs que fueron explorados y de los que nos se halló TLDs. Saltarse JARs no necesarios durante la exploración puede dar lugar a una mejora de tiempo significativa en el arranque y compilación de JSP .
25-Oct-2024 10:47:25.960 INFO [main] org.apache.catalina.startup.HostConfig.deployWAR Deployment of web application archive [C:\Users\USER\Desktop\PROGRAMACIONBRYAN\Modulo2\apache-tomcat-9.0.96-windows-x64\apache-tomcat-9.0.96\webapps\evaluacion.war] has finished in [11.490] ms
25-Oct-2024 10:47:25.967 INFO [main] org.apache.catalina.startup.HostConfig.deployWAR Despliegue del archivo [C:\Users\USER\Desktop\PROGRAMACIONBRYAN\Modulo2\apache-tomcat-9.0.96-windows-x64\apache-tomcat-9.0.96\webapps\inventario.war] de la aplicación web
25-Oct-2024 10:47:30.940 INFO [main] org.apache.jasper.servlet.TldScanner.scanJars Al menos un JAR, que se ha explorado buscando TLDs, aún no contenía TLDs. Activar historial de depuración para este historiador para una completa lista de los JARs que fueron explorados y de los que nos se halló TLDs. Saltarse JARs no necesarios durante la exploración puede dar lugar a una mejora de tiempo significativa en el arranque y compilación de JSP .
25-Oct-2024 10:47:36.073 INFO [main] org.apache.catalina.startup.HostConfig.deployWAR Deployment of web application archive [C:\Users\USER\Desktop\PROGRAMACIONBRYAN\Modulo2\apache-tomcat-9.0.96-windows-x64\apache-tomcat-9.0.96\webapps\inventario.war] has finished in [10.106] ms
25-Oct-2024 10:47:36.076 INFO [main] org.apache.catalina.startup.HostConfig.deployDirectory Desplegando el directorio [C:\Users\USER\Desktop\PROGRAMACIONBRYAN\Modulo2\apache-tomcat-9.0.96-windows-x64\apache-tomcat-9.0.96\webapps\docs] de la aplicación web
25-Oct-2024 10:47:36.997 INFO [main] org.apache.jasper.servlet.TldScanner.scanJars Al menos un JAR, que se ha explorado buscando TLDs, aún no contenía TLDs. Activar historial de depuración para este historiador para una completa lista de los JARs que fueron explorados y de los que nos se halló TLDs. Saltarse JARs no necesarios durante la exploración puede dar lugar a una mejora de tiempo significativa en el arranque y compilación de JSP .
25-Oct-2024 10:47:37.074 INFO [main] org.apache.catalina.startup.HostConfig.deployDirectory Deployment of web application directory [C:\Users\USER\Desktop\PROGRAMACIONBRYAN\Modulo2\apache-tomcat-9.0.96-windows-x64\apache-tomcat-9.0.96\webapps\docs] has finished in [999] ms
25-Oct-2024 10:47:37.083 INFO [main] org.apache.catalina.startup.HostConfig.deployDirectory Desplegando el directorio [C:\Users\USER\Desktop\PROGRAMACIONBRYAN\Modulo2\apache-tomcat-9.0.96-windows-x64\apache-tomcat-9.0.96\webapps\examples] de la aplicación web
25-Oct-2024 10:47:40.045 INFO [main] org.apache.jasper.servlet.TldScanner.scanJars Al menos un JAR, que se ha explorado buscando TLDs, aún no contenía TLDs. Activar historial de depuración para este historiador para una completa lista de los JARs que fueron explorados y de los que nos se halló TLDs. Saltarse JARs no necesarios durante la exploración puede dar lugar a una mejora de tiempo significativa en el arranque y compilación de JSP .
25-Oct-2024 10:47:40.526 INFO [main] org.apache.catalina.startup.HostConfig.deployDirectory Deployment of web application directory [C:\Users\USER\Desktop\PROGRAMACIONBRYAN\Modulo2\apache-tomcat-9.0.96-windows-x64\apache-tomcat-9.0.96\webapps\examples] has finished in [3.443] ms
25-Oct-2024 10:47:40.548 INFO [main] org.apache.catalina.startup.HostConfig.deployDirectory Desplegando el directorio [C:\Users\USER\Desktop\PROGRAMACIONBRYAN\Modulo2\apache-tomcat-9.0.96-windows-x64\apache-tomcat-9.0.96\webapps\host-manager] de la aplicación web
25-Oct-2024 10:47:41.274 INFO [main] org.apache.jasper.servlet.TldScanner.scanJars Al menos un JAR, que se ha explorado buscando TLDs, aún no contenía TLDs. Activar historial de depuración para este historiador para una completa lista de los JARs que fueron explorados y de los que nos se halló TLDs. Saltarse JARs no necesarios durante la exploración puede dar lugar a una mejora de tiempo significativa en el arranque y compilación de JSP .
25-Oct-2024 10:47:41.307 INFO [main] org.apache.catalina.startup.HostConfig.deployDirectory Deployment of web application directory [C:\Users\USER\Desktop\PROGRAMACIONBRYAN\Modulo2\apache-tomcat-9.0.96-windows-x64\apache-tomcat-9.0.96\webapps\host-manager] has finished in [758] ms
25-Oct-2024 10:47:41.323 INFO [main] org.apache.catalina.startup.HostConfig.deployDirectory Desplegando el directorio [C:\Users\USER\Desktop\PROGRAMACIONBRYAN\Modulo2\apache-tomcat-9.0.96-windows-x64\apache-tomcat-9.0.96\webapps\manager] de la aplicación web
25-Oct-2024 10:47:42.100 INFO [main] org.apache.jasper.servlet.TldScanner.scanJars Al menos un JAR, que se ha explorado buscando TLDs, aún no contenía TLDs. Activar historial de depuración para este historiador para una completa lista de los JARs que fueron explorados y de los que nos se halló TLDs. Saltarse JARs no necesarios durante la exploración puede dar lugar a una mejora de tiempo significativa en el arranque y compilación de JSP .
25-Oct-2024 10:47:42.131 INFO [main] org.apache.catalina.startup.HostConfig.deployDirectory Deployment of web application directory [C:\Users\USER\Desktop\PROGRAMACIONBRYAN\Modulo2\apache-tomcat-9.0.96-windows-x64\apache-tomcat-9.0.96\webapps\manager] has finished in [806] ms
25-Oct-2024 10:47:42.135 INFO [main] org.apache.catalina.startup.HostConfig.deployDirectory Desplegando el directorio [C:\Users\USER\Desktop\PROGRAMACIONBRYAN\Modulo2\apache-tomcat-9.0.96-windows-x64\apache-tomcat-9.0.96\webapps\ROOT] de la aplicación web
25-Oct-2024 10:47:42.820 INFO [main] org.apache.jasper.servlet.TldScanner.scanJars Al menos un JAR, que se ha explorado buscando TLDs, aún no contenía TLDs. Activar historial de depuración para este historiador para una completa lista de los JARs que fueron explorados y de los que nos se halló TLDs. Saltarse JARs no necesarios durante la exploración puede dar lugar a una mejora de tiempo significativa en el arranque y compilación de JSP .
25-Oct-2024 10:47:42.841 INFO [main] org.apache.catalina.startup.HostConfig.deployDirectory Deployment of web application directory [C:\Users\USER\Desktop\PROGRAMACIONBRYAN\Modulo2\apache-tomcat-9.0.96-windows-x64\apache-tomcat-9.0.96\webapps\ROOT] has finished in [705] ms
25-Oct-2024 10:47:42.870 INFO [main] org.apache.coyote.AbstractProtocol.start Starting ProtocolHandler ["http-nio-8080"]
25-Oct-2024 10:47:43.006 INFO [main] org.apache.catalina.startup.Catalina.start Server startup in [40929] milliseconds
