24-Oct-2024 12:03:02.583 INFO [main] org.apache.catalina.startup.VersionLoggerListener.log Nombre de la versión del servidor: Apache Tomcat/9.0.96
24-Oct-2024 12:03:02.599 INFO [main] org.apache.catalina.startup.VersionLoggerListener.log Server built:                      Oct 3 2024 19:44:30 UTC
24-Oct-2024 12:03:02.601 INFO [main] org.apache.catalina.startup.VersionLoggerListener.log Número de versión de servidor:     9.0.96.0
24-Oct-2024 12:03:02.604 INFO [main] org.apache.catalina.startup.VersionLoggerListener.log OS Name:                           Windows 10
24-Oct-2024 12:03:02.604 INFO [main] org.apache.catalina.startup.VersionLoggerListener.log Versión de Systema Operativo:      10.0
24-Oct-2024 12:03:02.606 INFO [main] org.apache.catalina.startup.VersionLoggerListener.log Arquitectura:                      amd64
24-Oct-2024 12:03:02.607 INFO [main] org.apache.catalina.startup.VersionLoggerListener.log Java Home:                         C:\Program Files\Java\jdk-23
24-Oct-2024 12:03:02.608 INFO [main] org.apache.catalina.startup.VersionLoggerListener.log JVM Version:                       23+37-2369
24-Oct-2024 12:03:02.609 INFO [main] org.apache.catalina.startup.VersionLoggerListener.log Vededor JVM:                       Oracle Corporation
24-Oct-2024 12:03:02.614 INFO [main] org.apache.catalina.startup.VersionLoggerListener.log CATALINA_BASE:                     C:\Users\USER\Desktop\PROGRAMACIONBRYAN\Modulo2\apache-tomcat-9.0.96-windows-x64\apache-tomcat-9.0.96
24-Oct-2024 12:03:02.615 INFO [main] org.apache.catalina.startup.VersionLoggerListener.log CATALINA_HOME:                     C:\Users\USER\Desktop\PROGRAMACIONBRYAN\Modulo2\apache-tomcat-9.0.96-windows-x64\apache-tomcat-9.0.96
24-Oct-2024 12:03:02.643 INFO [main] org.apache.catalina.startup.VersionLoggerListener.log Command line argument:             --add-opens=java.base/java.lang=ALL-UNNAMED
24-Oct-2024 12:03:02.644 INFO [main] org.apache.catalina.startup.VersionLoggerListener.log Command line argument:             --add-opens=java.base/java.io=ALL-UNNAMED
24-Oct-2024 12:03:02.645 INFO [main] org.apache.catalina.startup.VersionLoggerListener.log Command line argument:             --add-opens=java.base/java.util=ALL-UNNAMED
24-Oct-2024 12:03:02.647 INFO [main] org.apache.catalina.startup.VersionLoggerListener.log Command line argument:             --add-opens=java.base/java.util.concurrent=ALL-UNNAMED
24-Oct-2024 12:03:02.649 INFO [main] org.apache.catalina.startup.VersionLoggerListener.log Command line argument:             --add-opens=java.rmi/sun.rmi.transport=ALL-UNNAMED
24-Oct-2024 12:03:02.653 INFO [main] org.apache.catalina.startup.VersionLoggerListener.log Command line argument:             -Djava.util.logging.config.file=C:\Users\USER\Desktop\PROGRAMACIONBRYAN\Modulo2\apache-tomcat-9.0.96-windows-x64\apache-tomcat-9.0.96\conf\logging.properties
24-Oct-2024 12:03:02.654 INFO [main] org.apache.catalina.startup.VersionLoggerListener.log Command line argument:             -Djava.util.logging.manager=org.apache.juli.ClassLoaderLogManager
24-Oct-2024 12:03:02.656 INFO [main] org.apache.catalina.startup.VersionLoggerListener.log Command line argument:             -Djdk.tls.ephemeralDHKeySize=2048
24-Oct-2024 12:03:02.660 INFO [main] org.apache.catalina.startup.VersionLoggerListener.log Command line argument:             -Djava.protocol.handler.pkgs=org.apache.catalina.webresources
24-Oct-2024 12:03:02.667 INFO [main] org.apache.catalina.startup.VersionLoggerListener.log Command line argument:             -Dignore.endorsed.dirs=
24-Oct-2024 12:03:02.669 INFO [main] org.apache.catalina.startup.VersionLoggerListener.log Command line argument:             -Dcatalina.base=C:\Users\USER\Desktop\PROGRAMACIONBRYAN\Modulo2\apache-tomcat-9.0.96-windows-x64\apache-tomcat-9.0.96
24-Oct-2024 12:03:02.671 INFO [main] org.apache.catalina.startup.VersionLoggerListener.log Command line argument:             -Dcatalina.home=C:\Users\USER\Desktop\PROGRAMACIONBRYAN\Modulo2\apache-tomcat-9.0.96-windows-x64\apache-tomcat-9.0.96
24-Oct-2024 12:03:02.673 INFO [main] org.apache.catalina.startup.VersionLoggerListener.log Command line argument:             -Djava.io.tmpdir=C:\Users\USER\Desktop\PROGRAMACIONBRYAN\Modulo2\apache-tomcat-9.0.96-windows-x64\apache-tomcat-9.0.96\temp
24-Oct-2024 12:03:02.695 INFO [main] org.apache.catalina.core.AprLifecycleListener.lifecycleEvent Cargada la biblioteca nativa APR de Apache Tomcat [1.3.1] con la versión APR [1.7.4].
24-Oct-2024 12:03:02.696 INFO [main] org.apache.catalina.core.AprLifecycleListener.lifecycleEvent Capacidades APR: IPv6 [true], enviar fichero [true], aceptar filtros [false], aleatorio [true], UDS [true].
24-Oct-2024 12:03:02.698 INFO [main] org.apache.catalina.core.AprLifecycleListener.lifecycleEvent APR/OpenSSL configuration: useAprConnector [false], useOpenSSL [true]
24-Oct-2024 12:03:02.737 INFO [main] org.apache.catalina.core.AprLifecycleListener.initializeSSL OpenSSL inicializado correctamente [OpenSSL 3.0.14 4 Jun 2024]
24-Oct-2024 12:03:04.166 INFO [main] org.apache.coyote.AbstractProtocol.init Inicializando el manejador de protocolo ["http-nio-8080"]

24-Oct-2024 12:03:04.260 INFO [main] org.apache.catalina.startup.Catalina.load Server initialization in [2659] milliseconds
24-Oct-2024 12:03:04.351 WARNING [main] java.util.ArrayList.forEach Name = ConBDD Property maxActive is not used in DBCP2, use maxTotal instead. maxTotal default value is 8. You have set value of "100" for "maxActive" property, which is being ignored.
24-Oct-2024 12:03:04.355 WARNING [main] java.util.ArrayList.forEach Name = ConBDD Property maxWait is not used in DBCP2 , use maxWaitMillis instead. maxWaitMillis default value is PT-0.001S. You have set value of "10000" for "maxWait" property, which is being ignored.
24-Oct-2024 12:03:04.358 INFO [main] java.util.ArrayList.forEach Name = ConBDD Ignoring unknown property: value of "jdbc/ConBDD" for "global" property
24-Oct-2024 12:03:04.601 INFO [main] org.apache.catalina.core.StandardService.startInternal Arrancando servicio [Catalina]
24-Oct-2024 12:03:04.610 INFO [main] org.apache.catalina.core.StandardEngine.startInternal Starting Servlet engine: [Apache Tomcat/9.0.96]
24-Oct-2024 12:03:04.703 INFO [main] org.apache.catalina.startup.HostConfig.deployWAR Despliegue del archivo [C:\Users\USER\Desktop\PROGRAMACIONBRYAN\Modulo2\apache-tomcat-9.0.96-windows-x64\apache-tomcat-9.0.96\webapps\ejemploweb.war] de la aplicación web
24-Oct-2024 12:03:10.103 INFO [main] org.apache.jasper.servlet.TldScanner.scanJars Al menos un JAR, que se ha explorado buscando TLDs, aún no contenía TLDs. Activar historial de depuración para este historiador para una completa lista de los JARs que fueron explorados y de los que nos se halló TLDs. Saltarse JARs no necesarios durante la exploración puede dar lugar a una mejora de tiempo significativa en el arranque y compilación de JSP .
24-Oct-2024 12:03:14.723 INFO [main] org.apache.catalina.startup.HostConfig.deployWAR Deployment of web application archive [C:\Users\USER\Desktop\PROGRAMACIONBRYAN\Modulo2\apache-tomcat-9.0.96-windows-x64\apache-tomcat-9.0.96\webapps\ejemploweb.war] has finished in [10.020] ms
24-Oct-2024 12:03:14.732 INFO [main] org.apache.catalina.startup.HostConfig.deployWAR Despliegue del archivo [C:\Users\USER\Desktop\PROGRAMACIONBRYAN\Modulo2\apache-tomcat-9.0.96-windows-x64\apache-tomcat-9.0.96\webapps\evaluacion.war] de la aplicación web
24-Oct-2024 12:03:20.139 INFO [main] org.apache.jasper.servlet.TldScanner.scanJars Al menos un JAR, que se ha explorado buscando TLDs, aún no contenía TLDs. Activar historial de depuración para este historiador para una completa lista de los JARs que fueron explorados y de los que nos se halló TLDs. Saltarse JARs no necesarios durante la exploración puede dar lugar a una mejora de tiempo significativa en el arranque y compilación de JSP .
24-Oct-2024 12:03:24.312 INFO [main] org.apache.catalina.startup.HostConfig.deployWAR Deployment of web application archive [C:\Users\USER\Desktop\PROGRAMACIONBRYAN\Modulo2\apache-tomcat-9.0.96-windows-x64\apache-tomcat-9.0.96\webapps\evaluacion.war] has finished in [9.579] ms
24-Oct-2024 12:03:24.321 INFO [main] org.apache.catalina.startup.HostConfig.deployWAR Despliegue del archivo [C:\Users\USER\Desktop\PROGRAMACIONBRYAN\Modulo2\apache-tomcat-9.0.96-windows-x64\apache-tomcat-9.0.96\webapps\inventario.war] de la aplicación web
24-Oct-2024 12:03:29.074 INFO [main] org.apache.jasper.servlet.TldScanner.scanJars Al menos un JAR, que se ha explorado buscando TLDs, aún no contenía TLDs. Activar historial de depuración para este historiador para una completa lista de los JARs que fueron explorados y de los que nos se halló TLDs. Saltarse JARs no necesarios durante la exploración puede dar lugar a una mejora de tiempo significativa en el arranque y compilación de JSP .
24-Oct-2024 12:03:33.256 INFO [main] org.apache.catalina.startup.HostConfig.deployWAR Deployment of web application archive [C:\Users\USER\Desktop\PROGRAMACIONBRYAN\Modulo2\apache-tomcat-9.0.96-windows-x64\apache-tomcat-9.0.96\webapps\inventario.war] has finished in [8.934] ms
24-Oct-2024 12:03:33.260 INFO [main] org.apache.catalina.startup.HostConfig.deployDirectory Desplegando el directorio [C:\Users\USER\Desktop\PROGRAMACIONBRYAN\Modulo2\apache-tomcat-9.0.96-windows-x64\apache-tomcat-9.0.96\webapps\docs] de la aplicación web
24-Oct-2024 12:03:33.730 INFO [main] org.apache.jasper.servlet.TldScanner.scanJars Al menos un JAR, que se ha explorado buscando TLDs, aún no contenía TLDs. Activar historial de depuración para este historiador para una completa lista de los JARs que fueron explorados y de los que nos se halló TLDs. Saltarse JARs no necesarios durante la exploración puede dar lugar a una mejora de tiempo significativa en el arranque y compilación de JSP .
24-Oct-2024 12:03:33.742 INFO [main] org.apache.catalina.startup.HostConfig.deployDirectory Deployment of web application directory [C:\Users\USER\Desktop\PROGRAMACIONBRYAN\Modulo2\apache-tomcat-9.0.96-windows-x64\apache-tomcat-9.0.96\webapps\docs] has finished in [482] ms
24-Oct-2024 12:03:33.744 INFO [main] org.apache.catalina.startup.HostConfig.deployDirectory Desplegando el directorio [C:\Users\USER\Desktop\PROGRAMACIONBRYAN\Modulo2\apache-tomcat-9.0.96-windows-x64\apache-tomcat-9.0.96\webapps\examples] de la aplicación web
24-Oct-2024 12:03:35.533 INFO [main] org.apache.jasper.servlet.TldScanner.scanJars Al menos un JAR, que se ha explorado buscando TLDs, aún no contenía TLDs. Activar historial de depuración para este historiador para una completa lista de los JARs que fueron explorados y de los que nos se halló TLDs. Saltarse JARs no necesarios durante la exploración puede dar lugar a una mejora de tiempo significativa en el arranque y compilación de JSP .
24-Oct-2024 12:03:35.783 INFO [main] org.apache.catalina.startup.HostConfig.deployDirectory Deployment of web application directory [C:\Users\USER\Desktop\PROGRAMACIONBRYAN\Modulo2\apache-tomcat-9.0.96-windows-x64\apache-tomcat-9.0.96\webapps\examples] has finished in [2.040] ms
24-Oct-2024 12:03:35.791 INFO [main] org.apache.catalina.startup.HostConfig.deployDirectory Desplegando el directorio [C:\Users\USER\Desktop\PROGRAMACIONBRYAN\Modulo2\apache-tomcat-9.0.96-windows-x64\apache-tomcat-9.0.96\webapps\host-manager] de la aplicación web
24-Oct-2024 12:03:36.479 INFO [main] org.apache.jasper.servlet.TldScanner.scanJars Al menos un JAR, que se ha explorado buscando TLDs, aún no contenía TLDs. Activar historial de depuración para este historiador para una completa lista de los JARs que fueron explorados y de los que nos se halló TLDs. Saltarse JARs no necesarios durante la exploración puede dar lugar a una mejora de tiempo significativa en el arranque y compilación de JSP .
24-Oct-2024 12:03:36.507 INFO [main] org.apache.catalina.startup.HostConfig.deployDirectory Deployment of web application directory [C:\Users\USER\Desktop\PROGRAMACIONBRYAN\Modulo2\apache-tomcat-9.0.96-windows-x64\apache-tomcat-9.0.96\webapps\host-manager] has finished in [716] ms
24-Oct-2024 12:03:36.515 INFO [main] org.apache.catalina.startup.HostConfig.deployDirectory Desplegando el directorio [C:\Users\USER\Desktop\PROGRAMACIONBRYAN\Modulo2\apache-tomcat-9.0.96-windows-x64\apache-tomcat-9.0.96\webapps\manager] de la aplicación web
24-Oct-2024 12:03:37.016 INFO [main] org.apache.jasper.servlet.TldScanner.scanJars Al menos un JAR, que se ha explorado buscando TLDs, aún no contenía TLDs. Activar historial de depuración para este historiador para una completa lista de los JARs que fueron explorados y de los que nos se halló TLDs. Saltarse JARs no necesarios durante la exploración puede dar lugar a una mejora de tiempo significativa en el arranque y compilación de JSP .
24-Oct-2024 12:03:37.033 INFO [main] org.apache.catalina.startup.HostConfig.deployDirectory Deployment of web application directory [C:\Users\USER\Desktop\PROGRAMACIONBRYAN\Modulo2\apache-tomcat-9.0.96-windows-x64\apache-tomcat-9.0.96\webapps\manager] has finished in [518] ms
24-Oct-2024 12:03:37.036 INFO [main] org.apache.catalina.startup.HostConfig.deployDirectory Desplegando el directorio [C:\Users\USER\Desktop\PROGRAMACIONBRYAN\Modulo2\apache-tomcat-9.0.96-windows-x64\apache-tomcat-9.0.96\webapps\ROOT] de la aplicación web
24-Oct-2024 12:03:37.436 INFO [main] org.apache.jasper.servlet.TldScanner.scanJars Al menos un JAR, que se ha explorado buscando TLDs, aún no contenía TLDs. Activar historial de depuración para este historiador para una completa lista de los JARs que fueron explorados y de los que nos se halló TLDs. Saltarse JARs no necesarios durante la exploración puede dar lugar a una mejora de tiempo significativa en el arranque y compilación de JSP .
24-Oct-2024 12:03:37.446 INFO [main] org.apache.catalina.startup.HostConfig.deployDirectory Deployment of web application directory [C:\Users\USER\Desktop\PROGRAMACIONBRYAN\Modulo2\apache-tomcat-9.0.96-windows-x64\apache-tomcat-9.0.96\webapps\ROOT] has finished in [410] ms
24-Oct-2024 12:03:37.463 INFO [main] org.apache.coyote.AbstractProtocol.start Starting ProtocolHandler ["http-nio-8080"]
24-Oct-2024 12:03:37.540 INFO [main] org.apache.catalina.startup.Catalina.start Server startup in [33269] milliseconds
24-Oct-2024 12:12:41.178 INFO [Catalina-utility-1] org.apache.catalina.startup.HostConfig.undeploy Repliegue (undeploy) de la aplicación web que tiene como trayectoria de contexto [/evaluacion]
24-Oct-2024 12:12:41.323 INFO [Catalina-utility-1] org.apache.catalina.startup.HostConfig.deployWAR Despliegue del archivo [C:\Users\USER\Desktop\PROGRAMACIONBRYAN\Modulo2\apache-tomcat-9.0.96-windows-x64\apache-tomcat-9.0.96\webapps\evaluacion.war] de la aplicación web
24-Oct-2024 12:12:54.203 INFO [main] org.apache.catalina.startup.VersionLoggerListener.log Nombre de la versión del servidor: Apache Tomcat/9.0.96
24-Oct-2024 12:12:54.232 INFO [main] org.apache.catalina.startup.VersionLoggerListener.log Server built:                      Oct 3 2024 19:44:30 UTC
24-Oct-2024 12:12:54.237 INFO [main] org.apache.catalina.startup.VersionLoggerListener.log Número de versión de servidor:     9.0.96.0
24-Oct-2024 12:12:54.240 INFO [main] org.apache.catalina.startup.VersionLoggerListener.log OS Name:                           Windows 10
24-Oct-2024 12:12:54.240 INFO [main] org.apache.catalina.startup.VersionLoggerListener.log Versión de Systema Operativo:      10.0
24-Oct-2024 12:12:54.249 INFO [main] org.apache.catalina.startup.VersionLoggerListener.log Arquitectura:                      amd64
24-Oct-2024 12:12:54.254 INFO [main] org.apache.catalina.startup.VersionLoggerListener.log Java Home:                         C:\Program Files\Java\jdk-23
24-Oct-2024 12:12:54.254 INFO [main] org.apache.catalina.startup.VersionLoggerListener.log JVM Version:                       23+37-2369
24-Oct-2024 12:12:54.255 INFO [main] org.apache.catalina.startup.VersionLoggerListener.log Vededor JVM:                       Oracle Corporation
24-Oct-2024 12:12:54.256 INFO [main] org.apache.catalina.startup.VersionLoggerListener.log CATALINA_BASE:                     C:\Users\USER\Desktop\PROGRAMACIONBRYAN\Modulo2\apache-tomcat-9.0.96-windows-x64\apache-tomcat-9.0.96
24-Oct-2024 12:12:54.256 INFO [main] org.apache.catalina.startup.VersionLoggerListener.log CATALINA_HOME:                     C:\Users\USER\Desktop\PROGRAMACIONBRYAN\Modulo2\apache-tomcat-9.0.96-windows-x64\apache-tomcat-9.0.96
24-Oct-2024 12:12:54.281 INFO [main] org.apache.catalina.startup.VersionLoggerListener.log Command line argument:             --add-opens=java.base/java.lang=ALL-UNNAMED
24-Oct-2024 12:12:54.286 INFO [main] org.apache.catalina.startup.VersionLoggerListener.log Command line argument:             --add-opens=java.base/java.io=ALL-UNNAMED
24-Oct-2024 12:12:54.287 INFO [main] org.apache.catalina.startup.VersionLoggerListener.log Command line argument:             --add-opens=java.base/java.util=ALL-UNNAMED
24-Oct-2024 12:12:54.291 INFO [main] org.apache.catalina.startup.VersionLoggerListener.log Command line argument:             --add-opens=java.base/java.util.concurrent=ALL-UNNAMED
24-Oct-2024 12:12:54.292 INFO [main] org.apache.catalina.startup.VersionLoggerListener.log Command line argument:             --add-opens=java.rmi/sun.rmi.transport=ALL-UNNAMED
24-Oct-2024 12:12:54.296 INFO [main] org.apache.catalina.startup.VersionLoggerListener.log Command line argument:             -Djava.util.logging.config.file=C:\Users\USER\Desktop\PROGRAMACIONBRYAN\Modulo2\apache-tomcat-9.0.96-windows-x64\apache-tomcat-9.0.96\conf\logging.properties
24-Oct-2024 12:12:54.299 INFO [main] org.apache.catalina.startup.VersionLoggerListener.log Command line argument:             -Djava.util.logging.manager=org.apache.juli.ClassLoaderLogManager
24-Oct-2024 12:12:54.308 INFO [main] org.apache.catalina.startup.VersionLoggerListener.log Command line argument:             -Djdk.tls.ephemeralDHKeySize=2048
24-Oct-2024 12:12:54.316 INFO [main] org.apache.catalina.startup.VersionLoggerListener.log Command line argument:             -Djava.protocol.handler.pkgs=org.apache.catalina.webresources
24-Oct-2024 12:12:54.324 INFO [main] org.apache.catalina.startup.VersionLoggerListener.log Command line argument:             -Dignore.endorsed.dirs=
24-Oct-2024 12:12:54.325 INFO [main] org.apache.catalina.startup.VersionLoggerListener.log Command line argument:             -Dcatalina.base=C:\Users\USER\Desktop\PROGRAMACIONBRYAN\Modulo2\apache-tomcat-9.0.96-windows-x64\apache-tomcat-9.0.96
24-Oct-2024 12:12:54.336 INFO [main] org.apache.catalina.startup.VersionLoggerListener.log Command line argument:             -Dcatalina.home=C:\Users\USER\Desktop\PROGRAMACIONBRYAN\Modulo2\apache-tomcat-9.0.96-windows-x64\apache-tomcat-9.0.96
24-Oct-2024 12:12:54.339 INFO [main] org.apache.catalina.startup.VersionLoggerListener.log Command line argument:             -Djava.io.tmpdir=C:\Users\USER\Desktop\PROGRAMACIONBRYAN\Modulo2\apache-tomcat-9.0.96-windows-x64\apache-tomcat-9.0.96\temp
24-Oct-2024 12:12:54.356 INFO [main] org.apache.catalina.core.AprLifecycleListener.lifecycleEvent Cargada la biblioteca nativa APR de Apache Tomcat [1.3.1] con la versión APR [1.7.4].
24-Oct-2024 12:12:54.360 INFO [main] org.apache.catalina.core.AprLifecycleListener.lifecycleEvent Capacidades APR: IPv6 [true], enviar fichero [true], aceptar filtros [false], aleatorio [true], UDS [true].
24-Oct-2024 12:12:54.365 INFO [main] org.apache.catalina.core.AprLifecycleListener.lifecycleEvent APR/OpenSSL configuration: useAprConnector [false], useOpenSSL [true]
24-Oct-2024 12:12:54.403 INFO [main] org.apache.catalina.core.AprLifecycleListener.initializeSSL OpenSSL inicializado correctamente [OpenSSL 3.0.14 4 Jun 2024]
24-Oct-2024 12:12:56.427 INFO [main] org.apache.coyote.AbstractProtocol.init Inicializando el manejador de protocolo ["http-nio-8080"]

24-Oct-2024 12:12:56.678 INFO [main] org.apache.catalina.startup.Catalina.load Server initialization in [3472] milliseconds
24-Oct-2024 12:12:56.819 WARNING [main] java.util.ArrayList.forEach Name = ConBDD Property maxActive is not used in DBCP2, use maxTotal instead. maxTotal default value is 8. You have set value of "100" for "maxActive" property, which is being ignored.
24-Oct-2024 12:12:56.839 WARNING [main] java.util.ArrayList.forEach Name = ConBDD Property maxWait is not used in DBCP2 , use maxWaitMillis instead. maxWaitMillis default value is PT-0.001S. You have set value of "10000" for "maxWait" property, which is being ignored.
24-Oct-2024 12:12:56.843 INFO [main] java.util.ArrayList.forEach Name = ConBDD Ignoring unknown property: value of "jdbc/ConBDD" for "global" property
24-Oct-2024 12:12:57.191 INFO [main] org.apache.catalina.core.StandardService.startInternal Arrancando servicio [Catalina]
24-Oct-2024 12:12:57.199 INFO [main] org.apache.catalina.core.StandardEngine.startInternal Starting Servlet engine: [Apache Tomcat/9.0.96]
24-Oct-2024 12:12:57.286 INFO [main] org.apache.catalina.startup.HostConfig.deployWAR Despliegue del archivo [C:\Users\USER\Desktop\PROGRAMACIONBRYAN\Modulo2\apache-tomcat-9.0.96-windows-x64\apache-tomcat-9.0.96\webapps\ejemploweb.war] de la aplicación web
24-Oct-2024 12:13:03.978 INFO [main] org.apache.jasper.servlet.TldScanner.scanJars Al menos un JAR, que se ha explorado buscando TLDs, aún no contenía TLDs. Activar historial de depuración para este historiador para una completa lista de los JARs que fueron explorados y de los que nos se halló TLDs. Saltarse JARs no necesarios durante la exploración puede dar lugar a una mejora de tiempo significativa en el arranque y compilación de JSP .
24-Oct-2024 12:13:08.707 INFO [main] org.apache.catalina.startup.HostConfig.deployWAR Deployment of web application archive [C:\Users\USER\Desktop\PROGRAMACIONBRYAN\Modulo2\apache-tomcat-9.0.96-windows-x64\apache-tomcat-9.0.96\webapps\ejemploweb.war] has finished in [11.419] ms
24-Oct-2024 12:13:08.715 INFO [main] org.apache.catalina.startup.HostConfig.deployWAR Despliegue del archivo [C:\Users\USER\Desktop\PROGRAMACIONBRYAN\Modulo2\apache-tomcat-9.0.96-windows-x64\apache-tomcat-9.0.96\webapps\evaluacion.war] de la aplicación web
24-Oct-2024 12:13:12.547 INFO [main] org.apache.jasper.servlet.TldScanner.scanJars Al menos un JAR, que se ha explorado buscando TLDs, aún no contenía TLDs. Activar historial de depuración para este historiador para una completa lista de los JARs que fueron explorados y de los que nos se halló TLDs. Saltarse JARs no necesarios durante la exploración puede dar lugar a una mejora de tiempo significativa en el arranque y compilación de JSP .
24-Oct-2024 12:13:15.534 INFO [main] org.apache.catalina.startup.HostConfig.deployWAR Deployment of web application archive [C:\Users\USER\Desktop\PROGRAMACIONBRYAN\Modulo2\apache-tomcat-9.0.96-windows-x64\apache-tomcat-9.0.96\webapps\evaluacion.war] has finished in [6.818] ms
24-Oct-2024 12:13:15.540 INFO [main] org.apache.catalina.startup.HostConfig.deployWAR Despliegue del archivo [C:\Users\USER\Desktop\PROGRAMACIONBRYAN\Modulo2\apache-tomcat-9.0.96-windows-x64\apache-tomcat-9.0.96\webapps\inventario.war] de la aplicación web
24-Oct-2024 12:13:18.328 INFO [main] org.apache.jasper.servlet.TldScanner.scanJars Al menos un JAR, que se ha explorado buscando TLDs, aún no contenía TLDs. Activar historial de depuración para este historiador para una completa lista de los JARs que fueron explorados y de los que nos se halló TLDs. Saltarse JARs no necesarios durante la exploración puede dar lugar a una mejora de tiempo significativa en el arranque y compilación de JSP .
24-Oct-2024 12:13:21.546 INFO [main] org.apache.catalina.startup.HostConfig.deployWAR Deployment of web application archive [C:\Users\USER\Desktop\PROGRAMACIONBRYAN\Modulo2\apache-tomcat-9.0.96-windows-x64\apache-tomcat-9.0.96\webapps\inventario.war] has finished in [6.006] ms
24-Oct-2024 12:13:21.551 INFO [main] org.apache.catalina.startup.HostConfig.deployDirectory Desplegando el directorio [C:\Users\USER\Desktop\PROGRAMACIONBRYAN\Modulo2\apache-tomcat-9.0.96-windows-x64\apache-tomcat-9.0.96\webapps\docs] de la aplicación web
24-Oct-2024 12:13:22.037 INFO [main] org.apache.jasper.servlet.TldScanner.scanJars Al menos un JAR, que se ha explorado buscando TLDs, aún no contenía TLDs. Activar historial de depuración para este historiador para una completa lista de los JARs que fueron explorados y de los que nos se halló TLDs. Saltarse JARs no necesarios durante la exploración puede dar lugar a una mejora de tiempo significativa en el arranque y compilación de JSP .
24-Oct-2024 12:13:22.107 INFO [main] org.apache.catalina.startup.HostConfig.deployDirectory Deployment of web application directory [C:\Users\USER\Desktop\PROGRAMACIONBRYAN\Modulo2\apache-tomcat-9.0.96-windows-x64\apache-tomcat-9.0.96\webapps\docs] has finished in [555] ms
24-Oct-2024 12:13:22.114 INFO [main] org.apache.catalina.startup.HostConfig.deployDirectory Desplegando el directorio [C:\Users\USER\Desktop\PROGRAMACIONBRYAN\Modulo2\apache-tomcat-9.0.96-windows-x64\apache-tomcat-9.0.96\webapps\examples] de la aplicación web
24-Oct-2024 12:13:23.634 INFO [main] org.apache.jasper.servlet.TldScanner.scanJars Al menos un JAR, que se ha explorado buscando TLDs, aún no contenía TLDs. Activar historial de depuración para este historiador para una completa lista de los JARs que fueron explorados y de los que nos se halló TLDs. Saltarse JARs no necesarios durante la exploración puede dar lugar a una mejora de tiempo significativa en el arranque y compilación de JSP .
24-Oct-2024 12:13:23.891 INFO [main] org.apache.catalina.startup.HostConfig.deployDirectory Deployment of web application directory [C:\Users\USER\Desktop\PROGRAMACIONBRYAN\Modulo2\apache-tomcat-9.0.96-windows-x64\apache-tomcat-9.0.96\webapps\examples] has finished in [1.777] ms
24-Oct-2024 12:13:23.893 INFO [main] org.apache.catalina.startup.HostConfig.deployDirectory Desplegando el directorio [C:\Users\USER\Desktop\PROGRAMACIONBRYAN\Modulo2\apache-tomcat-9.0.96-windows-x64\apache-tomcat-9.0.96\webapps\host-manager] de la aplicación web
24-Oct-2024 12:13:24.570 INFO [main] org.apache.jasper.servlet.TldScanner.scanJars Al menos un JAR, que se ha explorado buscando TLDs, aún no contenía TLDs. Activar historial de depuración para este historiador para una completa lista de los JARs que fueron explorados y de los que nos se halló TLDs. Saltarse JARs no necesarios durante la exploración puede dar lugar a una mejora de tiempo significativa en el arranque y compilación de JSP .
24-Oct-2024 12:13:24.598 INFO [main] org.apache.catalina.startup.HostConfig.deployDirectory Deployment of web application directory [C:\Users\USER\Desktop\PROGRAMACIONBRYAN\Modulo2\apache-tomcat-9.0.96-windows-x64\apache-tomcat-9.0.96\webapps\host-manager] has finished in [706] ms
24-Oct-2024 12:13:24.603 INFO [main] org.apache.catalina.startup.HostConfig.deployDirectory Desplegando el directorio [C:\Users\USER\Desktop\PROGRAMACIONBRYAN\Modulo2\apache-tomcat-9.0.96-windows-x64\apache-tomcat-9.0.96\webapps\manager] de la aplicación web
24-Oct-2024 12:13:24.972 INFO [main] org.apache.jasper.servlet.TldScanner.scanJars Al menos un JAR, que se ha explorado buscando TLDs, aún no contenía TLDs. Activar historial de depuración para este historiador para una completa lista de los JARs que fueron explorados y de los que nos se halló TLDs. Saltarse JARs no necesarios durante la exploración puede dar lugar a una mejora de tiempo significativa en el arranque y compilación de JSP .
24-Oct-2024 12:13:24.987 INFO [main] org.apache.catalina.startup.HostConfig.deployDirectory Deployment of web application directory [C:\Users\USER\Desktop\PROGRAMACIONBRYAN\Modulo2\apache-tomcat-9.0.96-windows-x64\apache-tomcat-9.0.96\webapps\manager] has finished in [383] ms
24-Oct-2024 12:13:24.989 INFO [main] org.apache.catalina.startup.HostConfig.deployDirectory Desplegando el directorio [C:\Users\USER\Desktop\PROGRAMACIONBRYAN\Modulo2\apache-tomcat-9.0.96-windows-x64\apache-tomcat-9.0.96\webapps\ROOT] de la aplicación web
24-Oct-2024 12:13:25.341 INFO [main] org.apache.jasper.servlet.TldScanner.scanJars Al menos un JAR, que se ha explorado buscando TLDs, aún no contenía TLDs. Activar historial de depuración para este historiador para una completa lista de los JARs que fueron explorados y de los que nos se halló TLDs. Saltarse JARs no necesarios durante la exploración puede dar lugar a una mejora de tiempo significativa en el arranque y compilación de JSP .
24-Oct-2024 12:13:25.351 INFO [main] org.apache.catalina.startup.HostConfig.deployDirectory Deployment of web application directory [C:\Users\USER\Desktop\PROGRAMACIONBRYAN\Modulo2\apache-tomcat-9.0.96-windows-x64\apache-tomcat-9.0.96\webapps\ROOT] has finished in [362] ms
24-Oct-2024 12:13:25.366 INFO [main] org.apache.coyote.AbstractProtocol.start Starting ProtocolHandler ["http-nio-8080"]
24-Oct-2024 12:13:25.437 INFO [main] org.apache.catalina.startup.Catalina.start Server startup in [28746] milliseconds
24-Oct-2024 12:18:03.592 INFO [main] org.apache.catalina.startup.VersionLoggerListener.log Nombre de la versión del servidor: Apache Tomcat/9.0.96
24-Oct-2024 12:18:03.602 INFO [main] org.apache.catalina.startup.VersionLoggerListener.log Server built:                      Oct 3 2024 19:44:30 UTC
24-Oct-2024 12:18:03.603 INFO [main] org.apache.catalina.startup.VersionLoggerListener.log Número de versión de servidor:     9.0.96.0
24-Oct-2024 12:18:03.603 INFO [main] org.apache.catalina.startup.VersionLoggerListener.log OS Name:                           Windows 10
24-Oct-2024 12:18:03.603 INFO [main] org.apache.catalina.startup.VersionLoggerListener.log Versión de Systema Operativo:      10.0
24-Oct-2024 12:18:03.605 INFO [main] org.apache.catalina.startup.VersionLoggerListener.log Arquitectura:                      amd64
24-Oct-2024 12:18:03.606 INFO [main] org.apache.catalina.startup.VersionLoggerListener.log Java Home:                         C:\Program Files\Java\jdk-23
24-Oct-2024 12:18:03.607 INFO [main] org.apache.catalina.startup.VersionLoggerListener.log JVM Version:                       23+37-2369
24-Oct-2024 12:18:03.608 INFO [main] org.apache.catalina.startup.VersionLoggerListener.log Vededor JVM:                       Oracle Corporation
24-Oct-2024 12:18:03.609 INFO [main] org.apache.catalina.startup.VersionLoggerListener.log CATALINA_BASE:                     C:\Users\USER\Desktop\PROGRAMACIONBRYAN\Modulo2\apache-tomcat-9.0.96-windows-x64\apache-tomcat-9.0.96
24-Oct-2024 12:18:03.609 INFO [main] org.apache.catalina.startup.VersionLoggerListener.log CATALINA_HOME:                     C:\Users\USER\Desktop\PROGRAMACIONBRYAN\Modulo2\apache-tomcat-9.0.96-windows-x64\apache-tomcat-9.0.96
24-Oct-2024 12:18:03.630 INFO [main] org.apache.catalina.startup.VersionLoggerListener.log Command line argument:             --add-opens=java.base/java.lang=ALL-UNNAMED
24-Oct-2024 12:18:03.632 INFO [main] org.apache.catalina.startup.VersionLoggerListener.log Command line argument:             --add-opens=java.base/java.io=ALL-UNNAMED
24-Oct-2024 12:18:03.633 INFO [main] org.apache.catalina.startup.VersionLoggerListener.log Command line argument:             --add-opens=java.base/java.util=ALL-UNNAMED
24-Oct-2024 12:18:03.635 INFO [main] org.apache.catalina.startup.VersionLoggerListener.log Command line argument:             --add-opens=java.base/java.util.concurrent=ALL-UNNAMED
24-Oct-2024 12:18:03.636 INFO [main] org.apache.catalina.startup.VersionLoggerListener.log Command line argument:             --add-opens=java.rmi/sun.rmi.transport=ALL-UNNAMED
24-Oct-2024 12:18:03.638 INFO [main] org.apache.catalina.startup.VersionLoggerListener.log Command line argument:             -Djava.util.logging.config.file=C:\Users\USER\Desktop\PROGRAMACIONBRYAN\Modulo2\apache-tomcat-9.0.96-windows-x64\apache-tomcat-9.0.96\conf\logging.properties
24-Oct-2024 12:18:03.639 INFO [main] org.apache.catalina.startup.VersionLoggerListener.log Command line argument:             -Djava.util.logging.manager=org.apache.juli.ClassLoaderLogManager
24-Oct-2024 12:18:03.641 INFO [main] org.apache.catalina.startup.VersionLoggerListener.log Command line argument:             -Djdk.tls.ephemeralDHKeySize=2048
24-Oct-2024 12:18:03.643 INFO [main] org.apache.catalina.startup.VersionLoggerListener.log Command line argument:             -Djava.protocol.handler.pkgs=org.apache.catalina.webresources
24-Oct-2024 12:18:03.648 INFO [main] org.apache.catalina.startup.VersionLoggerListener.log Command line argument:             -Dignore.endorsed.dirs=
24-Oct-2024 12:18:03.651 INFO [main] org.apache.catalina.startup.VersionLoggerListener.log Command line argument:             -Dcatalina.base=C:\Users\USER\Desktop\PROGRAMACIONBRYAN\Modulo2\apache-tomcat-9.0.96-windows-x64\apache-tomcat-9.0.96
24-Oct-2024 12:18:03.653 INFO [main] org.apache.catalina.startup.VersionLoggerListener.log Command line argument:             -Dcatalina.home=C:\Users\USER\Desktop\PROGRAMACIONBRYAN\Modulo2\apache-tomcat-9.0.96-windows-x64\apache-tomcat-9.0.96
24-Oct-2024 12:18:03.654 INFO [main] org.apache.catalina.startup.VersionLoggerListener.log Command line argument:             -Djava.io.tmpdir=C:\Users\USER\Desktop\PROGRAMACIONBRYAN\Modulo2\apache-tomcat-9.0.96-windows-x64\apache-tomcat-9.0.96\temp
24-Oct-2024 12:18:03.665 INFO [main] org.apache.catalina.core.AprLifecycleListener.lifecycleEvent Cargada la biblioteca nativa APR de Apache Tomcat [1.3.1] con la versión APR [1.7.4].
24-Oct-2024 12:18:03.666 INFO [main] org.apache.catalina.core.AprLifecycleListener.lifecycleEvent Capacidades APR: IPv6 [true], enviar fichero [true], aceptar filtros [false], aleatorio [true], UDS [true].
24-Oct-2024 12:18:03.668 INFO [main] org.apache.catalina.core.AprLifecycleListener.lifecycleEvent APR/OpenSSL configuration: useAprConnector [false], useOpenSSL [true]
24-Oct-2024 12:18:03.685 INFO [main] org.apache.catalina.core.AprLifecycleListener.initializeSSL OpenSSL inicializado correctamente [OpenSSL 3.0.14 4 Jun 2024]
24-Oct-2024 12:18:05.429 INFO [main] org.apache.coyote.AbstractProtocol.init Inicializando el manejador de protocolo ["http-nio-8080"]

24-Oct-2024 12:18:05.521 INFO [main] org.apache.catalina.startup.Catalina.load Server initialization in [2954] milliseconds
24-Oct-2024 12:18:05.589 WARNING [main] java.util.ArrayList.forEach Name = ConBDD Property maxActive is not used in DBCP2, use maxTotal instead. maxTotal default value is 8. You have set value of "100" for "maxActive" property, which is being ignored.
24-Oct-2024 12:18:05.591 WARNING [main] java.util.ArrayList.forEach Name = ConBDD Property maxWait is not used in DBCP2 , use maxWaitMillis instead. maxWaitMillis default value is PT-0.001S. You have set value of "10000" for "maxWait" property, which is being ignored.
24-Oct-2024 12:18:05.596 INFO [main] java.util.ArrayList.forEach Name = ConBDD Ignoring unknown property: value of "jdbc/ConBDD" for "global" property
24-Oct-2024 12:18:05.801 INFO [main] org.apache.catalina.core.StandardService.startInternal Arrancando servicio [Catalina]
24-Oct-2024 12:18:05.805 INFO [main] org.apache.catalina.core.StandardEngine.startInternal Starting Servlet engine: [Apache Tomcat/9.0.96]
24-Oct-2024 12:18:05.875 INFO [main] org.apache.catalina.startup.HostConfig.deployWAR Despliegue del archivo [C:\Users\USER\Desktop\PROGRAMACIONBRYAN\Modulo2\apache-tomcat-9.0.96-windows-x64\apache-tomcat-9.0.96\webapps\ejemploweb.war] de la aplicación web
24-Oct-2024 12:18:11.091 INFO [main] org.apache.jasper.servlet.TldScanner.scanJars Al menos un JAR, que se ha explorado buscando TLDs, aún no contenía TLDs. Activar historial de depuración para este historiador para una completa lista de los JARs que fueron explorados y de los que nos se halló TLDs. Saltarse JARs no necesarios durante la exploración puede dar lugar a una mejora de tiempo significativa en el arranque y compilación de JSP .
24-Oct-2024 12:18:15.886 INFO [main] org.apache.catalina.startup.HostConfig.deployWAR Deployment of web application archive [C:\Users\USER\Desktop\PROGRAMACIONBRYAN\Modulo2\apache-tomcat-9.0.96-windows-x64\apache-tomcat-9.0.96\webapps\ejemploweb.war] has finished in [10.011] ms
24-Oct-2024 12:18:15.921 INFO [main] org.apache.catalina.startup.HostConfig.deployWAR Despliegue del archivo [C:\Users\USER\Desktop\PROGRAMACIONBRYAN\Modulo2\apache-tomcat-9.0.96-windows-x64\apache-tomcat-9.0.96\webapps\evaluacion.war] de la aplicación web
24-Oct-2024 12:18:19.454 INFO [main] org.apache.jasper.servlet.TldScanner.scanJars Al menos un JAR, que se ha explorado buscando TLDs, aún no contenía TLDs. Activar historial de depuración para este historiador para una completa lista de los JARs que fueron explorados y de los que nos se halló TLDs. Saltarse JARs no necesarios durante la exploración puede dar lugar a una mejora de tiempo significativa en el arranque y compilación de JSP .
24-Oct-2024 12:18:22.605 INFO [main] org.apache.catalina.startup.HostConfig.deployWAR Deployment of web application archive [C:\Users\USER\Desktop\PROGRAMACIONBRYAN\Modulo2\apache-tomcat-9.0.96-windows-x64\apache-tomcat-9.0.96\webapps\evaluacion.war] has finished in [6.684] ms
24-Oct-2024 12:18:22.615 INFO [main] org.apache.catalina.startup.HostConfig.deployWAR Despliegue del archivo [C:\Users\USER\Desktop\PROGRAMACIONBRYAN\Modulo2\apache-tomcat-9.0.96-windows-x64\apache-tomcat-9.0.96\webapps\inventario.war] de la aplicación web
24-Oct-2024 12:18:25.339 INFO [main] org.apache.jasper.servlet.TldScanner.scanJars Al menos un JAR, que se ha explorado buscando TLDs, aún no contenía TLDs. Activar historial de depuración para este historiador para una completa lista de los JARs que fueron explorados y de los que nos se halló TLDs. Saltarse JARs no necesarios durante la exploración puede dar lugar a una mejora de tiempo significativa en el arranque y compilación de JSP .
24-Oct-2024 12:18:28.572 INFO [main] org.apache.catalina.startup.HostConfig.deployWAR Deployment of web application archive [C:\Users\USER\Desktop\PROGRAMACIONBRYAN\Modulo2\apache-tomcat-9.0.96-windows-x64\apache-tomcat-9.0.96\webapps\inventario.war] has finished in [5.958] ms
24-Oct-2024 12:18:28.582 INFO [main] org.apache.catalina.startup.HostConfig.deployDirectory Desplegando el directorio [C:\Users\USER\Desktop\PROGRAMACIONBRYAN\Modulo2\apache-tomcat-9.0.96-windows-x64\apache-tomcat-9.0.96\webapps\docs] de la aplicación web
24-Oct-2024 12:18:29.019 INFO [main] org.apache.jasper.servlet.TldScanner.scanJars Al menos un JAR, que se ha explorado buscando TLDs, aún no contenía TLDs. Activar historial de depuración para este historiador para una completa lista de los JARs que fueron explorados y de los que nos se halló TLDs. Saltarse JARs no necesarios durante la exploración puede dar lugar a una mejora de tiempo significativa en el arranque y compilación de JSP .
24-Oct-2024 12:18:29.031 INFO [main] org.apache.catalina.startup.HostConfig.deployDirectory Deployment of web application directory [C:\Users\USER\Desktop\PROGRAMACIONBRYAN\Modulo2\apache-tomcat-9.0.96-windows-x64\apache-tomcat-9.0.96\webapps\docs] has finished in [450] ms
24-Oct-2024 12:18:29.034 INFO [main] org.apache.catalina.startup.HostConfig.deployDirectory Desplegando el directorio [C:\Users\USER\Desktop\PROGRAMACIONBRYAN\Modulo2\apache-tomcat-9.0.96-windows-x64\apache-tomcat-9.0.96\webapps\examples] de la aplicación web
24-Oct-2024 12:18:30.634 INFO [main] org.apache.jasper.servlet.TldScanner.scanJars Al menos un JAR, que se ha explorado buscando TLDs, aún no contenía TLDs. Activar historial de depuración para este historiador para una completa lista de los JARs que fueron explorados y de los que nos se halló TLDs. Saltarse JARs no necesarios durante la exploración puede dar lugar a una mejora de tiempo significativa en el arranque y compilación de JSP .
24-Oct-2024 12:18:30.891 INFO [main] org.apache.catalina.startup.HostConfig.deployDirectory Deployment of web application directory [C:\Users\USER\Desktop\PROGRAMACIONBRYAN\Modulo2\apache-tomcat-9.0.96-windows-x64\apache-tomcat-9.0.96\webapps\examples] has finished in [1.857] ms
24-Oct-2024 12:18:30.896 INFO [main] org.apache.catalina.startup.HostConfig.deployDirectory Desplegando el directorio [C:\Users\USER\Desktop\PROGRAMACIONBRYAN\Modulo2\apache-tomcat-9.0.96-windows-x64\apache-tomcat-9.0.96\webapps\host-manager] de la aplicación web
24-Oct-2024 12:18:31.350 INFO [main] org.apache.jasper.servlet.TldScanner.scanJars Al menos un JAR, que se ha explorado buscando TLDs, aún no contenía TLDs. Activar historial de depuración para este historiador para una completa lista de los JARs que fueron explorados y de los que nos se halló TLDs. Saltarse JARs no necesarios durante la exploración puede dar lugar a una mejora de tiempo significativa en el arranque y compilación de JSP .
24-Oct-2024 12:18:31.379 INFO [main] org.apache.catalina.startup.HostConfig.deployDirectory Deployment of web application directory [C:\Users\USER\Desktop\PROGRAMACIONBRYAN\Modulo2\apache-tomcat-9.0.96-windows-x64\apache-tomcat-9.0.96\webapps\host-manager] has finished in [482] ms
24-Oct-2024 12:18:31.383 INFO [main] org.apache.catalina.startup.HostConfig.deployDirectory Desplegando el directorio [C:\Users\USER\Desktop\PROGRAMACIONBRYAN\Modulo2\apache-tomcat-9.0.96-windows-x64\apache-tomcat-9.0.96\webapps\manager] de la aplicación web
24-Oct-2024 12:18:31.948 INFO [main] org.apache.jasper.servlet.TldScanner.scanJars Al menos un JAR, que se ha explorado buscando TLDs, aún no contenía TLDs. Activar historial de depuración para este historiador para una completa lista de los JARs que fueron explorados y de los que nos se halló TLDs. Saltarse JARs no necesarios durante la exploración puede dar lugar a una mejora de tiempo significativa en el arranque y compilación de JSP .
24-Oct-2024 12:18:31.967 INFO [main] org.apache.catalina.startup.HostConfig.deployDirectory Deployment of web application directory [C:\Users\USER\Desktop\PROGRAMACIONBRYAN\Modulo2\apache-tomcat-9.0.96-windows-x64\apache-tomcat-9.0.96\webapps\manager] has finished in [583] ms
24-Oct-2024 12:18:31.972 INFO [main] org.apache.catalina.startup.HostConfig.deployDirectory Desplegando el directorio [C:\Users\USER\Desktop\PROGRAMACIONBRYAN\Modulo2\apache-tomcat-9.0.96-windows-x64\apache-tomcat-9.0.96\webapps\ROOT] de la aplicación web
24-Oct-2024 12:18:32.471 INFO [main] org.apache.jasper.servlet.TldScanner.scanJars Al menos un JAR, que se ha explorado buscando TLDs, aún no contenía TLDs. Activar historial de depuración para este historiador para una completa lista de los JARs que fueron explorados y de los que nos se halló TLDs. Saltarse JARs no necesarios durante la exploración puede dar lugar a una mejora de tiempo significativa en el arranque y compilación de JSP .
24-Oct-2024 12:18:32.483 INFO [main] org.apache.catalina.startup.HostConfig.deployDirectory Deployment of web application directory [C:\Users\USER\Desktop\PROGRAMACIONBRYAN\Modulo2\apache-tomcat-9.0.96-windows-x64\apache-tomcat-9.0.96\webapps\ROOT] has finished in [512] ms
24-Oct-2024 12:18:32.499 INFO [main] org.apache.coyote.AbstractProtocol.start Starting ProtocolHandler ["http-nio-8080"]
24-Oct-2024 12:18:32.574 INFO [main] org.apache.catalina.startup.Catalina.start Server startup in [27044] milliseconds
24-Oct-2024 12:23:02.731 INFO [main] org.apache.catalina.startup.VersionLoggerListener.log Nombre de la versión del servidor: Apache Tomcat/9.0.96
24-Oct-2024 12:23:02.743 INFO [main] org.apache.catalina.startup.VersionLoggerListener.log Server built:                      Oct 3 2024 19:44:30 UTC
24-Oct-2024 12:23:02.744 INFO [main] org.apache.catalina.startup.VersionLoggerListener.log Número de versión de servidor:     9.0.96.0
24-Oct-2024 12:23:02.745 INFO [main] org.apache.catalina.startup.VersionLoggerListener.log OS Name:                           Windows 10
24-Oct-2024 12:23:02.745 INFO [main] org.apache.catalina.startup.VersionLoggerListener.log Versión de Systema Operativo:      10.0
24-Oct-2024 12:23:02.748 INFO [main] org.apache.catalina.startup.VersionLoggerListener.log Arquitectura:                      amd64
24-Oct-2024 12:23:02.750 INFO [main] org.apache.catalina.startup.VersionLoggerListener.log Java Home:                         C:\Program Files\Java\jdk-23
24-Oct-2024 12:23:02.750 INFO [main] org.apache.catalina.startup.VersionLoggerListener.log JVM Version:                       23+37-2369
24-Oct-2024 12:23:02.751 INFO [main] org.apache.catalina.startup.VersionLoggerListener.log Vededor JVM:                       Oracle Corporation
24-Oct-2024 12:23:02.752 INFO [main] org.apache.catalina.startup.VersionLoggerListener.log CATALINA_BASE:                     C:\Users\USER\Desktop\PROGRAMACIONBRYAN\Modulo2\apache-tomcat-9.0.96-windows-x64\apache-tomcat-9.0.96
24-Oct-2024 12:23:02.753 INFO [main] org.apache.catalina.startup.VersionLoggerListener.log CATALINA_HOME:                     C:\Users\USER\Desktop\PROGRAMACIONBRYAN\Modulo2\apache-tomcat-9.0.96-windows-x64\apache-tomcat-9.0.96
24-Oct-2024 12:23:02.777 INFO [main] org.apache.catalina.startup.VersionLoggerListener.log Command line argument:             --add-opens=java.base/java.lang=ALL-UNNAMED
24-Oct-2024 12:23:02.778 INFO [main] org.apache.catalina.startup.VersionLoggerListener.log Command line argument:             --add-opens=java.base/java.io=ALL-UNNAMED
24-Oct-2024 12:23:02.779 INFO [main] org.apache.catalina.startup.VersionLoggerListener.log Command line argument:             --add-opens=java.base/java.util=ALL-UNNAMED
24-Oct-2024 12:23:02.785 INFO [main] org.apache.catalina.startup.VersionLoggerListener.log Command line argument:             --add-opens=java.base/java.util.concurrent=ALL-UNNAMED
24-Oct-2024 12:23:02.786 INFO [main] org.apache.catalina.startup.VersionLoggerListener.log Command line argument:             --add-opens=java.rmi/sun.rmi.transport=ALL-UNNAMED
24-Oct-2024 12:23:02.789 INFO [main] org.apache.catalina.startup.VersionLoggerListener.log Command line argument:             -Djava.util.logging.config.file=C:\Users\USER\Desktop\PROGRAMACIONBRYAN\Modulo2\apache-tomcat-9.0.96-windows-x64\apache-tomcat-9.0.96\conf\logging.properties
24-Oct-2024 12:23:02.790 INFO [main] org.apache.catalina.startup.VersionLoggerListener.log Command line argument:             -Djava.util.logging.manager=org.apache.juli.ClassLoaderLogManager
24-Oct-2024 12:23:02.792 INFO [main] org.apache.catalina.startup.VersionLoggerListener.log Command line argument:             -Djdk.tls.ephemeralDHKeySize=2048
24-Oct-2024 12:23:02.795 INFO [main] org.apache.catalina.startup.VersionLoggerListener.log Command line argument:             -Djava.protocol.handler.pkgs=org.apache.catalina.webresources
24-Oct-2024 12:23:02.802 INFO [main] org.apache.catalina.startup.VersionLoggerListener.log Command line argument:             -Dignore.endorsed.dirs=
24-Oct-2024 12:23:02.803 INFO [main] org.apache.catalina.startup.VersionLoggerListener.log Command line argument:             -Dcatalina.base=C:\Users\USER\Desktop\PROGRAMACIONBRYAN\Modulo2\apache-tomcat-9.0.96-windows-x64\apache-tomcat-9.0.96
24-Oct-2024 12:23:02.805 INFO [main] org.apache.catalina.startup.VersionLoggerListener.log Command line argument:             -Dcatalina.home=C:\Users\USER\Desktop\PROGRAMACIONBRYAN\Modulo2\apache-tomcat-9.0.96-windows-x64\apache-tomcat-9.0.96
24-Oct-2024 12:23:02.806 INFO [main] org.apache.catalina.startup.VersionLoggerListener.log Command line argument:             -Djava.io.tmpdir=C:\Users\USER\Desktop\PROGRAMACIONBRYAN\Modulo2\apache-tomcat-9.0.96-windows-x64\apache-tomcat-9.0.96\temp
24-Oct-2024 12:23:02.821 INFO [main] org.apache.catalina.core.AprLifecycleListener.lifecycleEvent Cargada la biblioteca nativa APR de Apache Tomcat [1.3.1] con la versión APR [1.7.4].
24-Oct-2024 12:23:02.822 INFO [main] org.apache.catalina.core.AprLifecycleListener.lifecycleEvent Capacidades APR: IPv6 [true], enviar fichero [true], aceptar filtros [false], aleatorio [true], UDS [true].
24-Oct-2024 12:23:02.825 INFO [main] org.apache.catalina.core.AprLifecycleListener.lifecycleEvent APR/OpenSSL configuration: useAprConnector [false], useOpenSSL [true]
24-Oct-2024 12:23:02.846 INFO [main] org.apache.catalina.core.AprLifecycleListener.initializeSSL OpenSSL inicializado correctamente [OpenSSL 3.0.14 4 Jun 2024]
24-Oct-2024 12:23:04.600 INFO [main] org.apache.coyote.AbstractProtocol.init Inicializando el manejador de protocolo ["http-nio-8080"]

24-Oct-2024 12:23:04.789 INFO [main] org.apache.catalina.startup.Catalina.load Server initialization in [3050] milliseconds
24-Oct-2024 12:23:04.932 WARNING [main] java.util.ArrayList.forEach Name = ConBDD Property maxActive is not used in DBCP2, use maxTotal instead. maxTotal default value is 8. You have set value of "100" for "maxActive" property, which is being ignored.
24-Oct-2024 12:23:04.954 WARNING [main] java.util.ArrayList.forEach Name = ConBDD Property maxWait is not used in DBCP2 , use maxWaitMillis instead. maxWaitMillis default value is PT-0.001S. You have set value of "10000" for "maxWait" property, which is being ignored.
24-Oct-2024 12:23:04.970 INFO [main] java.util.ArrayList.forEach Name = ConBDD Ignoring unknown property: value of "jdbc/ConBDD" for "global" property
24-Oct-2024 12:23:05.252 INFO [main] org.apache.catalina.core.StandardService.startInternal Arrancando servicio [Catalina]
24-Oct-2024 12:23:05.256 INFO [main] org.apache.catalina.core.StandardEngine.startInternal Starting Servlet engine: [Apache Tomcat/9.0.96]
24-Oct-2024 12:23:05.319 INFO [main] org.apache.catalina.startup.HostConfig.deployWAR Despliegue del archivo [C:\Users\USER\Desktop\PROGRAMACIONBRYAN\Modulo2\apache-tomcat-9.0.96-windows-x64\apache-tomcat-9.0.96\webapps\ejemploweb.war] de la aplicación web
24-Oct-2024 12:23:10.866 INFO [main] org.apache.jasper.servlet.TldScanner.scanJars Al menos un JAR, que se ha explorado buscando TLDs, aún no contenía TLDs. Activar historial de depuración para este historiador para una completa lista de los JARs que fueron explorados y de los que nos se halló TLDs. Saltarse JARs no necesarios durante la exploración puede dar lugar a una mejora de tiempo significativa en el arranque y compilación de JSP .
24-Oct-2024 12:23:15.929 INFO [main] org.apache.catalina.startup.HostConfig.deployWAR Deployment of web application archive [C:\Users\USER\Desktop\PROGRAMACIONBRYAN\Modulo2\apache-tomcat-9.0.96-windows-x64\apache-tomcat-9.0.96\webapps\ejemploweb.war] has finished in [10.609] ms
24-Oct-2024 12:23:15.953 INFO [main] org.apache.catalina.startup.HostConfig.deployWAR Despliegue del archivo [C:\Users\USER\Desktop\PROGRAMACIONBRYAN\Modulo2\apache-tomcat-9.0.96-windows-x64\apache-tomcat-9.0.96\webapps\evaluacion.war] de la aplicación web
24-Oct-2024 12:23:15.983 INFO [main] org.apache.catalina.startup.ExpandWar.expand An expanded directory [C:\Users\USER\Desktop\PROGRAMACIONBRYAN\Modulo2\apache-tomcat-9.0.96-windows-x64\apache-tomcat-9.0.96\webapps\evaluacion] was found with a last modified time that did not match the associated WAR. It will be deleted.
24-Oct-2024 12:23:21.761 INFO [main] org.apache.jasper.servlet.TldScanner.scanJars Al menos un JAR, que se ha explorado buscando TLDs, aún no contenía TLDs. Activar historial de depuración para este historiador para una completa lista de los JARs que fueron explorados y de los que nos se halló TLDs. Saltarse JARs no necesarios durante la exploración puede dar lugar a una mejora de tiempo significativa en el arranque y compilación de JSP .
24-Oct-2024 12:23:25.285 INFO [main] org.apache.catalina.startup.HostConfig.deployWAR Deployment of web application archive [C:\Users\USER\Desktop\PROGRAMACIONBRYAN\Modulo2\apache-tomcat-9.0.96-windows-x64\apache-tomcat-9.0.96\webapps\evaluacion.war] has finished in [9.331] ms
24-Oct-2024 12:23:25.292 INFO [main] org.apache.catalina.startup.HostConfig.deployWAR Despliegue del archivo [C:\Users\USER\Desktop\PROGRAMACIONBRYAN\Modulo2\apache-tomcat-9.0.96-windows-x64\apache-tomcat-9.0.96\webapps\inventario.war] de la aplicación web
24-Oct-2024 12:23:28.853 INFO [main] org.apache.jasper.servlet.TldScanner.scanJars Al menos un JAR, que se ha explorado buscando TLDs, aún no contenía TLDs. Activar historial de depuración para este historiador para una completa lista de los JARs que fueron explorados y de los que nos se halló TLDs. Saltarse JARs no necesarios durante la exploración puede dar lugar a una mejora de tiempo significativa en el arranque y compilación de JSP .
24-Oct-2024 12:23:32.104 INFO [main] org.apache.catalina.startup.HostConfig.deployWAR Deployment of web application archive [C:\Users\USER\Desktop\PROGRAMACIONBRYAN\Modulo2\apache-tomcat-9.0.96-windows-x64\apache-tomcat-9.0.96\webapps\inventario.war] has finished in [6.812] ms
24-Oct-2024 12:23:32.109 INFO [main] org.apache.catalina.startup.HostConfig.deployDirectory Desplegando el directorio [C:\Users\USER\Desktop\PROGRAMACIONBRYAN\Modulo2\apache-tomcat-9.0.96-windows-x64\apache-tomcat-9.0.96\webapps\docs] de la aplicación web
24-Oct-2024 12:23:32.549 INFO [main] org.apache.jasper.servlet.TldScanner.scanJars Al menos un JAR, que se ha explorado buscando TLDs, aún no contenía TLDs. Activar historial de depuración para este historiador para una completa lista de los JARs que fueron explorados y de los que nos se halló TLDs. Saltarse JARs no necesarios durante la exploración puede dar lugar a una mejora de tiempo significativa en el arranque y compilación de JSP .
24-Oct-2024 12:23:32.562 INFO [main] org.apache.catalina.startup.HostConfig.deployDirectory Deployment of web application directory [C:\Users\USER\Desktop\PROGRAMACIONBRYAN\Modulo2\apache-tomcat-9.0.96-windows-x64\apache-tomcat-9.0.96\webapps\docs] has finished in [454] ms
24-Oct-2024 12:23:32.566 INFO [main] org.apache.catalina.startup.HostConfig.deployDirectory Desplegando el directorio [C:\Users\USER\Desktop\PROGRAMACIONBRYAN\Modulo2\apache-tomcat-9.0.96-windows-x64\apache-tomcat-9.0.96\webapps\examples] de la aplicación web
24-Oct-2024 12:23:34.372 INFO [main] org.apache.jasper.servlet.TldScanner.scanJars Al menos un JAR, que se ha explorado buscando TLDs, aún no contenía TLDs. Activar historial de depuración para este historiador para una completa lista de los JARs que fueron explorados y de los que nos se halló TLDs. Saltarse JARs no necesarios durante la exploración puede dar lugar a una mejora de tiempo significativa en el arranque y compilación de JSP .
24-Oct-2024 12:23:34.656 INFO [main] org.apache.catalina.startup.HostConfig.deployDirectory Deployment of web application directory [C:\Users\USER\Desktop\PROGRAMACIONBRYAN\Modulo2\apache-tomcat-9.0.96-windows-x64\apache-tomcat-9.0.96\webapps\examples] has finished in [2.091] ms
24-Oct-2024 12:23:34.665 INFO [main] org.apache.catalina.startup.HostConfig.deployDirectory Desplegando el directorio [C:\Users\USER\Desktop\PROGRAMACIONBRYAN\Modulo2\apache-tomcat-9.0.96-windows-x64\apache-tomcat-9.0.96\webapps\host-manager] de la aplicación web
24-Oct-2024 12:23:35.703 INFO [main] org.apache.jasper.servlet.TldScanner.scanJars Al menos un JAR, que se ha explorado buscando TLDs, aún no contenía TLDs. Activar historial de depuración para este historiador para una completa lista de los JARs que fueron explorados y de los que nos se halló TLDs. Saltarse JARs no necesarios durante la exploración puede dar lugar a una mejora de tiempo significativa en el arranque y compilación de JSP .
24-Oct-2024 12:23:35.730 INFO [main] org.apache.catalina.startup.HostConfig.deployDirectory Deployment of web application directory [C:\Users\USER\Desktop\PROGRAMACIONBRYAN\Modulo2\apache-tomcat-9.0.96-windows-x64\apache-tomcat-9.0.96\webapps\host-manager] has finished in [1.065] ms
24-Oct-2024 12:23:35.735 INFO [main] org.apache.catalina.startup.HostConfig.deployDirectory Desplegando el directorio [C:\Users\USER\Desktop\PROGRAMACIONBRYAN\Modulo2\apache-tomcat-9.0.96-windows-x64\apache-tomcat-9.0.96\webapps\manager] de la aplicación web
24-Oct-2024 12:23:36.173 INFO [main] org.apache.jasper.servlet.TldScanner.scanJars Al menos un JAR, que se ha explorado buscando TLDs, aún no contenía TLDs. Activar historial de depuración para este historiador para una completa lista de los JARs que fueron explorados y de los que nos se halló TLDs. Saltarse JARs no necesarios durante la exploración puede dar lugar a una mejora de tiempo significativa en el arranque y compilación de JSP .
24-Oct-2024 12:23:36.184 INFO [main] org.apache.catalina.startup.HostConfig.deployDirectory Deployment of web application directory [C:\Users\USER\Desktop\PROGRAMACIONBRYAN\Modulo2\apache-tomcat-9.0.96-windows-x64\apache-tomcat-9.0.96\webapps\manager] has finished in [449] ms
24-Oct-2024 12:23:36.186 INFO [main] org.apache.catalina.startup.HostConfig.deployDirectory Desplegando el directorio [C:\Users\USER\Desktop\PROGRAMACIONBRYAN\Modulo2\apache-tomcat-9.0.96-windows-x64\apache-tomcat-9.0.96\webapps\ROOT] de la aplicación web
24-Oct-2024 12:23:36.570 INFO [main] org.apache.jasper.servlet.TldScanner.scanJars Al menos un JAR, que se ha explorado buscando TLDs, aún no contenía TLDs. Activar historial de depuración para este historiador para una completa lista de los JARs que fueron explorados y de los que nos se halló TLDs. Saltarse JARs no necesarios durante la exploración puede dar lugar a una mejora de tiempo significativa en el arranque y compilación de JSP .
24-Oct-2024 12:23:36.588 INFO [main] org.apache.catalina.startup.HostConfig.deployDirectory Deployment of web application directory [C:\Users\USER\Desktop\PROGRAMACIONBRYAN\Modulo2\apache-tomcat-9.0.96-windows-x64\apache-tomcat-9.0.96\webapps\ROOT] has finished in [402] ms
24-Oct-2024 12:23:36.612 INFO [main] org.apache.coyote.AbstractProtocol.start Starting ProtocolHandler ["http-nio-8080"]
24-Oct-2024 12:23:36.723 INFO [main] org.apache.catalina.startup.Catalina.start Server startup in [31907] milliseconds
24-Oct-2024 12:24:58.133 INFO [main] org.apache.catalina.startup.VersionLoggerListener.log Nombre de la versión del servidor: Apache Tomcat/9.0.96
24-Oct-2024 12:24:58.142 INFO [main] org.apache.catalina.startup.VersionLoggerListener.log Server built:                      Oct 3 2024 19:44:30 UTC
24-Oct-2024 12:24:58.143 INFO [main] org.apache.catalina.startup.VersionLoggerListener.log Número de versión de servidor:     9.0.96.0
24-Oct-2024 12:24:58.143 INFO [main] org.apache.catalina.startup.VersionLoggerListener.log OS Name:                           Windows 10
24-Oct-2024 12:24:58.144 INFO [main] org.apache.catalina.startup.VersionLoggerListener.log Versión de Systema Operativo:      10.0
24-Oct-2024 12:24:58.146 INFO [main] org.apache.catalina.startup.VersionLoggerListener.log Arquitectura:                      amd64
24-Oct-2024 12:24:58.148 INFO [main] org.apache.catalina.startup.VersionLoggerListener.log Java Home:                         C:\Program Files\Java\jdk-23
24-Oct-2024 12:24:58.149 INFO [main] org.apache.catalina.startup.VersionLoggerListener.log JVM Version:                       23+37-2369
24-Oct-2024 12:24:58.149 INFO [main] org.apache.catalina.startup.VersionLoggerListener.log Vededor JVM:                       Oracle Corporation
24-Oct-2024 12:24:58.150 INFO [main] org.apache.catalina.startup.VersionLoggerListener.log CATALINA_BASE:                     C:\Users\USER\Desktop\PROGRAMACIONBRYAN\Modulo2\apache-tomcat-9.0.96-windows-x64\apache-tomcat-9.0.96
24-Oct-2024 12:24:58.151 INFO [main] org.apache.catalina.startup.VersionLoggerListener.log CATALINA_HOME:                     C:\Users\USER\Desktop\PROGRAMACIONBRYAN\Modulo2\apache-tomcat-9.0.96-windows-x64\apache-tomcat-9.0.96
24-Oct-2024 12:24:58.171 INFO [main] org.apache.catalina.startup.VersionLoggerListener.log Command line argument:             --add-opens=java.base/java.lang=ALL-UNNAMED
24-Oct-2024 12:24:58.171 INFO [main] org.apache.catalina.startup.VersionLoggerListener.log Command line argument:             --add-opens=java.base/java.io=ALL-UNNAMED
24-Oct-2024 12:24:58.172 INFO [main] org.apache.catalina.startup.VersionLoggerListener.log Command line argument:             --add-opens=java.base/java.util=ALL-UNNAMED
24-Oct-2024 12:24:58.176 INFO [main] org.apache.catalina.startup.VersionLoggerListener.log Command line argument:             --add-opens=java.base/java.util.concurrent=ALL-UNNAMED
24-Oct-2024 12:24:58.177 INFO [main] org.apache.catalina.startup.VersionLoggerListener.log Command line argument:             --add-opens=java.rmi/sun.rmi.transport=ALL-UNNAMED
24-Oct-2024 12:24:58.179 INFO [main] org.apache.catalina.startup.VersionLoggerListener.log Command line argument:             -Djava.util.logging.config.file=C:\Users\USER\Desktop\PROGRAMACIONBRYAN\Modulo2\apache-tomcat-9.0.96-windows-x64\apache-tomcat-9.0.96\conf\logging.properties
24-Oct-2024 12:24:58.180 INFO [main] org.apache.catalina.startup.VersionLoggerListener.log Command line argument:             -Djava.util.logging.manager=org.apache.juli.ClassLoaderLogManager
24-Oct-2024 12:24:58.183 INFO [main] org.apache.catalina.startup.VersionLoggerListener.log Command line argument:             -Djdk.tls.ephemeralDHKeySize=2048
24-Oct-2024 12:24:58.186 INFO [main] org.apache.catalina.startup.VersionLoggerListener.log Command line argument:             -Djava.protocol.handler.pkgs=org.apache.catalina.webresources
24-Oct-2024 12:24:58.188 INFO [main] org.apache.catalina.startup.VersionLoggerListener.log Command line argument:             -Dignore.endorsed.dirs=
24-Oct-2024 12:24:58.189 INFO [main] org.apache.catalina.startup.VersionLoggerListener.log Command line argument:             -Dcatalina.base=C:\Users\USER\Desktop\PROGRAMACIONBRYAN\Modulo2\apache-tomcat-9.0.96-windows-x64\apache-tomcat-9.0.96
24-Oct-2024 12:24:58.195 INFO [main] org.apache.catalina.startup.VersionLoggerListener.log Command line argument:             -Dcatalina.home=C:\Users\USER\Desktop\PROGRAMACIONBRYAN\Modulo2\apache-tomcat-9.0.96-windows-x64\apache-tomcat-9.0.96
24-Oct-2024 12:24:58.196 INFO [main] org.apache.catalina.startup.VersionLoggerListener.log Command line argument:             -Djava.io.tmpdir=C:\Users\USER\Desktop\PROGRAMACIONBRYAN\Modulo2\apache-tomcat-9.0.96-windows-x64\apache-tomcat-9.0.96\temp
24-Oct-2024 12:24:58.206 INFO [main] org.apache.catalina.core.AprLifecycleListener.lifecycleEvent Cargada la biblioteca nativa APR de Apache Tomcat [1.3.1] con la versión APR [1.7.4].
24-Oct-2024 12:24:58.209 INFO [main] org.apache.catalina.core.AprLifecycleListener.lifecycleEvent Capacidades APR: IPv6 [true], enviar fichero [true], aceptar filtros [false], aleatorio [true], UDS [true].
24-Oct-2024 12:24:58.211 INFO [main] org.apache.catalina.core.AprLifecycleListener.lifecycleEvent APR/OpenSSL configuration: useAprConnector [false], useOpenSSL [true]
24-Oct-2024 12:24:58.229 INFO [main] org.apache.catalina.core.AprLifecycleListener.initializeSSL OpenSSL inicializado correctamente [OpenSSL 3.0.14 4 Jun 2024]
24-Oct-2024 12:24:59.549 INFO [main] org.apache.coyote.AbstractProtocol.init Inicializando el manejador de protocolo ["http-nio-8080"]

24-Oct-2024 12:24:59.652 INFO [main] org.apache.catalina.startup.Catalina.load Server initialization in [2383] milliseconds
24-Oct-2024 12:24:59.749 WARNING [main] java.util.ArrayList.forEach Name = ConBDD Property maxActive is not used in DBCP2, use maxTotal instead. maxTotal default value is 8. You have set value of "100" for "maxActive" property, which is being ignored.
24-Oct-2024 12:24:59.754 WARNING [main] java.util.ArrayList.forEach Name = ConBDD Property maxWait is not used in DBCP2 , use maxWaitMillis instead. maxWaitMillis default value is PT-0.001S. You have set value of "10000" for "maxWait" property, which is being ignored.
24-Oct-2024 12:24:59.759 INFO [main] java.util.ArrayList.forEach Name = ConBDD Ignoring unknown property: value of "jdbc/ConBDD" for "global" property
24-Oct-2024 12:25:00.011 INFO [main] org.apache.catalina.core.StandardService.startInternal Arrancando servicio [Catalina]
24-Oct-2024 12:25:00.020 INFO [main] org.apache.catalina.core.StandardEngine.startInternal Starting Servlet engine: [Apache Tomcat/9.0.96]
24-Oct-2024 12:25:00.162 INFO [main] org.apache.catalina.startup.HostConfig.deployWAR Despliegue del archivo [C:\Users\USER\Desktop\PROGRAMACIONBRYAN\Modulo2\apache-tomcat-9.0.96-windows-x64\apache-tomcat-9.0.96\webapps\ejemploweb.war] de la aplicación web
24-Oct-2024 12:25:05.810 INFO [main] org.apache.jasper.servlet.TldScanner.scanJars Al menos un JAR, que se ha explorado buscando TLDs, aún no contenía TLDs. Activar historial de depuración para este historiador para una completa lista de los JARs que fueron explorados y de los que nos se halló TLDs. Saltarse JARs no necesarios durante la exploración puede dar lugar a una mejora de tiempo significativa en el arranque y compilación de JSP .
24-Oct-2024 12:25:10.755 INFO [main] org.apache.catalina.startup.HostConfig.deployWAR Deployment of web application archive [C:\Users\USER\Desktop\PROGRAMACIONBRYAN\Modulo2\apache-tomcat-9.0.96-windows-x64\apache-tomcat-9.0.96\webapps\ejemploweb.war] has finished in [10.592] ms
24-Oct-2024 12:25:10.764 INFO [main] org.apache.catalina.startup.HostConfig.deployWAR Despliegue del archivo [C:\Users\USER\Desktop\PROGRAMACIONBRYAN\Modulo2\apache-tomcat-9.0.96-windows-x64\apache-tomcat-9.0.96\webapps\evaluacion.war] de la aplicación web
24-Oct-2024 12:25:14.909 INFO [main] org.apache.jasper.servlet.TldScanner.scanJars Al menos un JAR, que se ha explorado buscando TLDs, aún no contenía TLDs. Activar historial de depuración para este historiador para una completa lista de los JARs que fueron explorados y de los que nos se halló TLDs. Saltarse JARs no necesarios durante la exploración puede dar lugar a una mejora de tiempo significativa en el arranque y compilación de JSP .
24-Oct-2024 12:25:18.114 INFO [main] org.apache.catalina.startup.HostConfig.deployWAR Deployment of web application archive [C:\Users\USER\Desktop\PROGRAMACIONBRYAN\Modulo2\apache-tomcat-9.0.96-windows-x64\apache-tomcat-9.0.96\webapps\evaluacion.war] has finished in [7.350] ms
24-Oct-2024 12:25:18.119 INFO [main] org.apache.catalina.startup.HostConfig.deployWAR Despliegue del archivo [C:\Users\USER\Desktop\PROGRAMACIONBRYAN\Modulo2\apache-tomcat-9.0.96-windows-x64\apache-tomcat-9.0.96\webapps\inventario.war] de la aplicación web
24-Oct-2024 12:25:21.301 INFO [main] org.apache.jasper.servlet.TldScanner.scanJars Al menos un JAR, que se ha explorado buscando TLDs, aún no contenía TLDs. Activar historial de depuración para este historiador para una completa lista de los JARs que fueron explorados y de los que nos se halló TLDs. Saltarse JARs no necesarios durante la exploración puede dar lugar a una mejora de tiempo significativa en el arranque y compilación de JSP .
24-Oct-2024 12:25:24.858 INFO [main] org.apache.catalina.startup.HostConfig.deployWAR Deployment of web application archive [C:\Users\USER\Desktop\PROGRAMACIONBRYAN\Modulo2\apache-tomcat-9.0.96-windows-x64\apache-tomcat-9.0.96\webapps\inventario.war] has finished in [6.739] ms
24-Oct-2024 12:25:24.862 INFO [main] org.apache.catalina.startup.HostConfig.deployDirectory Desplegando el directorio [C:\Users\USER\Desktop\PROGRAMACIONBRYAN\Modulo2\apache-tomcat-9.0.96-windows-x64\apache-tomcat-9.0.96\webapps\docs] de la aplicación web
24-Oct-2024 12:25:25.325 INFO [main] org.apache.jasper.servlet.TldScanner.scanJars Al menos un JAR, que se ha explorado buscando TLDs, aún no contenía TLDs. Activar historial de depuración para este historiador para una completa lista de los JARs que fueron explorados y de los que nos se halló TLDs. Saltarse JARs no necesarios durante la exploración puede dar lugar a una mejora de tiempo significativa en el arranque y compilación de JSP .
24-Oct-2024 12:25:25.337 INFO [main] org.apache.catalina.startup.HostConfig.deployDirectory Deployment of web application directory [C:\Users\USER\Desktop\PROGRAMACIONBRYAN\Modulo2\apache-tomcat-9.0.96-windows-x64\apache-tomcat-9.0.96\webapps\docs] has finished in [475] ms
24-Oct-2024 12:25:25.340 INFO [main] org.apache.catalina.startup.HostConfig.deployDirectory Desplegando el directorio [C:\Users\USER\Desktop\PROGRAMACIONBRYAN\Modulo2\apache-tomcat-9.0.96-windows-x64\apache-tomcat-9.0.96\webapps\examples] de la aplicación web
24-Oct-2024 12:25:26.878 INFO [main] org.apache.jasper.servlet.TldScanner.scanJars Al menos un JAR, que se ha explorado buscando TLDs, aún no contenía TLDs. Activar historial de depuración para este historiador para una completa lista de los JARs que fueron explorados y de los que nos se halló TLDs. Saltarse JARs no necesarios durante la exploración puede dar lugar a una mejora de tiempo significativa en el arranque y compilación de JSP .
24-Oct-2024 12:25:27.127 INFO [main] org.apache.catalina.startup.HostConfig.deployDirectory Deployment of web application directory [C:\Users\USER\Desktop\PROGRAMACIONBRYAN\Modulo2\apache-tomcat-9.0.96-windows-x64\apache-tomcat-9.0.96\webapps\examples] has finished in [1.787] ms
24-Oct-2024 12:25:27.130 INFO [main] org.apache.catalina.startup.HostConfig.deployDirectory Desplegando el directorio [C:\Users\USER\Desktop\PROGRAMACIONBRYAN\Modulo2\apache-tomcat-9.0.96-windows-x64\apache-tomcat-9.0.96\webapps\host-manager] de la aplicación web
24-Oct-2024 12:25:27.595 INFO [main] org.apache.jasper.servlet.TldScanner.scanJars Al menos un JAR, que se ha explorado buscando TLDs, aún no contenía TLDs. Activar historial de depuración para este historiador para una completa lista de los JARs que fueron explorados y de los que nos se halló TLDs. Saltarse JARs no necesarios durante la exploración puede dar lugar a una mejora de tiempo significativa en el arranque y compilación de JSP .
24-Oct-2024 12:25:27.617 INFO [main] org.apache.catalina.startup.HostConfig.deployDirectory Deployment of web application directory [C:\Users\USER\Desktop\PROGRAMACIONBRYAN\Modulo2\apache-tomcat-9.0.96-windows-x64\apache-tomcat-9.0.96\webapps\host-manager] has finished in [487] ms
24-Oct-2024 12:25:27.620 INFO [main] org.apache.catalina.startup.HostConfig.deployDirectory Desplegando el directorio [C:\Users\USER\Desktop\PROGRAMACIONBRYAN\Modulo2\apache-tomcat-9.0.96-windows-x64\apache-tomcat-9.0.96\webapps\manager] de la aplicación web
24-Oct-2024 12:25:28.131 INFO [main] org.apache.jasper.servlet.TldScanner.scanJars Al menos un JAR, que se ha explorado buscando TLDs, aún no contenía TLDs. Activar historial de depuración para este historiador para una completa lista de los JARs que fueron explorados y de los que nos se halló TLDs. Saltarse JARs no necesarios durante la exploración puede dar lugar a una mejora de tiempo significativa en el arranque y compilación de JSP .
24-Oct-2024 12:25:28.146 INFO [main] org.apache.catalina.startup.HostConfig.deployDirectory Deployment of web application directory [C:\Users\USER\Desktop\PROGRAMACIONBRYAN\Modulo2\apache-tomcat-9.0.96-windows-x64\apache-tomcat-9.0.96\webapps\manager] has finished in [524] ms
24-Oct-2024 12:25:28.147 INFO [main] org.apache.catalina.startup.HostConfig.deployDirectory Desplegando el directorio [C:\Users\USER\Desktop\PROGRAMACIONBRYAN\Modulo2\apache-tomcat-9.0.96-windows-x64\apache-tomcat-9.0.96\webapps\ROOT] de la aplicación web
24-Oct-2024 12:25:28.528 INFO [main] org.apache.jasper.servlet.TldScanner.scanJars Al menos un JAR, que se ha explorado buscando TLDs, aún no contenía TLDs. Activar historial de depuración para este historiador para una completa lista de los JARs que fueron explorados y de los que nos se halló TLDs. Saltarse JARs no necesarios durante la exploración puede dar lugar a una mejora de tiempo significativa en el arranque y compilación de JSP .
24-Oct-2024 12:25:28.538 INFO [main] org.apache.catalina.startup.HostConfig.deployDirectory Deployment of web application directory [C:\Users\USER\Desktop\PROGRAMACIONBRYAN\Modulo2\apache-tomcat-9.0.96-windows-x64\apache-tomcat-9.0.96\webapps\ROOT] has finished in [390] ms
24-Oct-2024 12:25:28.555 INFO [main] org.apache.coyote.AbstractProtocol.start Starting ProtocolHandler ["http-nio-8080"]
24-Oct-2024 12:25:28.630 INFO [main] org.apache.catalina.startup.Catalina.start Server startup in [28968] milliseconds
