30-Nov-2024 07:56:47.045 SEVERE [main] org.apache.catalina.core.ApplicationContext.log Servlet.init() para servlet [MiServlet] lanzó excepción
	org.glassfish.jersey.server.model.ModelValidationException: Validation of the application resource model has failed during application initialization.
[[FATAL] A resource model has ambiguous (sub-)resource method for HTTP method GET and input mime-types as defined by"@Consumes" and "@Produces" annotations at Java methods public javax.ws.rs.core.Response com.krakedev.inventarios.servicios.ServiciosProveedores.buscarProveedor(java.lang.String) and public javax.ws.rs.core.Response com.krakedev.inventarios.servicios.ServiciosProveedores.buscar(java.lang.String) at matching regular expression /buscar/([^/]+). These two methods produces and consumes exactly the same mime-types and therefore their invocation as a resource methods will always fail.; source='org.glassfish.jersey.server.model.RuntimeResource@73f0a7a9', [FATAL] A resource model has ambiguous (sub-)resource method for HTTP method GET and input mime-types as defined by"@Consumes" and "@Produces" annotations at Java methods public javax.ws.rs.core.Response com.krakedev.inventarios.servicios.ServiciosProductos.buscarProducto(int) and public javax.ws.rs.core.Response com.krakedev.inventarios.servicios.ServiciosProductos.buscar(java.lang.String) at matching regular expression /buscar/([^/]+). These two methods produces and consumes exactly the same mime-types and therefore their invocation as a resource methods will always fail.; source='org.glassfish.jersey.server.model.RuntimeResource@74b187e7']
		at org.glassfish.jersey.server.ApplicationHandler.initialize(ApplicationHandler.java:371)
		at org.glassfish.jersey.server.ApplicationHandler.lambda$initialize$1(ApplicationHandler.java:293)
		at org.glassfish.jersey.internal.Errors.process(Errors.java:292)
		at org.glassfish.jersey.internal.Errors.process(Errors.java:274)
		at org.glassfish.jersey.internal.Errors.processWithException(Errors.java:232)
		at org.glassfish.jersey.server.ApplicationHandler.initialize(ApplicationHandler.java:292)
		at org.glassfish.jersey.server.ApplicationHandler.<init>(ApplicationHandler.java:259)
		at org.glassfish.jersey.servlet.WebComponent.<init>(WebComponent.java:311)
		at org.glassfish.jersey.servlet.ServletContainer.init(ServletContainer.java:154)
		at org.glassfish.jersey.servlet.ServletContainer.init(ServletContainer.java:347)
		at javax.servlet.GenericServlet.init(GenericServlet.java:143)
		at org.apache.catalina.core.StandardWrapper.initServlet(StandardWrapper.java:984)
		at org.apache.catalina.core.StandardWrapper.loadServlet(StandardWrapper.java:941)
		at org.apache.catalina.core.StandardWrapper.load(StandardWrapper.java:838)
		at org.apache.catalina.core.StandardContext.loadOnStartup(StandardContext.java:4180)
		at org.apache.catalina.core.StandardContext.startInternal(StandardContext.java:4480)
		at org.apache.catalina.util.LifecycleBase.start(LifecycleBase.java:164)
		at org.apache.catalina.core.ContainerBase.addChildInternal(ContainerBase.java:599)
		at org.apache.catalina.core.ContainerBase.addChild(ContainerBase.java:571)
		at org.apache.catalina.core.StandardHost.addChild(StandardHost.java:603)
		at org.apache.catalina.startup.HostConfig.deployWAR(HostConfig.java:1014)
		at org.apache.catalina.startup.HostConfig$DeployWar.run(HostConfig.java:1866)
		at java.base/java.util.concurrent.Executors$RunnableAdapter.call(Executors.java:572)
		at java.base/java.util.concurrent.FutureTask.run(FutureTask.java:317)
		at org.apache.tomcat.util.threads.InlineExecutorService.execute(InlineExecutorService.java:75)
		at java.base/java.util.concurrent.AbstractExecutorService.submit(AbstractExecutorService.java:124)
		at org.apache.catalina.startup.HostConfig.deployWARs(HostConfig.java:816)
		at org.apache.catalina.startup.HostConfig.deployApps(HostConfig.java:468)
		at org.apache.catalina.startup.HostConfig.start(HostConfig.java:1584)
		at org.apache.catalina.startup.HostConfig.lifecycleEvent(HostConfig.java:312)
		at org.apache.catalina.util.LifecycleBase.fireLifecycleEvent(LifecycleBase.java:109)
		at org.apache.catalina.util.LifecycleBase.setStateInternal(LifecycleBase.java:385)
		at org.apache.catalina.util.LifecycleBase.setState(LifecycleBase.java:332)
		at org.apache.catalina.core.ContainerBase.startInternal(ContainerBase.java:776)
		at org.apache.catalina.core.StandardHost.startInternal(StandardHost.java:721)
		at org.apache.catalina.util.LifecycleBase.start(LifecycleBase.java:164)
		at org.apache.catalina.core.ContainerBase$StartChild.call(ContainerBase.java:1203)
		at org.apache.catalina.core.ContainerBase$StartChild.call(ContainerBase.java:1193)
		at java.base/java.util.concurrent.FutureTask.run(FutureTask.java:317)
		at org.apache.tomcat.util.threads.InlineExecutorService.execute(InlineExecutorService.java:75)
		at java.base/java.util.concurrent.AbstractExecutorService.submit(AbstractExecutorService.java:148)
		at org.apache.catalina.core.ContainerBase.startInternal(ContainerBase.java:749)
		at org.apache.catalina.core.StandardEngine.startInternal(StandardEngine.java:211)
		at org.apache.catalina.util.LifecycleBase.start(LifecycleBase.java:164)
		at org.apache.catalina.core.StandardService.startInternal(StandardService.java:415)
		at org.apache.catalina.util.LifecycleBase.start(LifecycleBase.java:164)
		at org.apache.catalina.core.StandardServer.startInternal(StandardServer.java:874)
		at org.apache.catalina.util.LifecycleBase.start(LifecycleBase.java:164)
		at org.apache.catalina.startup.Catalina.start(Catalina.java:735)
		at java.base/jdk.internal.reflect.DirectMethodHandleAccessor.invoke(DirectMethodHandleAccessor.java:103)
		at java.base/java.lang.reflect.Method.invoke(Method.java:580)
		at org.apache.catalina.startup.Bootstrap.start(Bootstrap.java:345)
		at org.apache.catalina.startup.Bootstrap.main(Bootstrap.java:473)
30-Nov-2024 07:56:47.052 SEVERE [main] org.apache.catalina.core.StandardContext.loadOnStartup Servlet [MiServlet] in web application [/inventarios] threw load() exception
	org.glassfish.jersey.server.model.ModelValidationException: Validation of the application resource model has failed during application initialization.
[[FATAL] A resource model has ambiguous (sub-)resource method for HTTP method GET and input mime-types as defined by"@Consumes" and "@Produces" annotations at Java methods public javax.ws.rs.core.Response com.krakedev.inventarios.servicios.ServiciosProveedores.buscarProveedor(java.lang.String) and public javax.ws.rs.core.Response com.krakedev.inventarios.servicios.ServiciosProveedores.buscar(java.lang.String) at matching regular expression /buscar/([^/]+). These two methods produces and consumes exactly the same mime-types and therefore their invocation as a resource methods will always fail.; source='org.glassfish.jersey.server.model.RuntimeResource@73f0a7a9', [FATAL] A resource model has ambiguous (sub-)resource method for HTTP method GET and input mime-types as defined by"@Consumes" and "@Produces" annotations at Java methods public javax.ws.rs.core.Response com.krakedev.inventarios.servicios.ServiciosProductos.buscarProducto(int) and public javax.ws.rs.core.Response com.krakedev.inventarios.servicios.ServiciosProductos.buscar(java.lang.String) at matching regular expression /buscar/([^/]+). These two methods produces and consumes exactly the same mime-types and therefore their invocation as a resource methods will always fail.; source='org.glassfish.jersey.server.model.RuntimeResource@74b187e7']
		at org.glassfish.jersey.server.ApplicationHandler.initialize(ApplicationHandler.java:371)
		at org.glassfish.jersey.server.ApplicationHandler.lambda$initialize$1(ApplicationHandler.java:293)
		at org.glassfish.jersey.internal.Errors.process(Errors.java:292)
		at org.glassfish.jersey.internal.Errors.process(Errors.java:274)
		at org.glassfish.jersey.internal.Errors.processWithException(Errors.java:232)
		at org.glassfish.jersey.server.ApplicationHandler.initialize(ApplicationHandler.java:292)
		at org.glassfish.jersey.server.ApplicationHandler.<init>(ApplicationHandler.java:259)
		at org.glassfish.jersey.servlet.WebComponent.<init>(WebComponent.java:311)
		at org.glassfish.jersey.servlet.ServletContainer.init(ServletContainer.java:154)
		at org.glassfish.jersey.servlet.ServletContainer.init(ServletContainer.java:347)
		at javax.servlet.GenericServlet.init(GenericServlet.java:143)
		at org.apache.catalina.core.StandardWrapper.initServlet(StandardWrapper.java:984)
		at org.apache.catalina.core.StandardWrapper.loadServlet(StandardWrapper.java:941)
		at org.apache.catalina.core.StandardWrapper.load(StandardWrapper.java:838)
		at org.apache.catalina.core.StandardContext.loadOnStartup(StandardContext.java:4180)
		at org.apache.catalina.core.StandardContext.startInternal(StandardContext.java:4480)
		at org.apache.catalina.util.LifecycleBase.start(LifecycleBase.java:164)
		at org.apache.catalina.core.ContainerBase.addChildInternal(ContainerBase.java:599)
		at org.apache.catalina.core.ContainerBase.addChild(ContainerBase.java:571)
		at org.apache.catalina.core.StandardHost.addChild(StandardHost.java:603)
		at org.apache.catalina.startup.HostConfig.deployWAR(HostConfig.java:1014)
		at org.apache.catalina.startup.HostConfig$DeployWar.run(HostConfig.java:1866)
		at java.base/java.util.concurrent.Executors$RunnableAdapter.call(Executors.java:572)
		at java.base/java.util.concurrent.FutureTask.run(FutureTask.java:317)
		at org.apache.tomcat.util.threads.InlineExecutorService.execute(InlineExecutorService.java:75)
		at java.base/java.util.concurrent.AbstractExecutorService.submit(AbstractExecutorService.java:124)
		at org.apache.catalina.startup.HostConfig.deployWARs(HostConfig.java:816)
		at org.apache.catalina.startup.HostConfig.deployApps(HostConfig.java:468)
		at org.apache.catalina.startup.HostConfig.start(HostConfig.java:1584)
		at org.apache.catalina.startup.HostConfig.lifecycleEvent(HostConfig.java:312)
		at org.apache.catalina.util.LifecycleBase.fireLifecycleEvent(LifecycleBase.java:109)
		at org.apache.catalina.util.LifecycleBase.setStateInternal(LifecycleBase.java:385)
		at org.apache.catalina.util.LifecycleBase.setState(LifecycleBase.java:332)
		at org.apache.catalina.core.ContainerBase.startInternal(ContainerBase.java:776)
		at org.apache.catalina.core.StandardHost.startInternal(StandardHost.java:721)
		at org.apache.catalina.util.LifecycleBase.start(LifecycleBase.java:164)
		at org.apache.catalina.core.ContainerBase$StartChild.call(ContainerBase.java:1203)
		at org.apache.catalina.core.ContainerBase$StartChild.call(ContainerBase.java:1193)
		at java.base/java.util.concurrent.FutureTask.run(FutureTask.java:317)
		at org.apache.tomcat.util.threads.InlineExecutorService.execute(InlineExecutorService.java:75)
		at java.base/java.util.concurrent.AbstractExecutorService.submit(AbstractExecutorService.java:148)
		at org.apache.catalina.core.ContainerBase.startInternal(ContainerBase.java:749)
		at org.apache.catalina.core.StandardEngine.startInternal(StandardEngine.java:211)
		at org.apache.catalina.util.LifecycleBase.start(LifecycleBase.java:164)
		at org.apache.catalina.core.StandardService.startInternal(StandardService.java:415)
		at org.apache.catalina.util.LifecycleBase.start(LifecycleBase.java:164)
		at org.apache.catalina.core.StandardServer.startInternal(StandardServer.java:874)
		at org.apache.catalina.util.LifecycleBase.start(LifecycleBase.java:164)
		at org.apache.catalina.startup.Catalina.start(Catalina.java:735)
		at java.base/jdk.internal.reflect.DirectMethodHandleAccessor.invoke(DirectMethodHandleAccessor.java:103)
		at java.base/java.lang.reflect.Method.invoke(Method.java:580)
		at org.apache.catalina.startup.Bootstrap.start(Bootstrap.java:345)
		at org.apache.catalina.startup.Bootstrap.main(Bootstrap.java:473)
30-Nov-2024 07:56:51.577 INFO [main] org.apache.catalina.core.ApplicationContext.log ContextListener: contextInitialized()
30-Nov-2024 07:56:51.578 INFO [main] org.apache.catalina.core.ApplicationContext.log SessionListener: contextInitialized()
30-Nov-2024 07:56:51.583 INFO [main] org.apache.catalina.core.ApplicationContext.log ContextListener: attributeAdded('StockTicker', 'async.Stockticker@1251cdec')
30-Nov-2024 07:57:10.560 SEVERE [http-nio-8080-exec-1] org.apache.catalina.core.ApplicationContext.log Servlet.init() para servlet [MiServlet] lanzó excepción
	org.glassfish.jersey.server.model.ModelValidationException: Validation of the application resource model has failed during application initialization.
[[FATAL] A resource model has ambiguous (sub-)resource method for HTTP method GET and input mime-types as defined by"@Consumes" and "@Produces" annotations at Java methods public javax.ws.rs.core.Response com.krakedev.inventarios.servicios.ServiciosProveedores.buscarProveedor(java.lang.String) and public javax.ws.rs.core.Response com.krakedev.inventarios.servicios.ServiciosProveedores.buscar(java.lang.String) at matching regular expression /buscar/([^/]+). These two methods produces and consumes exactly the same mime-types and therefore their invocation as a resource methods will always fail.; source='org.glassfish.jersey.server.model.RuntimeResource@4686c39', [FATAL] A resource model has ambiguous (sub-)resource method for HTTP method GET and input mime-types as defined by"@Consumes" and "@Produces" annotations at Java methods public javax.ws.rs.core.Response com.krakedev.inventarios.servicios.ServiciosProductos.buscarProducto(int) and public javax.ws.rs.core.Response com.krakedev.inventarios.servicios.ServiciosProductos.buscar(java.lang.String) at matching regular expression /buscar/([^/]+). These two methods produces and consumes exactly the same mime-types and therefore their invocation as a resource methods will always fail.; source='org.glassfish.jersey.server.model.RuntimeResource@72d34ef2']
		at org.glassfish.jersey.server.ApplicationHandler.initialize(ApplicationHandler.java:371)
		at org.glassfish.jersey.server.ApplicationHandler.lambda$initialize$1(ApplicationHandler.java:293)
		at org.glassfish.jersey.internal.Errors.process(Errors.java:292)
		at org.glassfish.jersey.internal.Errors.process(Errors.java:274)
		at org.glassfish.jersey.internal.Errors.processWithException(Errors.java:232)
		at org.glassfish.jersey.server.ApplicationHandler.initialize(ApplicationHandler.java:292)
		at org.glassfish.jersey.server.ApplicationHandler.<init>(ApplicationHandler.java:259)
		at org.glassfish.jersey.servlet.WebComponent.<init>(WebComponent.java:311)
		at org.glassfish.jersey.servlet.ServletContainer.init(ServletContainer.java:154)
		at org.glassfish.jersey.servlet.ServletContainer.init(ServletContainer.java:347)
		at javax.servlet.GenericServlet.init(GenericServlet.java:143)
		at org.apache.catalina.core.StandardWrapper.initServlet(StandardWrapper.java:984)
		at org.apache.catalina.core.StandardWrapper.loadServlet(StandardWrapper.java:941)
		at org.apache.catalina.core.StandardWrapper.allocate(StandardWrapper.java:659)
		at org.apache.catalina.core.StandardWrapperValve.invoke(StandardWrapperValve.java:116)
		at org.apache.catalina.core.StandardContextValve.invoke(StandardContextValve.java:90)
		at org.apache.catalina.authenticator.AuthenticatorBase.invoke(AuthenticatorBase.java:482)
		at org.apache.catalina.core.StandardHostValve.invoke(StandardHostValve.java:130)
		at org.apache.catalina.valves.ErrorReportValve.invoke(ErrorReportValve.java:93)
		at org.apache.catalina.valves.AbstractAccessLogValve.invoke(AbstractAccessLogValve.java:660)
		at org.apache.catalina.core.StandardEngineValve.invoke(StandardEngineValve.java:74)
		at org.apache.catalina.connector.CoyoteAdapter.service(CoyoteAdapter.java:346)
		at org.apache.coyote.http11.Http11Processor.service(Http11Processor.java:383)
		at org.apache.coyote.AbstractProcessorLight.process(AbstractProcessorLight.java:63)
		at org.apache.coyote.AbstractProtocol$ConnectionHandler.process(AbstractProtocol.java:937)
		at org.apache.tomcat.util.net.NioEndpoint$SocketProcessor.doRun(NioEndpoint.java:1791)
		at org.apache.tomcat.util.net.SocketProcessorBase.run(SocketProcessorBase.java:52)
		at org.apache.tomcat.util.threads.ThreadPoolExecutor.runWorker(ThreadPoolExecutor.java:1190)
		at org.apache.tomcat.util.threads.ThreadPoolExecutor$Worker.run(ThreadPoolExecutor.java:659)
		at org.apache.tomcat.util.threads.TaskThread$WrappingRunnable.run(TaskThread.java:63)
		at java.base/java.lang.Thread.run(Thread.java:1575)
30-Nov-2024 07:57:10.561 SEVERE [http-nio-8080-exec-1] org.apache.catalina.core.StandardWrapperValve.invoke Excepción de reserva de espacio para servlet [MiServlet]
	org.glassfish.jersey.server.model.ModelValidationException: Validation of the application resource model has failed during application initialization.
[[FATAL] A resource model has ambiguous (sub-)resource method for HTTP method GET and input mime-types as defined by"@Consumes" and "@Produces" annotations at Java methods public javax.ws.rs.core.Response com.krakedev.inventarios.servicios.ServiciosProveedores.buscarProveedor(java.lang.String) and public javax.ws.rs.core.Response com.krakedev.inventarios.servicios.ServiciosProveedores.buscar(java.lang.String) at matching regular expression /buscar/([^/]+). These two methods produces and consumes exactly the same mime-types and therefore their invocation as a resource methods will always fail.; source='org.glassfish.jersey.server.model.RuntimeResource@4686c39', [FATAL] A resource model has ambiguous (sub-)resource method for HTTP method GET and input mime-types as defined by"@Consumes" and "@Produces" annotations at Java methods public javax.ws.rs.core.Response com.krakedev.inventarios.servicios.ServiciosProductos.buscarProducto(int) and public javax.ws.rs.core.Response com.krakedev.inventarios.servicios.ServiciosProductos.buscar(java.lang.String) at matching regular expression /buscar/([^/]+). These two methods produces and consumes exactly the same mime-types and therefore their invocation as a resource methods will always fail.; source='org.glassfish.jersey.server.model.RuntimeResource@72d34ef2']
		at org.glassfish.jersey.server.ApplicationHandler.initialize(ApplicationHandler.java:371)
		at org.glassfish.jersey.server.ApplicationHandler.lambda$initialize$1(ApplicationHandler.java:293)
		at org.glassfish.jersey.internal.Errors.process(Errors.java:292)
		at org.glassfish.jersey.internal.Errors.process(Errors.java:274)
		at org.glassfish.jersey.internal.Errors.processWithException(Errors.java:232)
		at org.glassfish.jersey.server.ApplicationHandler.initialize(ApplicationHandler.java:292)
		at org.glassfish.jersey.server.ApplicationHandler.<init>(ApplicationHandler.java:259)
		at org.glassfish.jersey.servlet.WebComponent.<init>(WebComponent.java:311)
		at org.glassfish.jersey.servlet.ServletContainer.init(ServletContainer.java:154)
		at org.glassfish.jersey.servlet.ServletContainer.init(ServletContainer.java:347)
		at javax.servlet.GenericServlet.init(GenericServlet.java:143)
		at org.apache.catalina.core.StandardWrapper.initServlet(StandardWrapper.java:984)
		at org.apache.catalina.core.StandardWrapper.loadServlet(StandardWrapper.java:941)
		at org.apache.catalina.core.StandardWrapper.allocate(StandardWrapper.java:659)
		at org.apache.catalina.core.StandardWrapperValve.invoke(StandardWrapperValve.java:116)
		at org.apache.catalina.core.StandardContextValve.invoke(StandardContextValve.java:90)
		at org.apache.catalina.authenticator.AuthenticatorBase.invoke(AuthenticatorBase.java:482)
		at org.apache.catalina.core.StandardHostValve.invoke(StandardHostValve.java:130)
		at org.apache.catalina.valves.ErrorReportValve.invoke(ErrorReportValve.java:93)
		at org.apache.catalina.valves.AbstractAccessLogValve.invoke(AbstractAccessLogValve.java:660)
		at org.apache.catalina.core.StandardEngineValve.invoke(StandardEngineValve.java:74)
		at org.apache.catalina.connector.CoyoteAdapter.service(CoyoteAdapter.java:346)
		at org.apache.coyote.http11.Http11Processor.service(Http11Processor.java:383)
		at org.apache.coyote.AbstractProcessorLight.process(AbstractProcessorLight.java:63)
		at org.apache.coyote.AbstractProtocol$ConnectionHandler.process(AbstractProtocol.java:937)
		at org.apache.tomcat.util.net.NioEndpoint$SocketProcessor.doRun(NioEndpoint.java:1791)
		at org.apache.tomcat.util.net.SocketProcessorBase.run(SocketProcessorBase.java:52)
		at org.apache.tomcat.util.threads.ThreadPoolExecutor.runWorker(ThreadPoolExecutor.java:1190)
		at org.apache.tomcat.util.threads.ThreadPoolExecutor$Worker.run(ThreadPoolExecutor.java:659)
		at org.apache.tomcat.util.threads.TaskThread$WrappingRunnable.run(TaskThread.java:63)
		at java.base/java.lang.Thread.run(Thread.java:1575)
30-Nov-2024 08:07:11.985 SEVERE [main] org.apache.catalina.core.ApplicationContext.log Servlet.init() para servlet [MiServlet] lanzó excepción
	org.glassfish.jersey.server.model.ModelValidationException: Validation of the application resource model has failed during application initialization.
[[FATAL] A resource model has ambiguous (sub-)resource method for HTTP method GET and input mime-types as defined by"@Consumes" and "@Produces" annotations at Java methods public javax.ws.rs.core.Response com.krakedev.inventarios.servicios.ServiciosProductos.buscarProducto(int) and public javax.ws.rs.core.Response com.krakedev.inventarios.servicios.ServiciosProductos.buscar(java.lang.String) at matching regular expression /buscarproducto/([^/]+). These two methods produces and consumes exactly the same mime-types and therefore their invocation as a resource methods will always fail.; source='org.glassfish.jersey.server.model.RuntimeResource@aa571f0']
		at org.glassfish.jersey.server.ApplicationHandler.initialize(ApplicationHandler.java:371)
		at org.glassfish.jersey.server.ApplicationHandler.lambda$initialize$1(ApplicationHandler.java:293)
		at org.glassfish.jersey.internal.Errors.process(Errors.java:292)
		at org.glassfish.jersey.internal.Errors.process(Errors.java:274)
		at org.glassfish.jersey.internal.Errors.processWithException(Errors.java:232)
		at org.glassfish.jersey.server.ApplicationHandler.initialize(ApplicationHandler.java:292)
		at org.glassfish.jersey.server.ApplicationHandler.<init>(ApplicationHandler.java:259)
		at org.glassfish.jersey.servlet.WebComponent.<init>(WebComponent.java:311)
		at org.glassfish.jersey.servlet.ServletContainer.init(ServletContainer.java:154)
		at org.glassfish.jersey.servlet.ServletContainer.init(ServletContainer.java:347)
		at javax.servlet.GenericServlet.init(GenericServlet.java:143)
		at org.apache.catalina.core.StandardWrapper.initServlet(StandardWrapper.java:984)
		at org.apache.catalina.core.StandardWrapper.loadServlet(StandardWrapper.java:941)
		at org.apache.catalina.core.StandardWrapper.load(StandardWrapper.java:838)
		at org.apache.catalina.core.StandardContext.loadOnStartup(StandardContext.java:4180)
		at org.apache.catalina.core.StandardContext.startInternal(StandardContext.java:4480)
		at org.apache.catalina.util.LifecycleBase.start(LifecycleBase.java:164)
		at org.apache.catalina.core.ContainerBase.addChildInternal(ContainerBase.java:599)
		at org.apache.catalina.core.ContainerBase.addChild(ContainerBase.java:571)
		at org.apache.catalina.core.StandardHost.addChild(StandardHost.java:603)
		at org.apache.catalina.startup.HostConfig.deployWAR(HostConfig.java:1014)
		at org.apache.catalina.startup.HostConfig$DeployWar.run(HostConfig.java:1866)
		at java.base/java.util.concurrent.Executors$RunnableAdapter.call(Executors.java:572)
		at java.base/java.util.concurrent.FutureTask.run(FutureTask.java:317)
		at org.apache.tomcat.util.threads.InlineExecutorService.execute(InlineExecutorService.java:75)
		at java.base/java.util.concurrent.AbstractExecutorService.submit(AbstractExecutorService.java:124)
		at org.apache.catalina.startup.HostConfig.deployWARs(HostConfig.java:816)
		at org.apache.catalina.startup.HostConfig.deployApps(HostConfig.java:468)
		at org.apache.catalina.startup.HostConfig.start(HostConfig.java:1584)
		at org.apache.catalina.startup.HostConfig.lifecycleEvent(HostConfig.java:312)
		at org.apache.catalina.util.LifecycleBase.fireLifecycleEvent(LifecycleBase.java:109)
		at org.apache.catalina.util.LifecycleBase.setStateInternal(LifecycleBase.java:385)
		at org.apache.catalina.util.LifecycleBase.setState(LifecycleBase.java:332)
		at org.apache.catalina.core.ContainerBase.startInternal(ContainerBase.java:776)
		at org.apache.catalina.core.StandardHost.startInternal(StandardHost.java:721)
		at org.apache.catalina.util.LifecycleBase.start(LifecycleBase.java:164)
		at org.apache.catalina.core.ContainerBase$StartChild.call(ContainerBase.java:1203)
		at org.apache.catalina.core.ContainerBase$StartChild.call(ContainerBase.java:1193)
		at java.base/java.util.concurrent.FutureTask.run(FutureTask.java:317)
		at org.apache.tomcat.util.threads.InlineExecutorService.execute(InlineExecutorService.java:75)
		at java.base/java.util.concurrent.AbstractExecutorService.submit(AbstractExecutorService.java:148)
		at org.apache.catalina.core.ContainerBase.startInternal(ContainerBase.java:749)
		at org.apache.catalina.core.StandardEngine.startInternal(StandardEngine.java:211)
		at org.apache.catalina.util.LifecycleBase.start(LifecycleBase.java:164)
		at org.apache.catalina.core.StandardService.startInternal(StandardService.java:415)
		at org.apache.catalina.util.LifecycleBase.start(LifecycleBase.java:164)
		at org.apache.catalina.core.StandardServer.startInternal(StandardServer.java:874)
		at org.apache.catalina.util.LifecycleBase.start(LifecycleBase.java:164)
		at org.apache.catalina.startup.Catalina.start(Catalina.java:735)
		at java.base/jdk.internal.reflect.DirectMethodHandleAccessor.invoke(DirectMethodHandleAccessor.java:103)
		at java.base/java.lang.reflect.Method.invoke(Method.java:580)
		at org.apache.catalina.startup.Bootstrap.start(Bootstrap.java:345)
		at org.apache.catalina.startup.Bootstrap.main(Bootstrap.java:473)
30-Nov-2024 08:07:11.989 SEVERE [main] org.apache.catalina.core.StandardContext.loadOnStartup Servlet [MiServlet] in web application [/inventarios] threw load() exception
	org.glassfish.jersey.server.model.ModelValidationException: Validation of the application resource model has failed during application initialization.
[[FATAL] A resource model has ambiguous (sub-)resource method for HTTP method GET and input mime-types as defined by"@Consumes" and "@Produces" annotations at Java methods public javax.ws.rs.core.Response com.krakedev.inventarios.servicios.ServiciosProductos.buscarProducto(int) and public javax.ws.rs.core.Response com.krakedev.inventarios.servicios.ServiciosProductos.buscar(java.lang.String) at matching regular expression /buscarproducto/([^/]+). These two methods produces and consumes exactly the same mime-types and therefore their invocation as a resource methods will always fail.; source='org.glassfish.jersey.server.model.RuntimeResource@aa571f0']
		at org.glassfish.jersey.server.ApplicationHandler.initialize(ApplicationHandler.java:371)
		at org.glassfish.jersey.server.ApplicationHandler.lambda$initialize$1(ApplicationHandler.java:293)
		at org.glassfish.jersey.internal.Errors.process(Errors.java:292)
		at org.glassfish.jersey.internal.Errors.process(Errors.java:274)
		at org.glassfish.jersey.internal.Errors.processWithException(Errors.java:232)
		at org.glassfish.jersey.server.ApplicationHandler.initialize(ApplicationHandler.java:292)
		at org.glassfish.jersey.server.ApplicationHandler.<init>(ApplicationHandler.java:259)
		at org.glassfish.jersey.servlet.WebComponent.<init>(WebComponent.java:311)
		at org.glassfish.jersey.servlet.ServletContainer.init(ServletContainer.java:154)
		at org.glassfish.jersey.servlet.ServletContainer.init(ServletContainer.java:347)
		at javax.servlet.GenericServlet.init(GenericServlet.java:143)
		at org.apache.catalina.core.StandardWrapper.initServlet(StandardWrapper.java:984)
		at org.apache.catalina.core.StandardWrapper.loadServlet(StandardWrapper.java:941)
		at org.apache.catalina.core.StandardWrapper.load(StandardWrapper.java:838)
		at org.apache.catalina.core.StandardContext.loadOnStartup(StandardContext.java:4180)
		at org.apache.catalina.core.StandardContext.startInternal(StandardContext.java:4480)
		at org.apache.catalina.util.LifecycleBase.start(LifecycleBase.java:164)
		at org.apache.catalina.core.ContainerBase.addChildInternal(ContainerBase.java:599)
		at org.apache.catalina.core.ContainerBase.addChild(ContainerBase.java:571)
		at org.apache.catalina.core.StandardHost.addChild(StandardHost.java:603)
		at org.apache.catalina.startup.HostConfig.deployWAR(HostConfig.java:1014)
		at org.apache.catalina.startup.HostConfig$DeployWar.run(HostConfig.java:1866)
		at java.base/java.util.concurrent.Executors$RunnableAdapter.call(Executors.java:572)
		at java.base/java.util.concurrent.FutureTask.run(FutureTask.java:317)
		at org.apache.tomcat.util.threads.InlineExecutorService.execute(InlineExecutorService.java:75)
		at java.base/java.util.concurrent.AbstractExecutorService.submit(AbstractExecutorService.java:124)
		at org.apache.catalina.startup.HostConfig.deployWARs(HostConfig.java:816)
		at org.apache.catalina.startup.HostConfig.deployApps(HostConfig.java:468)
		at org.apache.catalina.startup.HostConfig.start(HostConfig.java:1584)
		at org.apache.catalina.startup.HostConfig.lifecycleEvent(HostConfig.java:312)
		at org.apache.catalina.util.LifecycleBase.fireLifecycleEvent(LifecycleBase.java:109)
		at org.apache.catalina.util.LifecycleBase.setStateInternal(LifecycleBase.java:385)
		at org.apache.catalina.util.LifecycleBase.setState(LifecycleBase.java:332)
		at org.apache.catalina.core.ContainerBase.startInternal(ContainerBase.java:776)
		at org.apache.catalina.core.StandardHost.startInternal(StandardHost.java:721)
		at org.apache.catalina.util.LifecycleBase.start(LifecycleBase.java:164)
		at org.apache.catalina.core.ContainerBase$StartChild.call(ContainerBase.java:1203)
		at org.apache.catalina.core.ContainerBase$StartChild.call(ContainerBase.java:1193)
		at java.base/java.util.concurrent.FutureTask.run(FutureTask.java:317)
		at org.apache.tomcat.util.threads.InlineExecutorService.execute(InlineExecutorService.java:75)
		at java.base/java.util.concurrent.AbstractExecutorService.submit(AbstractExecutorService.java:148)
		at org.apache.catalina.core.ContainerBase.startInternal(ContainerBase.java:749)
		at org.apache.catalina.core.StandardEngine.startInternal(StandardEngine.java:211)
		at org.apache.catalina.util.LifecycleBase.start(LifecycleBase.java:164)
		at org.apache.catalina.core.StandardService.startInternal(StandardService.java:415)
		at org.apache.catalina.util.LifecycleBase.start(LifecycleBase.java:164)
		at org.apache.catalina.core.StandardServer.startInternal(StandardServer.java:874)
		at org.apache.catalina.util.LifecycleBase.start(LifecycleBase.java:164)
		at org.apache.catalina.startup.Catalina.start(Catalina.java:735)
		at java.base/jdk.internal.reflect.DirectMethodHandleAccessor.invoke(DirectMethodHandleAccessor.java:103)
		at java.base/java.lang.reflect.Method.invoke(Method.java:580)
		at org.apache.catalina.startup.Bootstrap.start(Bootstrap.java:345)
		at org.apache.catalina.startup.Bootstrap.main(Bootstrap.java:473)
30-Nov-2024 08:07:14.593 INFO [main] org.apache.catalina.core.ApplicationContext.log ContextListener: contextInitialized()
30-Nov-2024 08:07:14.593 INFO [main] org.apache.catalina.core.ApplicationContext.log SessionListener: contextInitialized()
30-Nov-2024 08:07:14.599 INFO [main] org.apache.catalina.core.ApplicationContext.log ContextListener: attributeAdded('StockTicker', 'async.Stockticker@1aac10b5')
30-Nov-2024 08:07:28.801 SEVERE [http-nio-8080-exec-1] org.apache.catalina.core.ApplicationContext.log Servlet.init() para servlet [MiServlet] lanzó excepción
	org.glassfish.jersey.server.model.ModelValidationException: Validation of the application resource model has failed during application initialization.
[[FATAL] A resource model has ambiguous (sub-)resource method for HTTP method GET and input mime-types as defined by"@Consumes" and "@Produces" annotations at Java methods public javax.ws.rs.core.Response com.krakedev.inventarios.servicios.ServiciosProductos.buscarProducto(int) and public javax.ws.rs.core.Response com.krakedev.inventarios.servicios.ServiciosProductos.buscar(java.lang.String) at matching regular expression /buscarproducto/([^/]+). These two methods produces and consumes exactly the same mime-types and therefore their invocation as a resource methods will always fail.; source='org.glassfish.jersey.server.model.RuntimeResource@66d2791']
		at org.glassfish.jersey.server.ApplicationHandler.initialize(ApplicationHandler.java:371)
		at org.glassfish.jersey.server.ApplicationHandler.lambda$initialize$1(ApplicationHandler.java:293)
		at org.glassfish.jersey.internal.Errors.process(Errors.java:292)
		at org.glassfish.jersey.internal.Errors.process(Errors.java:274)
		at org.glassfish.jersey.internal.Errors.processWithException(Errors.java:232)
		at org.glassfish.jersey.server.ApplicationHandler.initialize(ApplicationHandler.java:292)
		at org.glassfish.jersey.server.ApplicationHandler.<init>(ApplicationHandler.java:259)
		at org.glassfish.jersey.servlet.WebComponent.<init>(WebComponent.java:311)
		at org.glassfish.jersey.servlet.ServletContainer.init(ServletContainer.java:154)
		at org.glassfish.jersey.servlet.ServletContainer.init(ServletContainer.java:347)
		at javax.servlet.GenericServlet.init(GenericServlet.java:143)
		at org.apache.catalina.core.StandardWrapper.initServlet(StandardWrapper.java:984)
		at org.apache.catalina.core.StandardWrapper.loadServlet(StandardWrapper.java:941)
		at org.apache.catalina.core.StandardWrapper.allocate(StandardWrapper.java:659)
		at org.apache.catalina.core.StandardWrapperValve.invoke(StandardWrapperValve.java:116)
		at org.apache.catalina.core.StandardContextValve.invoke(StandardContextValve.java:90)
		at org.apache.catalina.authenticator.AuthenticatorBase.invoke(AuthenticatorBase.java:482)
		at org.apache.catalina.core.StandardHostValve.invoke(StandardHostValve.java:130)
		at org.apache.catalina.valves.ErrorReportValve.invoke(ErrorReportValve.java:93)
		at org.apache.catalina.valves.AbstractAccessLogValve.invoke(AbstractAccessLogValve.java:660)
		at org.apache.catalina.core.StandardEngineValve.invoke(StandardEngineValve.java:74)
		at org.apache.catalina.connector.CoyoteAdapter.service(CoyoteAdapter.java:346)
		at org.apache.coyote.http11.Http11Processor.service(Http11Processor.java:383)
		at org.apache.coyote.AbstractProcessorLight.process(AbstractProcessorLight.java:63)
		at org.apache.coyote.AbstractProtocol$ConnectionHandler.process(AbstractProtocol.java:937)
		at org.apache.tomcat.util.net.NioEndpoint$SocketProcessor.doRun(NioEndpoint.java:1791)
		at org.apache.tomcat.util.net.SocketProcessorBase.run(SocketProcessorBase.java:52)
		at org.apache.tomcat.util.threads.ThreadPoolExecutor.runWorker(ThreadPoolExecutor.java:1190)
		at org.apache.tomcat.util.threads.ThreadPoolExecutor$Worker.run(ThreadPoolExecutor.java:659)
		at org.apache.tomcat.util.threads.TaskThread$WrappingRunnable.run(TaskThread.java:63)
		at java.base/java.lang.Thread.run(Thread.java:1575)
30-Nov-2024 08:07:28.802 SEVERE [http-nio-8080-exec-1] org.apache.catalina.core.StandardWrapperValve.invoke Excepción de reserva de espacio para servlet [MiServlet]
	org.glassfish.jersey.server.model.ModelValidationException: Validation of the application resource model has failed during application initialization.
[[FATAL] A resource model has ambiguous (sub-)resource method for HTTP method GET and input mime-types as defined by"@Consumes" and "@Produces" annotations at Java methods public javax.ws.rs.core.Response com.krakedev.inventarios.servicios.ServiciosProductos.buscarProducto(int) and public javax.ws.rs.core.Response com.krakedev.inventarios.servicios.ServiciosProductos.buscar(java.lang.String) at matching regular expression /buscarproducto/([^/]+). These two methods produces and consumes exactly the same mime-types and therefore their invocation as a resource methods will always fail.; source='org.glassfish.jersey.server.model.RuntimeResource@66d2791']
		at org.glassfish.jersey.server.ApplicationHandler.initialize(ApplicationHandler.java:371)
		at org.glassfish.jersey.server.ApplicationHandler.lambda$initialize$1(ApplicationHandler.java:293)
		at org.glassfish.jersey.internal.Errors.process(Errors.java:292)
		at org.glassfish.jersey.internal.Errors.process(Errors.java:274)
		at org.glassfish.jersey.internal.Errors.processWithException(Errors.java:232)
		at org.glassfish.jersey.server.ApplicationHandler.initialize(ApplicationHandler.java:292)
		at org.glassfish.jersey.server.ApplicationHandler.<init>(ApplicationHandler.java:259)
		at org.glassfish.jersey.servlet.WebComponent.<init>(WebComponent.java:311)
		at org.glassfish.jersey.servlet.ServletContainer.init(ServletContainer.java:154)
		at org.glassfish.jersey.servlet.ServletContainer.init(ServletContainer.java:347)
		at javax.servlet.GenericServlet.init(GenericServlet.java:143)
		at org.apache.catalina.core.StandardWrapper.initServlet(StandardWrapper.java:984)
		at org.apache.catalina.core.StandardWrapper.loadServlet(StandardWrapper.java:941)
		at org.apache.catalina.core.StandardWrapper.allocate(StandardWrapper.java:659)
		at org.apache.catalina.core.StandardWrapperValve.invoke(StandardWrapperValve.java:116)
		at org.apache.catalina.core.StandardContextValve.invoke(StandardContextValve.java:90)
		at org.apache.catalina.authenticator.AuthenticatorBase.invoke(AuthenticatorBase.java:482)
		at org.apache.catalina.core.StandardHostValve.invoke(StandardHostValve.java:130)
		at org.apache.catalina.valves.ErrorReportValve.invoke(ErrorReportValve.java:93)
		at org.apache.catalina.valves.AbstractAccessLogValve.invoke(AbstractAccessLogValve.java:660)
		at org.apache.catalina.core.StandardEngineValve.invoke(StandardEngineValve.java:74)
		at org.apache.catalina.connector.CoyoteAdapter.service(CoyoteAdapter.java:346)
		at org.apache.coyote.http11.Http11Processor.service(Http11Processor.java:383)
		at org.apache.coyote.AbstractProcessorLight.process(AbstractProcessorLight.java:63)
		at org.apache.coyote.AbstractProtocol$ConnectionHandler.process(AbstractProtocol.java:937)
		at org.apache.tomcat.util.net.NioEndpoint$SocketProcessor.doRun(NioEndpoint.java:1791)
		at org.apache.tomcat.util.net.SocketProcessorBase.run(SocketProcessorBase.java:52)
		at org.apache.tomcat.util.threads.ThreadPoolExecutor.runWorker(ThreadPoolExecutor.java:1190)
		at org.apache.tomcat.util.threads.ThreadPoolExecutor$Worker.run(ThreadPoolExecutor.java:659)
		at org.apache.tomcat.util.threads.TaskThread$WrappingRunnable.run(TaskThread.java:63)
		at java.base/java.lang.Thread.run(Thread.java:1575)
30-Nov-2024 08:09:41.862 SEVERE [http-nio-8080-exec-3] org.apache.catalina.core.ApplicationContext.log Servlet.init() para servlet [MiServlet] lanzó excepción
	org.glassfish.jersey.server.model.ModelValidationException: Validation of the application resource model has failed during application initialization.
[[FATAL] A resource model has ambiguous (sub-)resource method for HTTP method GET and input mime-types as defined by"@Consumes" and "@Produces" annotations at Java methods public javax.ws.rs.core.Response com.krakedev.inventarios.servicios.ServiciosProductos.buscarProducto(int) and public javax.ws.rs.core.Response com.krakedev.inventarios.servicios.ServiciosProductos.buscar(java.lang.String) at matching regular expression /buscarproducto/([^/]+). These two methods produces and consumes exactly the same mime-types and therefore their invocation as a resource methods will always fail.; source='org.glassfish.jersey.server.model.RuntimeResource@4faa9bb5']
		at org.glassfish.jersey.server.ApplicationHandler.initialize(ApplicationHandler.java:371)
		at org.glassfish.jersey.server.ApplicationHandler.lambda$initialize$1(ApplicationHandler.java:293)
		at org.glassfish.jersey.internal.Errors.process(Errors.java:292)
		at org.glassfish.jersey.internal.Errors.process(Errors.java:274)
		at org.glassfish.jersey.internal.Errors.processWithException(Errors.java:232)
		at org.glassfish.jersey.server.ApplicationHandler.initialize(ApplicationHandler.java:292)
		at org.glassfish.jersey.server.ApplicationHandler.<init>(ApplicationHandler.java:259)
		at org.glassfish.jersey.servlet.WebComponent.<init>(WebComponent.java:311)
		at org.glassfish.jersey.servlet.ServletContainer.init(ServletContainer.java:154)
		at org.glassfish.jersey.servlet.ServletContainer.init(ServletContainer.java:347)
		at javax.servlet.GenericServlet.init(GenericServlet.java:143)
		at org.apache.catalina.core.StandardWrapper.initServlet(StandardWrapper.java:984)
		at org.apache.catalina.core.StandardWrapper.loadServlet(StandardWrapper.java:941)
		at org.apache.catalina.core.StandardWrapper.allocate(StandardWrapper.java:659)
		at org.apache.catalina.core.StandardWrapperValve.invoke(StandardWrapperValve.java:116)
		at org.apache.catalina.core.StandardContextValve.invoke(StandardContextValve.java:90)
		at org.apache.catalina.authenticator.AuthenticatorBase.invoke(AuthenticatorBase.java:482)
		at org.apache.catalina.core.StandardHostValve.invoke(StandardHostValve.java:130)
		at org.apache.catalina.valves.ErrorReportValve.invoke(ErrorReportValve.java:93)
		at org.apache.catalina.valves.AbstractAccessLogValve.invoke(AbstractAccessLogValve.java:660)
		at org.apache.catalina.core.StandardEngineValve.invoke(StandardEngineValve.java:74)
		at org.apache.catalina.connector.CoyoteAdapter.service(CoyoteAdapter.java:346)
		at org.apache.coyote.http11.Http11Processor.service(Http11Processor.java:383)
		at org.apache.coyote.AbstractProcessorLight.process(AbstractProcessorLight.java:63)
		at org.apache.coyote.AbstractProtocol$ConnectionHandler.process(AbstractProtocol.java:937)
		at org.apache.tomcat.util.net.NioEndpoint$SocketProcessor.doRun(NioEndpoint.java:1791)
		at org.apache.tomcat.util.net.SocketProcessorBase.run(SocketProcessorBase.java:52)
		at org.apache.tomcat.util.threads.ThreadPoolExecutor.runWorker(ThreadPoolExecutor.java:1190)
		at org.apache.tomcat.util.threads.ThreadPoolExecutor$Worker.run(ThreadPoolExecutor.java:659)
		at org.apache.tomcat.util.threads.TaskThread$WrappingRunnable.run(TaskThread.java:63)
		at java.base/java.lang.Thread.run(Thread.java:1575)
30-Nov-2024 08:09:41.870 SEVERE [http-nio-8080-exec-3] org.apache.catalina.core.StandardWrapperValve.invoke Excepción de reserva de espacio para servlet [MiServlet]
	org.glassfish.jersey.server.model.ModelValidationException: Validation of the application resource model has failed during application initialization.
[[FATAL] A resource model has ambiguous (sub-)resource method for HTTP method GET and input mime-types as defined by"@Consumes" and "@Produces" annotations at Java methods public javax.ws.rs.core.Response com.krakedev.inventarios.servicios.ServiciosProductos.buscarProducto(int) and public javax.ws.rs.core.Response com.krakedev.inventarios.servicios.ServiciosProductos.buscar(java.lang.String) at matching regular expression /buscarproducto/([^/]+). These two methods produces and consumes exactly the same mime-types and therefore their invocation as a resource methods will always fail.; source='org.glassfish.jersey.server.model.RuntimeResource@4faa9bb5']
		at org.glassfish.jersey.server.ApplicationHandler.initialize(ApplicationHandler.java:371)
		at org.glassfish.jersey.server.ApplicationHandler.lambda$initialize$1(ApplicationHandler.java:293)
		at org.glassfish.jersey.internal.Errors.process(Errors.java:292)
		at org.glassfish.jersey.internal.Errors.process(Errors.java:274)
		at org.glassfish.jersey.internal.Errors.processWithException(Errors.java:232)
		at org.glassfish.jersey.server.ApplicationHandler.initialize(ApplicationHandler.java:292)
		at org.glassfish.jersey.server.ApplicationHandler.<init>(ApplicationHandler.java:259)
		at org.glassfish.jersey.servlet.WebComponent.<init>(WebComponent.java:311)
		at org.glassfish.jersey.servlet.ServletContainer.init(ServletContainer.java:154)
		at org.glassfish.jersey.servlet.ServletContainer.init(ServletContainer.java:347)
		at javax.servlet.GenericServlet.init(GenericServlet.java:143)
		at org.apache.catalina.core.StandardWrapper.initServlet(StandardWrapper.java:984)
		at org.apache.catalina.core.StandardWrapper.loadServlet(StandardWrapper.java:941)
		at org.apache.catalina.core.StandardWrapper.allocate(StandardWrapper.java:659)
		at org.apache.catalina.core.StandardWrapperValve.invoke(StandardWrapperValve.java:116)
		at org.apache.catalina.core.StandardContextValve.invoke(StandardContextValve.java:90)
		at org.apache.catalina.authenticator.AuthenticatorBase.invoke(AuthenticatorBase.java:482)
		at org.apache.catalina.core.StandardHostValve.invoke(StandardHostValve.java:130)
		at org.apache.catalina.valves.ErrorReportValve.invoke(ErrorReportValve.java:93)
		at org.apache.catalina.valves.AbstractAccessLogValve.invoke(AbstractAccessLogValve.java:660)
		at org.apache.catalina.core.StandardEngineValve.invoke(StandardEngineValve.java:74)
		at org.apache.catalina.connector.CoyoteAdapter.service(CoyoteAdapter.java:346)
		at org.apache.coyote.http11.Http11Processor.service(Http11Processor.java:383)
		at org.apache.coyote.AbstractProcessorLight.process(AbstractProcessorLight.java:63)
		at org.apache.coyote.AbstractProtocol$ConnectionHandler.process(AbstractProtocol.java:937)
		at org.apache.tomcat.util.net.NioEndpoint$SocketProcessor.doRun(NioEndpoint.java:1791)
		at org.apache.tomcat.util.net.SocketProcessorBase.run(SocketProcessorBase.java:52)
		at org.apache.tomcat.util.threads.ThreadPoolExecutor.runWorker(ThreadPoolExecutor.java:1190)
		at org.apache.tomcat.util.threads.ThreadPoolExecutor$Worker.run(ThreadPoolExecutor.java:659)
		at org.apache.tomcat.util.threads.TaskThread$WrappingRunnable.run(TaskThread.java:63)
		at java.base/java.lang.Thread.run(Thread.java:1575)
30-Nov-2024 08:09:42.126 SEVERE [http-nio-8080-exec-4] org.apache.catalina.core.ApplicationContext.log Servlet.init() para servlet [MiServlet] lanzó excepción
	org.glassfish.jersey.server.model.ModelValidationException: Validation of the application resource model has failed during application initialization.
[[FATAL] A resource model has ambiguous (sub-)resource method for HTTP method GET and input mime-types as defined by"@Consumes" and "@Produces" annotations at Java methods public javax.ws.rs.core.Response com.krakedev.inventarios.servicios.ServiciosProductos.buscarProducto(int) and public javax.ws.rs.core.Response com.krakedev.inventarios.servicios.ServiciosProductos.buscar(java.lang.String) at matching regular expression /buscarproducto/([^/]+). These two methods produces and consumes exactly the same mime-types and therefore their invocation as a resource methods will always fail.; source='org.glassfish.jersey.server.model.RuntimeResource@7dfb9ecc']
		at org.glassfish.jersey.server.ApplicationHandler.initialize(ApplicationHandler.java:371)
		at org.glassfish.jersey.server.ApplicationHandler.lambda$initialize$1(ApplicationHandler.java:293)
		at org.glassfish.jersey.internal.Errors.process(Errors.java:292)
		at org.glassfish.jersey.internal.Errors.process(Errors.java:274)
		at org.glassfish.jersey.internal.Errors.processWithException(Errors.java:232)
		at org.glassfish.jersey.server.ApplicationHandler.initialize(ApplicationHandler.java:292)
		at org.glassfish.jersey.server.ApplicationHandler.<init>(ApplicationHandler.java:259)
		at org.glassfish.jersey.servlet.WebComponent.<init>(WebComponent.java:311)
		at org.glassfish.jersey.servlet.ServletContainer.init(ServletContainer.java:154)
		at org.glassfish.jersey.servlet.ServletContainer.init(ServletContainer.java:347)
		at javax.servlet.GenericServlet.init(GenericServlet.java:143)
		at org.apache.catalina.core.StandardWrapper.initServlet(StandardWrapper.java:984)
		at org.apache.catalina.core.StandardWrapper.loadServlet(StandardWrapper.java:941)
		at org.apache.catalina.core.StandardWrapper.allocate(StandardWrapper.java:659)
		at org.apache.catalina.core.StandardWrapperValve.invoke(StandardWrapperValve.java:116)
		at org.apache.catalina.core.StandardContextValve.invoke(StandardContextValve.java:90)
		at org.apache.catalina.authenticator.AuthenticatorBase.invoke(AuthenticatorBase.java:482)
		at org.apache.catalina.core.StandardHostValve.invoke(StandardHostValve.java:130)
		at org.apache.catalina.valves.ErrorReportValve.invoke(ErrorReportValve.java:93)
		at org.apache.catalina.valves.AbstractAccessLogValve.invoke(AbstractAccessLogValve.java:660)
		at org.apache.catalina.core.StandardEngineValve.invoke(StandardEngineValve.java:74)
		at org.apache.catalina.connector.CoyoteAdapter.service(CoyoteAdapter.java:346)
		at org.apache.coyote.http11.Http11Processor.service(Http11Processor.java:383)
		at org.apache.coyote.AbstractProcessorLight.process(AbstractProcessorLight.java:63)
		at org.apache.coyote.AbstractProtocol$ConnectionHandler.process(AbstractProtocol.java:937)
		at org.apache.tomcat.util.net.NioEndpoint$SocketProcessor.doRun(NioEndpoint.java:1791)
		at org.apache.tomcat.util.net.SocketProcessorBase.run(SocketProcessorBase.java:52)
		at org.apache.tomcat.util.threads.ThreadPoolExecutor.runWorker(ThreadPoolExecutor.java:1190)
		at org.apache.tomcat.util.threads.ThreadPoolExecutor$Worker.run(ThreadPoolExecutor.java:659)
		at org.apache.tomcat.util.threads.TaskThread$WrappingRunnable.run(TaskThread.java:63)
		at java.base/java.lang.Thread.run(Thread.java:1575)
30-Nov-2024 08:09:42.141 SEVERE [http-nio-8080-exec-4] org.apache.catalina.core.StandardWrapperValve.invoke Excepción de reserva de espacio para servlet [MiServlet]
	org.glassfish.jersey.server.model.ModelValidationException: Validation of the application resource model has failed during application initialization.
[[FATAL] A resource model has ambiguous (sub-)resource method for HTTP method GET and input mime-types as defined by"@Consumes" and "@Produces" annotations at Java methods public javax.ws.rs.core.Response com.krakedev.inventarios.servicios.ServiciosProductos.buscarProducto(int) and public javax.ws.rs.core.Response com.krakedev.inventarios.servicios.ServiciosProductos.buscar(java.lang.String) at matching regular expression /buscarproducto/([^/]+). These two methods produces and consumes exactly the same mime-types and therefore their invocation as a resource methods will always fail.; source='org.glassfish.jersey.server.model.RuntimeResource@7dfb9ecc']
		at org.glassfish.jersey.server.ApplicationHandler.initialize(ApplicationHandler.java:371)
		at org.glassfish.jersey.server.ApplicationHandler.lambda$initialize$1(ApplicationHandler.java:293)
		at org.glassfish.jersey.internal.Errors.process(Errors.java:292)
		at org.glassfish.jersey.internal.Errors.process(Errors.java:274)
		at org.glassfish.jersey.internal.Errors.processWithException(Errors.java:232)
		at org.glassfish.jersey.server.ApplicationHandler.initialize(ApplicationHandler.java:292)
		at org.glassfish.jersey.server.ApplicationHandler.<init>(ApplicationHandler.java:259)
		at org.glassfish.jersey.servlet.WebComponent.<init>(WebComponent.java:311)
		at org.glassfish.jersey.servlet.ServletContainer.init(ServletContainer.java:154)
		at org.glassfish.jersey.servlet.ServletContainer.init(ServletContainer.java:347)
		at javax.servlet.GenericServlet.init(GenericServlet.java:143)
		at org.apache.catalina.core.StandardWrapper.initServlet(StandardWrapper.java:984)
		at org.apache.catalina.core.StandardWrapper.loadServlet(StandardWrapper.java:941)
		at org.apache.catalina.core.StandardWrapper.allocate(StandardWrapper.java:659)
		at org.apache.catalina.core.StandardWrapperValve.invoke(StandardWrapperValve.java:116)
		at org.apache.catalina.core.StandardContextValve.invoke(StandardContextValve.java:90)
		at org.apache.catalina.authenticator.AuthenticatorBase.invoke(AuthenticatorBase.java:482)
		at org.apache.catalina.core.StandardHostValve.invoke(StandardHostValve.java:130)
		at org.apache.catalina.valves.ErrorReportValve.invoke(ErrorReportValve.java:93)
		at org.apache.catalina.valves.AbstractAccessLogValve.invoke(AbstractAccessLogValve.java:660)
		at org.apache.catalina.core.StandardEngineValve.invoke(StandardEngineValve.java:74)
		at org.apache.catalina.connector.CoyoteAdapter.service(CoyoteAdapter.java:346)
		at org.apache.coyote.http11.Http11Processor.service(Http11Processor.java:383)
		at org.apache.coyote.AbstractProcessorLight.process(AbstractProcessorLight.java:63)
		at org.apache.coyote.AbstractProtocol$ConnectionHandler.process(AbstractProtocol.java:937)
		at org.apache.tomcat.util.net.NioEndpoint$SocketProcessor.doRun(NioEndpoint.java:1791)
		at org.apache.tomcat.util.net.SocketProcessorBase.run(SocketProcessorBase.java:52)
		at org.apache.tomcat.util.threads.ThreadPoolExecutor.runWorker(ThreadPoolExecutor.java:1190)
		at org.apache.tomcat.util.threads.ThreadPoolExecutor$Worker.run(ThreadPoolExecutor.java:659)
		at org.apache.tomcat.util.threads.TaskThread$WrappingRunnable.run(TaskThread.java:63)
		at java.base/java.lang.Thread.run(Thread.java:1575)
30-Nov-2024 08:09:42.447 SEVERE [http-nio-8080-exec-2] org.apache.catalina.core.ApplicationContext.log Servlet.init() para servlet [MiServlet] lanzó excepción
	org.glassfish.jersey.server.model.ModelValidationException: Validation of the application resource model has failed during application initialization.
[[FATAL] A resource model has ambiguous (sub-)resource method for HTTP method GET and input mime-types as defined by"@Consumes" and "@Produces" annotations at Java methods public javax.ws.rs.core.Response com.krakedev.inventarios.servicios.ServiciosProductos.buscarProducto(int) and public javax.ws.rs.core.Response com.krakedev.inventarios.servicios.ServiciosProductos.buscar(java.lang.String) at matching regular expression /buscarproducto/([^/]+). These two methods produces and consumes exactly the same mime-types and therefore their invocation as a resource methods will always fail.; source='org.glassfish.jersey.server.model.RuntimeResource@2b9d162']
		at org.glassfish.jersey.server.ApplicationHandler.initialize(ApplicationHandler.java:371)
		at org.glassfish.jersey.server.ApplicationHandler.lambda$initialize$1(ApplicationHandler.java:293)
		at org.glassfish.jersey.internal.Errors.process(Errors.java:292)
		at org.glassfish.jersey.internal.Errors.process(Errors.java:274)
		at org.glassfish.jersey.internal.Errors.processWithException(Errors.java:232)
		at org.glassfish.jersey.server.ApplicationHandler.initialize(ApplicationHandler.java:292)
		at org.glassfish.jersey.server.ApplicationHandler.<init>(ApplicationHandler.java:259)
		at org.glassfish.jersey.servlet.WebComponent.<init>(WebComponent.java:311)
		at org.glassfish.jersey.servlet.ServletContainer.init(ServletContainer.java:154)
		at org.glassfish.jersey.servlet.ServletContainer.init(ServletContainer.java:347)
		at javax.servlet.GenericServlet.init(GenericServlet.java:143)
		at org.apache.catalina.core.StandardWrapper.initServlet(StandardWrapper.java:984)
		at org.apache.catalina.core.StandardWrapper.loadServlet(StandardWrapper.java:941)
		at org.apache.catalina.core.StandardWrapper.allocate(StandardWrapper.java:659)
		at org.apache.catalina.core.StandardWrapperValve.invoke(StandardWrapperValve.java:116)
		at org.apache.catalina.core.StandardContextValve.invoke(StandardContextValve.java:90)
		at org.apache.catalina.authenticator.AuthenticatorBase.invoke(AuthenticatorBase.java:482)
		at org.apache.catalina.core.StandardHostValve.invoke(StandardHostValve.java:130)
		at org.apache.catalina.valves.ErrorReportValve.invoke(ErrorReportValve.java:93)
		at org.apache.catalina.valves.AbstractAccessLogValve.invoke(AbstractAccessLogValve.java:660)
		at org.apache.catalina.core.StandardEngineValve.invoke(StandardEngineValve.java:74)
		at org.apache.catalina.connector.CoyoteAdapter.service(CoyoteAdapter.java:346)
		at org.apache.coyote.http11.Http11Processor.service(Http11Processor.java:383)
		at org.apache.coyote.AbstractProcessorLight.process(AbstractProcessorLight.java:63)
		at org.apache.coyote.AbstractProtocol$ConnectionHandler.process(AbstractProtocol.java:937)
		at org.apache.tomcat.util.net.NioEndpoint$SocketProcessor.doRun(NioEndpoint.java:1791)
		at org.apache.tomcat.util.net.SocketProcessorBase.run(SocketProcessorBase.java:52)
		at org.apache.tomcat.util.threads.ThreadPoolExecutor.runWorker(ThreadPoolExecutor.java:1190)
		at org.apache.tomcat.util.threads.ThreadPoolExecutor$Worker.run(ThreadPoolExecutor.java:659)
		at org.apache.tomcat.util.threads.TaskThread$WrappingRunnable.run(TaskThread.java:63)
		at java.base/java.lang.Thread.run(Thread.java:1575)
30-Nov-2024 08:09:42.452 SEVERE [http-nio-8080-exec-2] org.apache.catalina.core.StandardWrapperValve.invoke Excepción de reserva de espacio para servlet [MiServlet]
	org.glassfish.jersey.server.model.ModelValidationException: Validation of the application resource model has failed during application initialization.
[[FATAL] A resource model has ambiguous (sub-)resource method for HTTP method GET and input mime-types as defined by"@Consumes" and "@Produces" annotations at Java methods public javax.ws.rs.core.Response com.krakedev.inventarios.servicios.ServiciosProductos.buscarProducto(int) and public javax.ws.rs.core.Response com.krakedev.inventarios.servicios.ServiciosProductos.buscar(java.lang.String) at matching regular expression /buscarproducto/([^/]+). These two methods produces and consumes exactly the same mime-types and therefore their invocation as a resource methods will always fail.; source='org.glassfish.jersey.server.model.RuntimeResource@2b9d162']
		at org.glassfish.jersey.server.ApplicationHandler.initialize(ApplicationHandler.java:371)
		at org.glassfish.jersey.server.ApplicationHandler.lambda$initialize$1(ApplicationHandler.java:293)
		at org.glassfish.jersey.internal.Errors.process(Errors.java:292)
		at org.glassfish.jersey.internal.Errors.process(Errors.java:274)
		at org.glassfish.jersey.internal.Errors.processWithException(Errors.java:232)
		at org.glassfish.jersey.server.ApplicationHandler.initialize(ApplicationHandler.java:292)
		at org.glassfish.jersey.server.ApplicationHandler.<init>(ApplicationHandler.java:259)
		at org.glassfish.jersey.servlet.WebComponent.<init>(WebComponent.java:311)
		at org.glassfish.jersey.servlet.ServletContainer.init(ServletContainer.java:154)
		at org.glassfish.jersey.servlet.ServletContainer.init(ServletContainer.java:347)
		at javax.servlet.GenericServlet.init(GenericServlet.java:143)
		at org.apache.catalina.core.StandardWrapper.initServlet(StandardWrapper.java:984)
		at org.apache.catalina.core.StandardWrapper.loadServlet(StandardWrapper.java:941)
		at org.apache.catalina.core.StandardWrapper.allocate(StandardWrapper.java:659)
		at org.apache.catalina.core.StandardWrapperValve.invoke(StandardWrapperValve.java:116)
		at org.apache.catalina.core.StandardContextValve.invoke(StandardContextValve.java:90)
		at org.apache.catalina.authenticator.AuthenticatorBase.invoke(AuthenticatorBase.java:482)
		at org.apache.catalina.core.StandardHostValve.invoke(StandardHostValve.java:130)
		at org.apache.catalina.valves.ErrorReportValve.invoke(ErrorReportValve.java:93)
		at org.apache.catalina.valves.AbstractAccessLogValve.invoke(AbstractAccessLogValve.java:660)
		at org.apache.catalina.core.StandardEngineValve.invoke(StandardEngineValve.java:74)
		at org.apache.catalina.connector.CoyoteAdapter.service(CoyoteAdapter.java:346)
		at org.apache.coyote.http11.Http11Processor.service(Http11Processor.java:383)
		at org.apache.coyote.AbstractProcessorLight.process(AbstractProcessorLight.java:63)
		at org.apache.coyote.AbstractProtocol$ConnectionHandler.process(AbstractProtocol.java:937)
		at org.apache.tomcat.util.net.NioEndpoint$SocketProcessor.doRun(NioEndpoint.java:1791)
		at org.apache.tomcat.util.net.SocketProcessorBase.run(SocketProcessorBase.java:52)
		at org.apache.tomcat.util.threads.ThreadPoolExecutor.runWorker(ThreadPoolExecutor.java:1190)
		at org.apache.tomcat.util.threads.ThreadPoolExecutor$Worker.run(ThreadPoolExecutor.java:659)
		at org.apache.tomcat.util.threads.TaskThread$WrappingRunnable.run(TaskThread.java:63)
		at java.base/java.lang.Thread.run(Thread.java:1575)
30-Nov-2024 08:13:56.840 INFO [main] org.apache.catalina.core.ApplicationContext.log ContextListener: contextInitialized()
30-Nov-2024 08:13:56.841 INFO [main] org.apache.catalina.core.ApplicationContext.log SessionListener: contextInitialized()
30-Nov-2024 08:13:56.847 INFO [main] org.apache.catalina.core.ApplicationContext.log ContextListener: attributeAdded('StockTicker', 'async.Stockticker@21af88c6')
30-Nov-2024 08:18:53.214 INFO [main] org.apache.catalina.core.ApplicationContext.log ContextListener: contextInitialized()
30-Nov-2024 08:18:53.215 INFO [main] org.apache.catalina.core.ApplicationContext.log SessionListener: contextInitialized()
30-Nov-2024 08:18:53.221 INFO [main] org.apache.catalina.core.ApplicationContext.log ContextListener: attributeAdded('StockTicker', 'async.Stockticker@238aff5d')
30-Nov-2024 08:21:11.325 INFO [main] org.apache.catalina.core.ApplicationContext.log ContextListener: contextInitialized()
30-Nov-2024 08:21:11.326 INFO [main] org.apache.catalina.core.ApplicationContext.log SessionListener: contextInitialized()
30-Nov-2024 08:21:11.332 INFO [main] org.apache.catalina.core.ApplicationContext.log ContextListener: attributeAdded('StockTicker', 'async.Stockticker@264a1770')
30-Nov-2024 08:24:04.477 INFO [main] org.apache.catalina.core.ApplicationContext.log ContextListener: contextInitialized()
30-Nov-2024 08:24:04.478 INFO [main] org.apache.catalina.core.ApplicationContext.log SessionListener: contextInitialized()
30-Nov-2024 08:24:04.489 INFO [main] org.apache.catalina.core.ApplicationContext.log ContextListener: attributeAdded('StockTicker', 'async.Stockticker@14d4aefc')
30-Nov-2024 08:28:57.553 INFO [main] org.apache.catalina.core.ApplicationContext.log ContextListener: contextInitialized()
30-Nov-2024 08:28:57.554 INFO [main] org.apache.catalina.core.ApplicationContext.log SessionListener: contextInitialized()
30-Nov-2024 08:28:57.560 INFO [main] org.apache.catalina.core.ApplicationContext.log ContextListener: attributeAdded('StockTicker', 'async.Stockticker@5917446d')
30-Nov-2024 08:32:24.188 INFO [main] org.apache.catalina.core.ApplicationContext.log ContextListener: contextInitialized()
30-Nov-2024 08:32:24.188 INFO [main] org.apache.catalina.core.ApplicationContext.log SessionListener: contextInitialized()
30-Nov-2024 08:32:24.196 INFO [main] org.apache.catalina.core.ApplicationContext.log ContextListener: attributeAdded('StockTicker', 'async.Stockticker@3a40bc06')
30-Nov-2024 08:50:51.011 INFO [main] org.apache.catalina.core.ApplicationContext.log ContextListener: contextInitialized()
30-Nov-2024 08:50:51.014 INFO [main] org.apache.catalina.core.ApplicationContext.log SessionListener: contextInitialized()
30-Nov-2024 08:50:51.022 INFO [main] org.apache.catalina.core.ApplicationContext.log ContextListener: attributeAdded('StockTicker', 'async.Stockticker@3d0175d7')
